Log file open, 07/15/20 22:31:14
LogWindows: Failed to load 'aqProf.dll' (GetLastError=126)
LogWindows: File 'aqProf.dll' does not exist
LogWindows: Failed to load 'VtuneApi.dll' (GetLastError=126)
LogWindows: File 'VtuneApi.dll' does not exist
LogWindows: Failed to load 'VtuneApi32e.dll' (GetLastError=126)
LogWindows: File 'VtuneApi32e.dll' does not exist
LogInit: Display: Running engine for game: Nasir
LogPlatformFile: Not using cached read wrapper
LogInit: Display: RandInit(787307998) SRandInit(787307998).
LogInit: Read version file with build ID '3709383'
LogInit: Overriding engine version to CL 3832480, compatible CL 3709383
LogInit: Registered custom module enumerator with build ID '3709383'
LogTaskGraph: Started task graph with 5 named threads and 14 total threads with 3 sets of task threads.
LogStats: Stats thread started at 0.188501
LogD3D11RHI: Aftermath initialized
LogModuleManager: Display: Found up-to-date module file ../../../Engine/Plugins/FMODStudio/Binaries/Win64/UE4Editor-FMODStudio.dll (API version 3709383).
LogModuleManager: Display: Found up-to-date module file ../../../Engine/Plugins/FMODStudio/Binaries/Win64/UE4Editor-FMODStudioEditor.dll (API version 3709383).
LogModuleManager: Display: Found up-to-date module file ../../../Engine/Plugins/2D/Paper2D/Binaries/Win64/UE4Editor-Paper2D.dll (API version 3709383).
LogModuleManager: Display: Found up-to-date module file ../../../Engine/Plugins/2D/Paper2D/Binaries/Win64/UE4Editor-Paper2DEditor.dll (API version 3709383).
LogModuleManager: Display: Found up-to-date module file ../../../Engine/Plugins/2D/Paper2D/Binaries/Win64/UE4Editor-PaperSpriteSheetImporter.dll (API version 3709383).
LogModuleManager: Display: Found up-to-date module file ../../../Engine/Plugins/2D/Paper2D/Binaries/Win64/UE4Editor-PaperTiledImporter.dll (API version 3709383).
LogModuleManager: Display: Found up-to-date module file ../../../Engine/Plugins/2D/Paper2D/Binaries/Win64/UE4Editor-SmartSnapping.dll (API version 3709383).
LogModuleManager: Display: Found up-to-date module file ../../../Engine/Plugins/Blendables/LightPropagationVolume/Binaries/Win64/UE4Editor-LightPropagationVolumeRuntime.dll (API version 3709383).
LogModuleManager: Display: Found up-to-date module file ../../../Engine/Plugins/Blendables/LightPropagationVolume/Binaries/Win64/UE4Editor-LightPropagationVolumeEditor.dll (API version 3709383).
LogModuleManager: Display: Found up-to-date module file ../../../Engine/Plugins/Developer/GitSourceControl/Binaries/Win64/UE4Editor-GitSourceControl.dll (API version 3709383).
LogModuleManager: Display: Found up-to-date module file ../../../Engine/Plugins/Developer/PerforceSourceControl/Binaries/Win64/UE4Editor-PerforceSourceControl.dll (API version 3709383).
LogModuleManager: Display: Found up-to-date module file ../../../Engine/Plugins/Developer/SubversionSourceControl/Binaries/Win64/UE4Editor-SubversionSourceControl.dll (API version 3709383).
LogModuleManager: Display: Found up-to-date module file ../../../Engine/Plugins/Developer/UObjectPlugin/Binaries/Win64/UE4Editor-UObjectPlugin.dll (API version 3709383).
LogModuleManager: Display: Found up-to-date module file ../../../Engine/Plugins/Developer/VisualStudioCodeSourceCodeAccess/Binaries/Win64/UE4Editor-VisualStudioCodeSourceCodeAccess.dll (API version 3709383).
LogModuleManager: Display: Found up-to-date module file ../../../Engine/Plugins/Developer/VisualStudioSourceCodeAccess/Binaries/Win64/UE4Editor-VisualStudioSourceCodeAccess.dll (API version 3709383).
LogModuleManager: Display: Found up-to-date module file ../../../Engine/Plugins/Editor/AssetManagerEditor/Binaries/Win64/UE4Editor-AssetManagerEditor.dll (API version 3709383).
LogModuleManager: Display: Found up-to-date module file ../../../Engine/Plugins/Editor/AudioCapture/Binaries/Win64/UE4Editor-AudioCapture.dll (API version 3709383).
LogModuleManager: Display: Found up-to-date module file ../../../Engine/Plugins/Editor/FacialAnimation/Binaries/Win64/UE4Editor-FacialAnimation.dll (API version 3709383).
LogModuleManager: Display: Found up-to-date module file ../../../Engine/Plugins/Editor/FacialAnimation/Binaries/Win64/UE4Editor-FacialAnimationEditor.dll (API version 3709383).
LogModuleManager: Display: Found up-to-date module file ../../../Engine/Plugins/Editor/GameplayTagsEditor/Binaries/Win64/UE4Editor-GameplayTagsEditor.dll (API version 3709383).
LogModuleManager: Display: Found up-to-date module file ../../../Engine/Plugins/Editor/MobileLauncherProfileWizard/Binaries/Win64/UE4Editor-MobileLauncherProfileWizard.dll (API version 3709383).
LogModuleManager: Display: Found up-to-date module file ../../../Engine/Plugins/Editor/PluginBrowser/Binaries/Win64/UE4Editor-PluginBrowser.dll (API version 3709383).
LogModuleManager: Display: Found up-to-date module file ../../../Engine/Plugins/Editor/SpeedTreeImporter/Binaries/Win64/UE4Editor-SpeedTreeImporter.dll (API version 3709383).
LogModuleManager: Display: Found up-to-date module file ../../../Engine/Plugins/Experimental/AlembicImporter/Binaries/Win64/UE4Editor-AlembicImporter.dll (API version 3709383).
LogModuleManager: Display: Found up-to-date module file ../../../Engine/Plugins/Experimental/AlembicImporter/Binaries/Win64/UE4Editor-AlembicLibrary.dll (API version 3709383).
LogModuleManager: Display: Found up-to-date module file ../../../Engine/Plugins/Experimental/CharacterAI/Binaries/Win64/UE4Editor-CharacterAI.dll (API version 3709383).
LogModuleManager: Display: Found up-to-date module file ../../../Engine/Plugins/Experimental/HTML5Networking/Binaries/Win64/UE4Editor-HTML5Networking.dll (API version 3709383).
LogModuleManager: Display: Found up-to-date module file ../../../Engine/Plugins/Media/AndroidMedia/Binaries/Win64/UE4Editor-AndroidMediaEditor.dll (API version 3709383).
LogModuleManager: Display: Found up-to-date module file ../../../Engine/Plugins/Media/AndroidMedia/Binaries/Win64/UE4Editor-AndroidMediaFactory.dll (API version 3709383).
LogModuleManager: Display: Found up-to-date module file ../../../Engine/Plugins/Media/AvfMedia/Binaries/Win64/UE4Editor-AvfMediaEditor.dll (API version 3709383).
LogModuleManager: Display: Found up-to-date module file ../../../Engine/Plugins/Media/AvfMedia/Binaries/Win64/UE4Editor-AvfMediaFactory.dll (API version 3709383).
LogModuleManager: Display: Found up-to-date module file ../../../Engine/Plugins/Media/AvfMedia/Binaries/Win64/UE4Editor-AvfMediaFactory.dll (API version 3709383).
LogModuleManager: Display: Found up-to-date module file ../../../Engine/Plugins/Media/ImgMedia/Binaries/Win64/UE4Editor-ImgMedia.dll (API version 3709383).
LogModuleManager: Display: Found up-to-date module file ../../../Engine/Plugins/Media/ImgMedia/Binaries/Win64/UE4Editor-ImgMediaEditor.dll (API version 3709383).
LogModuleManager: Display: Found up-to-date module file ../../../Engine/Plugins/Media/ImgMedia/Binaries/Win64/UE4Editor-ImgMediaFactory.dll (API version 3709383).
LogModuleManager: Display: Found up-to-date module file ../../../Engine/Plugins/Media/ImgMedia/Binaries/Win64/UE4Editor-ImgMediaFactory.dll (API version 3709383).
LogModuleManager: Display: Found up-to-date module file ../../../Engine/Plugins/Media/ImgMedia/Binaries/Win64/UE4Editor-OpenExrWrapper.dll (API version 3709383).
LogModuleManager: Display: Found up-to-date module file ../../../Engine/Plugins/Media/MediaCompositing/Binaries/Win64/UE4Editor-MediaCompositing.dll (API version 3709383).
LogModuleManager: Display: Found up-to-date module file ../../../Engine/Plugins/Media/MediaCompositing/Binaries/Win64/UE4Editor-MediaCompositingEditor.dll (API version 3709383).
LogModuleManager: Display: Found up-to-date module file ../../../Engine/Plugins/Media/MediaPlayerEditor/Binaries/Win64/UE4Editor-MediaPlayerEditor.dll (API version 3709383).
LogModuleManager: Display: Found up-to-date module file ../../../Engine/Plugins/Media/WmfMedia/Binaries/Win64/UE4Editor-WmfMedia.dll (API version 3709383).
LogModuleManager: Display: Found up-to-date module file ../../../Engine/Plugins/Media/WmfMedia/Binaries/Win64/UE4Editor-WmfMediaEditor.dll (API version 3709383).
LogModuleManager: Display: Found up-to-date module file ../../../Engine/Plugins/Media/WmfMedia/Binaries/Win64/UE4Editor-WmfMediaFactory.dll (API version 3709383).
LogModuleManager: Display: Found up-to-date module file ../../../Engine/Plugins/Media/WmfMedia/Binaries/Win64/UE4Editor-WmfMediaFactory.dll (API version 3709383).
LogModuleManager: Display: Found up-to-date module file ../../../Engine/Plugins/Messaging/TcpMessaging/Binaries/Win64/UE4Editor-TcpMessaging.dll (API version 3709383).
LogModuleManager: Display: Found up-to-date module file ../../../Engine/Plugins/Messaging/UdpMessaging/Binaries/Win64/UE4Editor-UdpMessaging.dll (API version 3709383).
LogModuleManager: Display: Found up-to-date module file ../../../Engine/Plugins/MovieScene/ActorSequence/Binaries/Win64/UE4Editor-ActorSequence.dll (API version 3709383).
LogModuleManager: Display: Found up-to-date module file ../../../Engine/Plugins/MovieScene/LevelSequenceEditor/Binaries/Win64/UE4Editor-LevelSequenceEditor.dll (API version 3709383).
LogModuleManager: Display: Found up-to-date module file ../../../Engine/Plugins/MovieScene/MatineeToLevelSequence/Binaries/Win64/UE4Editor-MatineeToLevelSequence.dll (API version 3709383).
LogModuleManager: Display: Found up-to-date module file ../../../Engine/Plugins/Online/OnlineSubsystem/Binaries/Win64/UE4Editor-OnlineSubsystem.dll (API version 3709383).
LogModuleManager: Display: Found up-to-date module file ../../../Engine/Plugins/Runtime/AndroidPermission/Binaries/Win64/UE4Editor-AndroidPermission.dll (API version 3709383).
LogModuleManager: Display: Found up-to-date module file ../../../Engine/Plugins/Online/OnlineSubsystemNull/Binaries/Win64/UE4Editor-OnlineSubsystemNull.dll (API version 3709383).
LogModuleManager: Display: Found up-to-date module file ../../../Engine/Plugins/Online/OnlineSubsystemUtils/Binaries/Win64/UE4Editor-OnlineSubsystemUtils.dll (API version 3709383).
LogModuleManager: Display: Found up-to-date module file ../../../Engine/Plugins/Online/OnlineSubsystemUtils/Binaries/Win64/UE4Editor-OnlineBlueprintSupport.dll (API version 3709383).
LogModuleManager: Display: Found up-to-date module file ../../../Engine/Plugins/Runtime/AndroidDeviceProfileSelector/Binaries/Win64/UE4Editor-AndroidDeviceProfileSelector.dll (API version 3709383).
LogModuleManager: Display: Found up-to-date module file ../../../Engine/Plugins/Runtime/AppleARKit/Binaries/Win64/UE4Editor-AppleARKit.dll (API version 3709383).
LogModuleManager: Display: Found up-to-date module file ../../../Engine/Plugins/Runtime/ArchVisCharacter/Binaries/Win64/UE4Editor-ArchVisCharacter.dll (API version 3709383).
LogModuleManager: Display: Found up-to-date module file ../../../Engine/Plugins/Runtime/CableComponent/Binaries/Win64/UE4Editor-CableComponent.dll (API version 3709383).
LogModuleManager: Display: Found up-to-date module file ../../../Engine/Plugins/Runtime/CustomMeshComponent/Binaries/Win64/UE4Editor-CustomMeshComponent.dll (API version 3709383).
LogModuleManager: Display: Found up-to-date module file ../../../Engine/Plugins/Runtime/ExampleDeviceProfileSelector/Binaries/Win64/UE4Editor-ExampleDeviceProfileSelector.dll (API version 3709383).
LogModuleManager: Display: Found up-to-date module file ../../../Engine/Plugins/Runtime/ImmediatePhysics/Binaries/Win64/UE4Editor-ImmediatePhysics.dll (API version 3709383).
LogModuleManager: Display: Found up-to-date module file ../../../Engine/Plugins/Runtime/ImmediatePhysics/Binaries/Win64/UE4Editor-ImmediatePhysicsEditor.dll (API version 3709383).
LogModuleManager: Display: Found up-to-date module file ../../../Engine/Plugins/Runtime/LocationServicesBPLibrary/Binaries/Win64/UE4Editor-LocationServicesBPLibrary.dll (API version 3709383).
LogModuleManager: Display: Found up-to-date module file ../../../Engine/Plugins/Runtime/MobilePatchingUtils/Binaries/Win64/UE4Editor-MobilePatchingUtils.dll (API version 3709383).
LogModuleManager: Display: Found up-to-date module file ../../../Engine/Plugins/Runtime/Oculus/OculusVR/Binaries/Win64/UE4Editor-OculusHMD.dll (API version 3709383).
LogModuleManager: Display: Found up-to-date module file ../../../Engine/Plugins/Runtime/Oculus/OculusVR/Binaries/Win64/UE4Editor-OculusInput.dll (API version 3709383).
LogModuleManager: Display: Found up-to-date module file ../../../Engine/Plugins/Runtime/Oculus/OculusVR/Binaries/Win64/UE4Editor-OculusEditor.dll (API version 3709383).
LogModuleManager: Display: Found up-to-date module file ../../../Engine/Plugins/Runtime/PhysXVehicles/Binaries/Win64/UE4Editor-PhysXVehicles.dll (API version 3709383).
LogModuleManager: Display: Found up-to-date module file ../../../Engine/Plugins/Runtime/PhysXVehicles/Binaries/Win64/UE4Editor-PhysXVehiclesEditor.dll (API version 3709383).
LogModuleManager: Display: Found up-to-date module file ../../../Engine/Plugins/Runtime/ProceduralMeshComponent/Binaries/Win64/UE4Editor-ProceduralMeshComponent.dll (API version 3709383).
LogModuleManager: Display: Found up-to-date module file ../../../Engine/Plugins/Runtime/ProceduralMeshComponent/Binaries/Win64/UE4Editor-ProceduralMeshComponentEditor.dll (API version 3709383).
LogModuleManager: Display: Found up-to-date module file ../../../Engine/Plugins/Runtime/RuntimePhysXCooking/Binaries/Win64/UE4Editor-RuntimePhysXCooking.dll (API version 3709383).
LogModuleManager: Display: Found up-to-date module file ../../../Engine/Plugins/Runtime/Steam/SteamVR/Binaries/Win64/UE4Editor-SteamVR.dll (API version 3709383).
LogModuleManager: Display: Found up-to-date module file ../../../Engine/Plugins/Runtime/Steam/SteamVR/Binaries/Win64/UE4Editor-SteamVRController.dll (API version 3709383).
LogModuleManager: Display: Found up-to-date module file ../../../Engine/Plugins/Runtime/WindowsMoviePlayer/Binaries/Win64/UE4Editor-WindowsMoviePlayer.dll (API version 3709383).
LogModuleManager: Display: Found up-to-date module file ../../../Engine/Plugins/UnrealEnginePython/Binaries/Win64/UE4Editor-UnrealEnginePython.dll (API version 3709383).
LogModuleManager: Display: Found up-to-date module file ../../../Engine/Plugins/UnrealEnginePython/Binaries/Win64/UE4Editor-PythonConsole.dll (API version 3709383).
LogModuleManager: Display: Found up-to-date module file ../../../Engine/Plugins/UnrealEnginePython/Binaries/Win64/UE4Editor-PythonEditor.dll (API version 3709383).
LogPluginManager: Mounting plugin Paper2D
LogPluginManager: Mounting plugin LightPropagationVolume
LogPluginManager: Mounting plugin CodeLiteSourceCodeAccess
LogPluginManager: Mounting plugin GitSourceControl
LogPluginManager: Mounting plugin KDevelopSourceCodeAccess
LogPluginManager: Mounting plugin NullSourceCodeAccess
LogPluginManager: Mounting plugin PerforceSourceControl
LogPluginManager: Mounting plugin SubversionSourceControl
LogPluginManager: Mounting plugin UObjectPlugin
LogPluginManager: Mounting plugin VisualStudioCodeSourceCodeAccess
LogPluginManager: Mounting plugin VisualStudioSourceCodeAccess
LogPluginManager: Mounting plugin XCodeSourceCodeAccess
LogPluginManager: Mounting plugin AssetManagerEditor
LogPluginManager: Mounting plugin AudioCapture
LogPluginManager: Mounting plugin FacialAnimation
LogPluginManager: Mounting plugin GameplayTagsEditor
LogPluginManager: Mounting plugin MobileLauncherProfileWizard
LogPluginManager: Mounting plugin PluginBrowser
LogPluginManager: Mounting plugin SpeedTreeImporter
LogPluginManager: Mounting plugin AlembicImporter
LogPluginManager: Mounting plugin CharacterAI
LogPluginManager: Mounting plugin HTML5Networking
LogPluginManager: Mounting plugin FMODStudio
LogPluginManager: Mounting plugin AndroidMedia
LogPluginManager: Mounting plugin AvfMedia
LogPluginManager: Mounting plugin ImgMedia
LogPluginManager: Mounting plugin MediaCompositing
LogPluginManager: Mounting plugin MediaPlayerEditor
LogPluginManager: Mounting plugin WmfMedia
LogPluginManager: Mounting plugin TcpMessaging
LogPluginManager: Mounting plugin UdpMessaging
LogPluginManager: Mounting plugin ActorSequence
LogPluginManager: Mounting plugin LevelSequenceEditor
LogPluginManager: Mounting plugin MatineeToLevelSequence
LogPluginManager: Mounting plugin OnlineSubsystemGooglePlay
LogPluginManager: Mounting plugin OnlineSubsystemIOS
LogPluginManager: Mounting plugin OnlineSubsystem
LogPluginManager: Mounting plugin OnlineSubsystemNull
LogPluginManager: Mounting plugin OnlineSubsystemUtils
LogPluginManager: Mounting plugin AndroidDeviceProfileSelector
LogPluginManager: Mounting plugin AndroidMoviePlayer
LogPluginManager: Mounting plugin AndroidPermission
LogPluginManager: Mounting plugin AppleARKit
LogPluginManager: Mounting plugin AppleMoviePlayer
LogPluginManager: Mounting plugin ArchVisCharacter
LogPluginManager: Mounting plugin CableComponent
LogPluginManager: Mounting plugin CustomMeshComponent
LogPluginManager: Mounting plugin ExampleDeviceProfileSelector
LogPluginManager: Mounting plugin GoogleCloudMessaging
LogPluginManager: Mounting plugin ImmediatePhysics
LogPluginManager: Mounting plugin IOSDeviceProfileSelector
LogPluginManager: Mounting plugin LinuxDeviceProfileSelector
LogPluginManager: Mounting plugin LocationServicesBPLibrary
LogPluginManager: Mounting plugin MobilePatchingUtils
LogPluginManager: Mounting plugin OculusVR
LogPluginManager: Plugin shader directory ../../../Engine/Plugins/Runtime/Oculus/OculusVR/Shaders found
LogPluginManager: Mapping shader source directory ../../../Engine/Plugins/Runtime/Oculus/OculusVR/Shaders to virtual directory /Plugin/OculusVR
LogPluginManager: Mounting plugin PhysXVehicles
LogPluginManager: Mounting plugin ProceduralMeshComponent
LogPluginManager: Mounting plugin RuntimePhysXCooking
LogPluginManager: Mounting plugin SteamVR
LogPluginManager: Mounting plugin WindowsMoviePlayer
LogPluginManager: Mounting plugin UnrealEnginePython
LogInit: Using libcurl 7.47.1
LogInit:  - built for x86_64-pc-win32
LogInit:  - supports SSL with OpenSSL/1.0.2g
LogInit:  - supports HTTP deflate (compression) using libz 1.2.8
LogInit:  - other features:
LogInit:      CURL_VERSION_SSL
LogInit:      CURL_VERSION_LIBZ
LogInit:      CURL_VERSION_IPV6
LogInit:      CURL_VERSION_ASYNCHDNS
LogInit:      CURL_VERSION_LARGEFILE
LogInit:      CURL_VERSION_IDN
LogInit:  CurlRequestOptions (configurable via config and command line):
LogInit:  - bVerifyPeer = false  - Libcurl will NOT verify peer certificate
LogInit:  - bUseHttpProxy = false  - Libcurl will NOT use HTTP proxy
LogInit:  - bDontReuseConnections = false  - Libcurl will reuse connections
LogInit:  - CertBundlePath = nullptr  - Libcurl will use whatever was configured at build time.
LogInit: Build: ++UE4+Release-4.18-CL-3832480
LogInit: Engine Version: 4.18.3-3832480+++UE4+Release-4.18
LogInit: Compatible Engine Version: 4.18.0-3709383+++UE4+Release-4.18
LogInit: Net CL: 3709383
LogDevObjectVersion: Number of dev versions registered: 16
LogDevObjectVersion:   Dev-Blueprints (B0D832E4-1F89-4F0D-ACCF-7EB736FD4AA2): 10
LogDevObjectVersion:   Dev-Build (E1C64328-A22C-4D53-A36C-8E866417BD8C): 0
LogDevObjectVersion:   Dev-Core (375EC13C-06E4-48FB-B500-84F0262A717E): 2
LogDevObjectVersion:   Dev-Editor (E4B068ED-F494-42E9-A231-DA0B2E46BB41): 20
LogDevObjectVersion:   Dev-Framework (CFFC743F-43B0-4480-9391-14DF171D2073): 30
LogDevObjectVersion:   Dev-Mobile (B02B49B5-BB20-44E9-A304-32B752E40360): 0
LogDevObjectVersion:   Dev-Networking (A4E4105C-59A1-49B5-A7C5-40C4547EDFEE): 0
LogDevObjectVersion:   Dev-Online (39C831C9-5AE6-47DC-9A44-9C173E1C8E7C): 0
LogDevObjectVersion:   Dev-Physics (78F01B33-EBEA-4F98-B9B4-84EACCB95AA2): 0
LogDevObjectVersion:   Dev-Platform (6631380F-2D4D-43E0-8009-CF276956A95A): 0
LogDevObjectVersion:   Dev-Rendering (12F88B9F-8875-4AFC-A67C-D90C383ABD29): 20
LogDevObjectVersion:   Dev-Sequencer (7B5AE74C-D270-4C10-A958-57980B212A5A): 4
LogDevObjectVersion:   Dev-VR (D7296918-1DD6-4BDD-9DE2-64A83CC13884): 0
LogDevObjectVersion:   Dev-LoadTimes (C2A15278-BFE7-4AFE-6C17-90FF531DF755): 1
LogDevObjectVersion:   Private-Geometry (6EACA3D4-40EC-4CC1-B786-8BED09428FC5): 1
LogDevObjectVersion:   Dev-AnimPhys (29E575DD-E0A3-4627-9D10-D276232CDCEA): 12
LogInit: Compiled (64-bit): Jan 12 2018 02:04:55
LogInit: Compiled with Visual C++: 19.00.24215.01
LogInit: Build Configuration: Development
LogInit: Branch Name: ++UE4+Release-4.18
LogInit: Command line: 
LogInit: Base directory: F:/Epic Games/UE_4.18/Engine/Binaries/Win64/
LogInit: Installed Engine Build: 1
LogInit: Presizing for max 8388607 objects, including 0 objects not considered by GC, pre-allocating 0 bytes for permanent pool.
LogInit: Object subsystem initialized
[2020.07.15-18.01.16:097][  0]LogInit: Selected Device Profile: [Windows]
[2020.07.15-18.01.16:097][  0]LogInit: Applying CVar settings loaded from the selected device profile: [Windows]
[2020.07.15-18.01.16:132][  0]LogInit: Computer: DESKTOP-QM6AJTB
[2020.07.15-18.01.16:132][  0]LogInit: User: anass
[2020.07.15-18.01.16:132][  0]LogInit: CPU Page size=4096, Cores=4
[2020.07.15-18.01.16:132][  0]LogInit: High frequency timer resolution =10.000000 MHz
[2020.07.15-18.01.16:132][  0]LogMemory: Memory total: Physical=15.9GB (16GB approx)
[2020.07.15-18.01.16:132][  0]LogMemory: Platform Memory Stats for Windows
[2020.07.15-18.01.16:132][  0]LogMemory: Process Physical Memory: 274.09 MB used, 274.09 MB peak
[2020.07.15-18.01.16:132][  0]LogMemory: Process Virtual Memory: 272.24 MB used, 272.24 MB peak
[2020.07.15-18.01.16:132][  0]LogMemory: Physical Memory: 9901.89 MB used,  6363.18 MB free, 16265.07 MB total
[2020.07.15-18.01.16:132][  0]LogMemory: Virtual Memory: 4765.75 MB used,  6363.18 MB free, 134217728.00 MB total
[2020.07.15-18.01.16:301][  0]LogInit: Overriding language with editor language configuration option (ar).
[2020.07.15-18.01.16:301][  0]LogInit: Overriding locale with editor locale configuration option (ar).
[2020.07.15-18.01.16:314][  0]LogInit: Setting process to per monitor DPI aware
[2020.07.15-18.01.16:630][  0]LogD3D11RHI: D3D11 adapters:
[2020.07.15-18.01.16:709][  0]LogD3D11RHI:    0. 'NVIDIA GeForce GTX 1050 Ti' (Feature Level 11_0)
[2020.07.15-18.01.16:709][  0]LogD3D11RHI:       4021/0/8132 MB DedicatedVideo/DedicatedSystem/SharedSystem, Outputs:2, VendorId:0x10de
[2020.07.15-18.01.16:719][  0]LogD3D11RHI:    1. 'Intel(R) HD Graphics 630' (Feature Level 11_0)
[2020.07.15-18.01.16:719][  0]LogD3D11RHI:       128/0/8132 MB DedicatedVideo/DedicatedSystem/SharedSystem, Outputs:0, VendorId:0x8086
[2020.07.15-18.01.16:721][  0]LogD3D11RHI:    2. 'Microsoft Basic Render Driver' (Feature Level 11_0)
[2020.07.15-18.01.16:721][  0]LogD3D11RHI:       0/0/8132 MB DedicatedVideo/DedicatedSystem/SharedSystem, Outputs:0, VendorId:0x1414
[2020.07.15-18.01.16:721][  0]LogD3D11RHI: Chosen D3D11 Adapter: 0
[2020.07.15-18.01.16:753][  0]LogD3D11RHI: Creating new Direct3DDevice
[2020.07.15-18.01.16:753][  0]LogD3D11RHI:     GPU DeviceId: 0x1c8c (for the marketing name, search the web for "GPU Device Id")
[2020.07.15-18.01.16:753][  0]LogWindows: EnumDisplayDevices:
[2020.07.15-18.01.16:753][  0]LogWindows:    0. 'Intel(R) HD Graphics 630' (P:0 D:1)
[2020.07.15-18.01.16:753][  0]LogWindows:    1. 'Intel(R) HD Graphics 630' (P:1 D:1)
[2020.07.15-18.01.16:754][  0]LogWindows:    2. 'Intel(R) HD Graphics 630' (P:0 D:0)
[2020.07.15-18.01.16:754][  0]LogWindows: DebugString: GetVideoDriverDetailsInvalid PrimaryIsNotTheChoosenAdapter GetVideoDriverDetailsInvalid PrimaryIsNotTheChoosenAdapter GetVideoDriverDetailsInvalid PrimaryIsNotTheChoosenAdapter FoundDriverCount:0 
[2020.07.15-18.01.16:754][  0]LogD3D11RHI:     Adapter Name: NVIDIA GeForce GTX 1050 Ti
[2020.07.15-18.01.16:754][  0]LogD3D11RHI:   Driver Version: Unknown (internal:Unknown, unified:Unknown)
[2020.07.15-18.01.16:754][  0]LogD3D11RHI:      Driver Date: Unknown
[2020.07.15-18.01.16:754][  0]LogRHI: Texture pool is 2814 MB (70% of 4021 MB)
[2020.07.15-18.01.16:806][  0]LogD3D11RHI: Async texture creation enabled
[2020.07.15-18.01.16:819][  0]LogD3D11RHI: GPU Timing Frequency: 1000.000000 (Debug: 2 1)
[2020.07.15-18.01.16:821][  0]LogShaderCompilers: Guid format shader working directory is -4 characters bigger than the processId version (D:/work/Unreal Engine work/GitHub/Landscape/Nasir/Intermediate/Shaders/WorkingDirectory/13384/).
[2020.07.15-18.01.16:821][  0]LogShaderCompilers: Cleaned the shader compiler working directory 'C:/Users/anass/AppData/Local/Temp/UnrealShaderWorkingDir/6A707308464846404B550098D879B5F1/'.
[2020.07.15-18.01.16:821][  0]LogShaderCompilers: Display: Using Local Shader Compiler.
[2020.07.15-18.01.17:755][  0]LogTemp: Display: Loaded TP AllDesktopTargetPlatform
[2020.07.15-18.01.17:799][  0]LogTemp: Display: Loaded TP MacClientTargetPlatform
[2020.07.15-18.01.17:844][  0]LogTemp: Display: Loaded TP MacNoEditorTargetPlatform
[2020.07.15-18.01.17:893][  0]LogTemp: Display: Loaded TP MacServerTargetPlatform
[2020.07.15-18.01.17:938][  0]LogTemp: Display: Loaded TP MacTargetPlatform
[2020.07.15-18.01.17:983][  0]LogTemp: Display: Loaded TP WindowsClientTargetPlatform
[2020.07.15-18.01.18:031][  0]LogTemp: Display: Loaded TP WindowsNoEditorTargetPlatform
[2020.07.15-18.01.18:080][  0]LogTemp: Display: Loaded TP WindowsServerTargetPlatform
[2020.07.15-18.01.18:119][  0]LogTemp: Display: Loaded TP WindowsTargetPlatform
[2020.07.15-18.01.18:162][  0]LogTemp: Display: Loaded TP Android_ASTCTargetPlatform
[2020.07.15-18.01.18:210][  0]LogTemp: Display: Loaded TP Android_ATCTargetPlatform
[2020.07.15-18.01.18:254][  0]LogTemp: Display: Loaded TP Android_DXTTargetPlatform
[2020.07.15-18.01.18:298][  0]LogTemp: Display: Loaded TP Android_ETC1TargetPlatform
[2020.07.15-18.01.18:343][  0]LogTemp: Display: Loaded TP Android_ETC2TargetPlatform
[2020.07.15-18.01.18:432][  0]LogTemp: Display: Loaded TP Android_MultiTargetPlatform
[2020.07.15-18.01.18:432][  0]LogTemp: Display: Loaded TP Android_PVRTCTargetPlatform
[2020.07.15-18.01.18:476][  0]LogTemp: Display: Loaded TP AndroidTargetPlatform
[2020.07.15-18.01.18:511][  0]LogTemp: Display: Loaded TP HTML5TargetPlatform
[2020.07.15-18.01.18:607][  0]LogTemp: Display: Loaded TP IOSTargetPlatform
[2020.07.15-18.01.18:632][  0]LogTemp: Display: Loaded TP TVOSTargetPlatform
[2020.07.15-18.01.18:679][  0]LogTemp: Display: Loaded TP LinuxClientTargetPlatform
[2020.07.15-18.01.18:725][  0]LogTemp: Display: Loaded TP LinuxNoEditorTargetPlatform
[2020.07.15-18.01.18:768][  0]LogTemp: Display: Loaded TP LinuxServerTargetPlatform
[2020.07.15-18.01.18:815][  0]LogTemp: Display: Loaded TP LinuxTargetPlatform
[2020.07.15-18.01.18:815][  0]LogTargetPlatformManager: Display: Building Assets For Windows
[2020.07.15-18.01.19:277][  0]LogDerivedDataCache: Display: Max Cache Size: 512 MB
[2020.07.15-18.01.19:348][  0]LogDerivedDataCache: Loaded boot cache 0.07s 78MB C:/Users/anass/AppData/Local/UnrealEngine/4.18/DerivedDataCache/Boot.ddc.
[2020.07.15-18.01.19:348][  0]LogDerivedDataCache: Display: Loaded Boot cache: C:/Users/anass/AppData/Local/UnrealEngine/4.18/DerivedDataCache/Boot.ddc
[2020.07.15-18.01.19:348][  0]LogDerivedDataCache: FDerivedDataBackendGraph:  Pak pak cache file D:/work/Unreal Engine work/GitHub/Landscape/Nasir/DerivedDataCache/DDC.ddp not found, will not use a pak cache.
[2020.07.15-18.01.19:348][  0]LogDerivedDataCache: Unable to find inner node Pak for hierarchical cache Hierarchy.
[2020.07.15-18.01.19:348][  0]LogDerivedDataCache: FDerivedDataBackendGraph:  CompressedPak pak cache file D:/work/Unreal Engine work/GitHub/Landscape/Nasir/DerivedDataCache/Compressed.ddp not found, will not use a pak cache.
[2020.07.15-18.01.19:348][  0]LogDerivedDataCache: Unable to find inner node CompressedPak for hierarchical cache Hierarchy.
[2020.07.15-18.01.19:365][  0]LogDerivedDataCache: Display: Pak cache opened for reading ../../../Engine/DerivedDataCache/Compressed.ddp.
[2020.07.15-18.01.19:377][  0]LogDerivedDataCache: Using Local data cache path C:/Users/anass/AppData/Local/UnrealEngine/Common/DerivedDataCache: Writable
[2020.07.15-18.01.19:386][  0]LogMaterial: Verifying Global Shaders for PCD3D_SM5
[2020.07.15-18.01.19:387][  0]LogSlate: Using Freetype 2.6.0
[2020.07.15-18.01.19:387][  0]LogSlate: SlateFontCache - WITH_FREETYPE: 1, WITH_HARFBUZZ: 1
[2020.07.15-18.01.19:387][  0]LogSlate: SlateFontCache - WITH_FREETYPE: 1, WITH_HARFBUZZ: 1
[2020.07.15-18.01.19:761][  0]LogInit: Selected Device Profile: [Windows]
[2020.07.15-18.01.20:084][  0]LogSimplygon: Simplygon DLL not present - disabling.
[2020.07.15-18.01.20:120][  0]LogMeshReduction: Using SimplygonSwarm for distributed automatic mesh merging
[2020.07.15-18.01.20:121][  0]LogMeshReduction: Using QuadricMeshReduction for automatic static mesh reduction
[2020.07.15-18.01.20:121][  0]LogMeshReduction: No automatic skeletal mesh reduction module available
[2020.07.15-18.01.20:121][  0]LogMeshReduction: No automatic mesh merging module available
[2020.07.15-18.01.20:121][  0]LogMeshMerging: No automatic mesh merging module available
[2020.07.15-18.01.20:167][  0]LogNetVersion: Nasir , NetCL: 3709383, EngineNetVer: 2, GameNetVer: 0 (Checksum: 2349426025)
[2020.07.15-18.01.20:339][  0]LogAssetRegistry: FAssetRegistry took 0.0258 seconds to start up
[2020.07.15-18.01.20:825][  0]LogPackageLocalizationCache: Processed 9 localized package path(s) for 1 prioritized culture(s) in 0.037566 seconds
[2020.07.15-18.01.20:830][  0]LogUObjectArray: 35871 objects as part of root set at end of initial load.
[2020.07.15-18.01.20:830][  0]LogUObjectAllocator: 7363920 out of 0 bytes used by permanent object pool.
[2020.07.15-18.01.20:830][  0]LogUObjectArray: CloseDisregardForGC: 0/0 objects in disregard for GC pool
[2020.07.15-18.01.20:876][  0]LogInit: WinSock: version 1.1 (2.2), MaxSocks=32767, MaxUdp=65467
[2020.07.15-18.01.23:641][  0]LogFMOD: FFMODStudioModule startup
[2020.07.15-18.01.23:641][  0]LogFMOD:  Lib path = '../../../Engine/Plugins/FMODStudio/Binaries'
[2020.07.15-18.01.23:641][  0]LogFMOD: FFMODStudioModule::LoadDll: Loading ../../../Engine/Plugins/FMODStudio/Binaries/Win64/fmodL64.dll
[2020.07.15-18.01.23:647][  0]LogFMOD: FFMODStudioModule::LoadDll: Loading ../../../Engine/Plugins/FMODStudio/Binaries/Win64/fmodstudioL64.dll
[2020.07.15-18.01.23:696][  0]LogFMOD: Loading strings bank: D:/work/Unreal Engine work/GitHub/Landscape/Nasir/Content/FMOD/Desktop/Master Bank.strings.bank
[2020.07.15-18.01.23:740][  0]LogFMOD: Constructing asset: /Game/FMOD/Events/Truck/EngineFull
[2020.07.15-18.01.23:740][  0]LogFMOD: Constructing asset: /Game/FMOD/Events/Truck/Engine_4
[2020.07.15-18.01.23:740][  0]LogFMOD: Constructing asset: /Game/FMOD/Banks/Master_Bank
[2020.07.15-18.01.23:740][  0]LogFMOD: Constructing asset: /Game/FMOD/Events/Truck/Engine_2_(LH)
[2020.07.15-18.01.23:740][  0]LogFMOD: Constructing asset: /Game/FMOD/Events/Truck/HydraulicStart
[2020.07.15-18.01.23:740][  0]LogFMOD: Constructing asset: /Game/FMOD/Events/Truck/Engine_3_(GM)
[2020.07.15-18.01.23:740][  0]LogFMOD: Constructing asset: /Game/FMOD/Events/Truck/reverse_beep
[2020.07.15-18.01.23:740][  0]LogFMOD: Constructing asset: /Game/FMOD/Events/Truck/PressurePump
[2020.07.15-18.01.23:740][  0]LogFMOD: Constructing asset: /Game/FMOD/Events/Truck/Hydaulic
[2020.07.15-18.01.23:741][  0]LogFMOD: Constructing asset: /Game/FMOD/Events/Truck/Tires
[2020.07.15-18.01.23:741][  0]LogFMOD: Skipping asset: bank:/Master Bank.strings
[2020.07.15-18.01.23:741][  0]LogFMOD: Constructing asset: /Game/FMOD/Events/Truck/Engine_1_(HL)
[2020.07.15-18.01.23:741][  0]LogFMOD: Constructing asset: /Game/FMOD/Buses/Reverb
[2020.07.15-18.01.23:741][  0]LogFMOD: Skipping asset: bus:/
[2020.07.15-18.01.23:749][  0]LogFMOD: Default sample rate = 48000
[2020.07.15-18.01.23:749][  0]LogFMOD: System sample rate = 44100
[2020.07.15-18.01.23:749][  0]LogFMOD: Matching system sample rate 44100
[2020.07.15-18.01.23:893][  0]LogFMOD: Default sample rate = 48000
[2020.07.15-18.01.23:893][  0]LogFMOD: System sample rate = 44100
[2020.07.15-18.01.23:893][  0]LogFMOD: Matching system sample rate 44100
[2020.07.15-18.01.24:038][  0]LogTcpMessaging: Initializing TcpMessaging bridge
[2020.07.15-18.01.24:099][  0]LogUdpMessaging: Initializing bridge on interface 0.0.0.0:0 to multicast group 230.0.0.1:6666.
[2020.07.15-18.01.24:926][  0]LogMaterial: Uniform references updated for custom material expression Custom.
[2020.07.15-18.01.25:402][  0]SourceControl: Source control is disabled
[2020.07.15-18.01.25:402][  0]SourceControl: Source control is disabled
[2020.07.15-18.01.25:465][  0]SourceControl: Source control is disabled
[2020.07.15-18.01.25:527][  0]SourceControl: Source control is disabled
[2020.07.15-18.01.26:162][  0]LogFMOD: FFMODStudioEditorModule startup
[2020.07.15-18.01.26:576][  0]LogAndroidPermission: UAndroidPermissionCallbackProxy::GetInstance
[2020.07.15-18.01.26:904][  0]LogOcInput: OculusInput pre-init called
[2020.07.15-18.01.27:177][  0]LogPython: Python Scripts search path: D:/work/Unreal Engine work/GitHub/Landscape/Nasir/Content/Scripts
[2020.07.15-18.01.27:178][  0]LogPython: Python Scripts search path: ../../../Engine/Plugins/UnrealEnginePython
[2020.07.15-18.01.27:178][  0]LogPython: Python VM initialized: 3.6.2 (v3.6.2:5fd33b5, Jul  8 2017, 04:57:36) [MSC v.1900 64 bit (AMD64)]
[2020.07.15-18.01.27:346][  0]LogPython: ####################----------Python Integration for Megascans Initialized----------####################
[2020.07.15-18.01.27:346][  0]LogPython: 

[2020.07.15-18.01.27:346][  0]LogPython: F:\Epic Games\UE_4.18\Engine\Plugins\UnrealEnginePython\
[2020.07.15-18.01.27:346][  0]LogPython: 

[2020.07.15-18.01.27:402][  0]LogPython: Megascans Integration - LiveLink Initialized...
[2020.07.15-18.01.27:402][  0]LogPython: 

[2020.07.15-18.01.27:403][  0]LogPython: ue_site Python module successfully imported
[2020.07.15-18.01.27:586][  0]LogEngine: Initializing Engine...
[2020.07.15-18.01.27:589][  0]LogHMD: Failed to initialize OpenVR with code 110
[2020.07.15-18.01.27:809][  0]LogStats: UGameplayTagsManager::ConstructGameplayTagTree: Construct from data asset -  0.000 s
[2020.07.15-18.01.27:809][  0]LogStats: UGameplayTagsManager::ConstructGameplayTagTree: GameplayTagTreeChangedEvent.Broadcast -  0.000 s
[2020.07.15-18.01.27:935][  0]LogAIModule: Creating AISystem for world Untitled
[2020.07.15-18.01.27:948][  0]LogInit: XAudio2 using 'Speakers (2- Realtek High Definition Audio)' : 2 channels at 44.1 kHz using 32 bits per sample (channel mask 0x3)
[2020.07.15-18.01.28:065][  0]LogInit: FAudioDevice initialized.
[2020.07.15-18.01.28:147][  0]LogDerivedDataCache: Saved boot cache 0.08s 78MB C:/Users/anass/AppData/Local/UnrealEngine/4.18/DerivedDataCache/Boot.ddc.
[2020.07.15-18.01.28:159][  0]LogInit: Texture streaming: Enabled
[2020.07.15-18.01.28:247][  0]LogEngineSessionManager: EngineSessionManager initialized
[2020.07.15-18.01.28:376][  0]LogInit: Transaction tracking system initialized
[2020.07.15-18.01.28:661][  0]BlueprintLog: New page: Editor Load
[2020.07.15-18.01.29:482][  0]LocalizationService: Localization service is disabled
[2020.07.15-18.01.30:229][  0]LogConsoleResponse: Display: 
[2020.07.15-18.01.30:421][  0]LogCook: Display: Max memory allowance for cook 16384mb min free memory 0mb
[2020.07.15-18.01.30:421][  0]LogCook: Display: Mobile HDR setting 1
[2020.07.15-18.01.30:421][  0]LogGameplayTags: Display: UGameplayTagsManager::DoneAddingNativeTags. DelegateIsBound: 0
[2020.07.15-18.01.31:079][  0]LogFileCache: Scanning file cache for directory 'D:/work/Unreal Engine work/GitHub/Landscape/Nasir/Content/' took 0.02s
[2020.07.15-18.01.31:766][  0]SourceControl: Source control is disabled
[2020.07.15-18.01.31:766][  0]Cmd: MAP LOAD FILE="D:/work/Unreal Engine work/GitHub/Landscape/Nasir/Content/Levels/MainLand.umap" TEMPLATE=0 SHOWPROGRESS=1 FEATURELEVEL=3
[2020.07.15-18.01.31:767][  0]LogEditorServer: Warning: Can't find file 'D:/work/Unreal Engine work/GitHub/Landscape/Nasir/Content/Levels/MainLand.umap'
[2020.07.15-18.01.31:767][  0]Cmd: MAP CHECKDEP NOCLEARLOG
[2020.07.15-18.01.31:808][  0]MapCheck: Map check complete: ٠ Error(s), ٠ Warning(s), took ٤١٫٣٩١ms to complete.
[2020.07.15-18.01.31:808][  0]LogFileHelpers: Loading map 'MainLand' took 0.042
[2020.07.15-18.01.32:222][  0]LogCollectionManager: Loaded 0 collections in 0.001000 seconds
[2020.07.15-18.01.32:305][  0]LogFileCache: Scanning file cache for directory 'D:/work/Unreal Engine work/GitHub/Landscape/Nasir/Saved/Collections/' took 0.01s
[2020.07.15-18.01.32:305][  0]LogFileCache: Scanning file cache for directory 'D:/work/Unreal Engine work/GitHub/Landscape/Nasir/Content/Developers/anass/Collections/' took 0.01s
[2020.07.15-18.01.32:305][  0]LogFileCache: Scanning file cache for directory 'D:/work/Unreal Engine work/GitHub/Landscape/Nasir/Content/Collections/' took 0.01s
[2020.07.15-18.01.32:305][  0]LogCollectionManager: Rebuilt the GUID cache for 0 collections in 0.000000 seconds
[2020.07.15-18.01.32:314][  0]LogContentBrowser: Native class hierarchy populated in 0.0083 seconds. Added 2402 classes and 538 folders.
[2020.07.15-18.01.32:374][  0]LogContentBrowser: Native class hierarchy updated for 'WidgetCarousel' in 0.0002 seconds. Added 0 classes and 0 folders.
[2020.07.15-18.01.32:409][  0]LogContentBrowser: Native class hierarchy updated for 'AddContentDialog' in 0.0002 seconds. Added 0 classes and 0 folders.
[2020.07.15-18.01.32:489][  0]LogSlate: Took 0.000391 seconds to synchronously load lazily loaded font '../../../Engine/Content/Slate/Fonts/Roboto-Regular.ttf' (155K)
[2020.07.15-18.01.32:492][  0]LogSlate: Took 0.000229 seconds to synchronously load lazily loaded font '../../../Engine/Content/Slate/Fonts/NotoNaskhArabicUI-Regular.ttf' (144K)
[2020.07.15-18.01.32:494][  0]LogSlate: Took 0.000230 seconds to synchronously load lazily loaded font '../../../Engine/Content/Slate/Fonts/Roboto-Bold.ttf' (160K)
[2020.07.15-18.01.32:505][  0]LogSlate: Took 0.000221 seconds to synchronously load lazily loaded font '../../../Engine/Content/Editor/Slate/Fonts/FontAwesome.ttf' (139K)
[2020.07.15-18.01.32:638][  0]LogRenderer: Reallocating scene render targets to support 1324x960 Format 10 NumSamples 1 (Frame:1).
[2020.07.15-18.01.32:855][  0]LogContentBrowser: Native class hierarchy updated for 'HierarchicalLODOutliner' in 0.0002 seconds. Added 1 classes and 2 folders.
[2020.07.15-18.01.32:855][  0]LogLoad: (Engine Initialization) Total time: 19.38 seconds
[2020.07.15-18.01.32:855][  0]LogLoad: (Engine Initialization) Total Blueprint compile time: 0.00 seconds
[2020.07.15-18.01.32:855][  0]LogExternalProfiler: Found external profiler: VSPerf
[2020.07.15-18.01.32:855][  0]LogExternalProfiler: Using external profiler: VSPerf
[2020.07.15-18.01.32:897][  0]LogContentStreaming: Texture pool size now 1000 MB
[2020.07.15-18.01.32:932][  1]LogFMOD: File has changed: D:/work/Unreal Engine work/GitHub/Landscape/Nasir/Content/FMOD/Desktop/Master Bank.strings.bank
[2020.07.15-18.01.33:039][  1]LogFMOD: Loading strings bank: D:/work/Unreal Engine work/GitHub/Landscape/Nasir/Content/FMOD/Desktop/Master Bank.strings.bank
[2020.07.15-18.01.33:041][  1]LogFMOD: Skipping asset: bank:/Master Bank.strings
[2020.07.15-18.01.33:041][  1]LogFMOD: Skipping asset: bus:/
[2020.07.15-18.01.33:046][  1]LogFMOD: Default sample rate = 48000
[2020.07.15-18.01.33:046][  1]LogFMOD: System sample rate = 44100
[2020.07.15-18.01.33:046][  1]LogFMOD: Matching system sample rate 44100
[2020.07.15-18.01.33:378][  1]LogFMOD: Default sample rate = 48000
[2020.07.15-18.01.33:378][  1]LogFMOD: System sample rate = 44100
[2020.07.15-18.01.33:378][  1]LogFMOD: Matching system sample rate 44100
[2020.07.15-18.01.33:610][  4]LogPython: tcp server spawned on 127.0.0.1:13428
[2020.07.15-18.01.38:701][301]LogAssetRegistry: Asset discovery search completed in 18.3850 seconds
[2020.07.15-18.01.38:704][301]LogCollectionManager: Rebuilt the object cache for 0 collections in 0.000000 seconds (found 0 objects)
[2020.07.15-18.01.38:704][301]LogCollectionManager: Fixed up redirectors for 0 collections in 0.000109 seconds (updated 0 objects)
[2020.07.15-18.01.39:709][360]LogDirectoryWatcher: A directory notification for '../../../Engine/Plugins/' was aborted.
[2020.07.15-18.01.39:709][360]LogDirectoryWatcher: A directory notification for 'D:/work/Unreal Engine work/GitHub/Landscape/Nasir/Plugins/' was aborted.
[2020.07.15-18.01.44:870][656]LogUProjectInfo: Found projects:
[2020.07.15-18.01.46:639][757]Cmd: CLOSE_SLATE_MAINFRAME
[2020.07.15-18.01.46:978][758]Cmd: QUIT_EDITOR
[2020.07.15-18.01.47:010][758]LogWindowsTextInputMethodSystem: Display: IME system now deactivated.
[2020.07.15-18.01.47:030][758]LogExit: Preparing to exit.
[2020.07.15-18.01.47:181][758]LogExit: Editor shut down
[2020.07.15-18.01.47:185][758]LogExit: Transaction tracking system shut down
[2020.07.15-18.01.47:362][758]LogDirectoryWatcher: A directory notification for '../../../Engine/Content/' was aborted.
[2020.07.15-18.01.47:362][758]LogDirectoryWatcher: A directory notification for 'D:/work/Unreal Engine work/GitHub/Landscape/Nasir/Content/' was aborted.
[2020.07.15-18.01.47:362][758]LogDirectoryWatcher: A directory notification for '../../../Engine/Plugins/2D/Paper2D/Content/' was aborted.
[2020.07.15-18.01.47:362][758]LogDirectoryWatcher: A directory notification for '../../../Engine/Plugins/FMODStudio/Content/' was aborted.
[2020.07.15-18.01.47:363][758]LogDirectoryWatcher: A directory notification for '../../../Engine/Plugins/Media/MediaCompositing/Content/' was aborted.
[2020.07.15-18.01.47:363][758]LogDirectoryWatcher: A directory notification for '../../../Engine/Plugins/Runtime/AppleARKit/Content/' was aborted.
[2020.07.15-18.01.47:363][758]LogDirectoryWatcher: A directory notification for '../../../Engine/Plugins/Runtime/Oculus/OculusVR/Content/' was aborted.
[2020.07.15-18.01.47:363][758]LogDirectoryWatcher: A directory notification for '../../../Engine/Plugins/Runtime/Steam/SteamVR/Content/' was aborted.
[2020.07.15-18.01.47:445][758]LogExit: Object subsystem successfully closed.
[2020.07.15-18.01.47:666][758]LogD3D11RHI: Shutdown
[2020.07.15-18.01.47:666][758]LogD3D11RHI: CleanupD3DDevice
[2020.07.15-18.01.47:682][758]LogD3D11RHI: ~FD3D11DynamicRHI
[2020.07.15-18.01.47:701][758]LogModuleManager: Shutting down and abandoning module HierarchicalLODOutliner (558)
[2020.07.15-18.01.47:701][758]LogModuleManager: Shutting down and abandoning module AddContentDialog (556)
[2020.07.15-18.01.47:701][758]LogDirectoryWatcher: A directory notification for 'F:/Epic Games/UE_4.18/FeaturePacks/' was aborted.
[2020.07.15-18.01.47:703][758]LogModuleManager: Shutting down and abandoning module WidgetCarousel (555)
[2020.07.15-18.01.47:703][758]LogModuleManager: Shutting down and abandoning module EditorWidgets (552)
[2020.07.15-18.01.47:703][758]LogModuleManager: Shutting down and abandoning module CollectionManager (550)
[2020.07.15-18.01.47:703][758]LogDirectoryWatcher: A directory notification for 'D:/work/Unreal Engine work/GitHub/Landscape/Nasir/Content/Collections/' was aborted.
[2020.07.15-18.01.47:703][758]LogDirectoryWatcher: A directory notification for 'D:/work/Unreal Engine work/GitHub/Landscape/Nasir/Content/Developers/anass/Collections/' was aborted.
[2020.07.15-18.01.47:703][758]LogDirectoryWatcher: A directory notification for 'D:/work/Unreal Engine work/GitHub/Landscape/Nasir/Saved/Collections/' was aborted.
[2020.07.15-18.01.47:703][758]LogModuleManager: Shutting down and abandoning module WorldBrowser (548)
[2020.07.15-18.01.47:703][758]LogModuleManager: Shutting down and abandoning module SceneOutliner (546)
[2020.07.15-18.01.47:703][758]LogModuleManager: Shutting down and abandoning module FoliageEdit (544)
[2020.07.15-18.01.47:703][758]LogModuleManager: Shutting down and abandoning module LandscapeEditor (542)
[2020.07.15-18.01.47:703][758]LogModuleManager: Shutting down and abandoning module MeshPaintMode (540)
[2020.07.15-18.01.47:703][758]LogModuleManager: Shutting down and abandoning module SceneDepthPickerMode (538)
[2020.07.15-18.01.47:703][758]LogModuleManager: Shutting down and abandoning module ActorPickerMode (536)
[2020.07.15-18.01.47:703][758]LogModuleManager: Shutting down and abandoning module GeometryMode (534)
[2020.07.15-18.01.47:703][758]LogModuleManager: Shutting down and abandoning module TextureAlignMode (532)
[2020.07.15-18.01.47:703][758]LogModuleManager: Shutting down and abandoning module BspMode (530)
[2020.07.15-18.01.47:703][758]LogModuleManager: Shutting down and abandoning module PIEPreviewDeviceProfileSelector (528)
[2020.07.15-18.01.47:703][758]LogModuleManager: Shutting down and abandoning module HardwareSurvey (526)
[2020.07.15-18.01.47:703][758]LogModuleManager: Shutting down and abandoning module SequenceRecorderSections (524)
[2020.07.15-18.01.47:704][758]LogModuleManager: Shutting down and abandoning module AutomationWorker (522)
[2020.07.15-18.01.47:704][758]LogModuleManager: Shutting down and abandoning module MatineeToLevelSequence (520)
[2020.07.15-18.01.47:704][758]LogModuleManager: Shutting down and abandoning module LevelSequenceEditor (518)
[2020.07.15-18.01.47:704][758]LogModuleManager: Shutting down and abandoning module PlacementMode (517)
[2020.07.15-18.01.47:704][758]LogModuleManager: Shutting down and abandoning module WmfMediaFactory (514)
[2020.07.15-18.01.47:704][758]LogModuleManager: Shutting down and abandoning module WmfMediaEditor (512)
[2020.07.15-18.01.47:704][758]LogModuleManager: Shutting down and abandoning module OpenExrWrapper (510)
[2020.07.15-18.01.47:704][758]LogModuleManager: Shutting down and abandoning module ImgMediaFactory (508)
[2020.07.15-18.01.47:704][758]LogModuleManager: Shutting down and abandoning module ImgMediaEditor (506)
[2020.07.15-18.01.47:704][758]LogModuleManager: Shutting down and abandoning module AvfMediaFactory (504)
[2020.07.15-18.01.47:704][758]LogModuleManager: Shutting down and abandoning module AvfMediaEditor (502)
[2020.07.15-18.01.47:704][758]LogModuleManager: Shutting down and abandoning module AndroidMediaFactory (500)
[2020.07.15-18.01.47:704][758]LogModuleManager: Shutting down and abandoning module AndroidMediaEditor (498)
[2020.07.15-18.01.47:704][758]LogModuleManager: Shutting down and abandoning module CharacterAI (496)
[2020.07.15-18.01.47:704][758]LogModuleManager: Shutting down and abandoning module AudioCapture (494)
[2020.07.15-18.01.47:704][758]LogModuleManager: Shutting down and abandoning module SequenceRecorder (493)
[2020.07.15-18.01.47:704][758]LogModuleManager: Shutting down and abandoning module SmartSnapping (490)
[2020.07.15-18.01.47:705][758]LogModuleManager: Shutting down and abandoning module SessionServices (488)
[2020.07.15-18.01.47:705][758]LogModuleManager: Shutting down and abandoning module ViewportSnapping (486)
[2020.07.15-18.01.47:705][758]LogModuleManager: Shutting down and abandoning module ViewportInteraction (484)
[2020.07.15-18.01.47:705][758]LogModuleManager: Shutting down and abandoning module ClothPainter (482)
[2020.07.15-18.01.47:705][758]LogModuleManager: Shutting down and abandoning module SkeletalMeshEditor (481)
[2020.07.15-18.01.47:705][758]LogModuleManager: Shutting down and abandoning module LogVisualizer (478)
[2020.07.15-18.01.47:705][758]LogModuleManager: Shutting down and abandoning module IntroTutorials (476)
[2020.07.15-18.01.47:705][758]LogModuleManager: Shutting down and abandoning module GameProjectGeneration (475)
[2020.07.15-18.01.47:705][758]LogModuleManager: Shutting down and abandoning module IOSPlatformEditor (472)
[2020.07.15-18.01.47:705][758]LogModuleManager: Shutting down and abandoning module HTML5PlatformEditor (470)
[2020.07.15-18.01.47:705][758]LogModuleManager: Shutting down and abandoning module AndroidPlatformEditor (468)
[2020.07.15-18.01.47:705][758]LogModuleManager: Shutting down and abandoning module AndroidDeviceDetection (467)
[2020.07.15-18.01.47:860][758]LogModuleManager: Shutting down and abandoning module WindowsPlatformEditor (464)
[2020.07.15-18.01.47:860][758]LogModuleManager: Shutting down and abandoning module IOSRuntimeSettings (462)
[2020.07.15-18.01.47:860][758]LogModuleManager: Shutting down and abandoning module AndroidRuntimeSettings (460)
[2020.07.15-18.01.47:860][758]LogModuleManager: Shutting down and abandoning module InputBindingEditor (458)
[2020.07.15-18.01.47:860][758]LogModuleManager: Shutting down and abandoning module MergeActors (456)
[2020.07.15-18.01.47:860][758]LogModuleManager: Shutting down and abandoning module SizeMap (454)
[2020.07.15-18.01.47:860][758]LogModuleManager: Shutting down and abandoning module TreeMap (452)
[2020.07.15-18.01.47:860][758]LogModuleManager: Shutting down and abandoning module ReferenceViewer (450)
[2020.07.15-18.01.47:860][758]LogModuleManager: Shutting down and abandoning module LocalizationDashboard (448)
[2020.07.15-18.01.47:860][758]LogModuleManager: Shutting down and abandoning module LocalizationService (447)
[2020.07.15-18.01.47:861][758]LogModuleManager: Shutting down and abandoning module HardwareTargeting (444)
[2020.07.15-18.01.47:861][758]LogModuleManager: Shutting down and abandoning module DeviceProfileEditor (442)
[2020.07.15-18.01.47:861][758]LogModuleManager: Shutting down and abandoning module UndoHistory (440)
[2020.07.15-18.01.47:861][758]LogModuleManager: Shutting down and abandoning module XmlParser (438)
[2020.07.15-18.01.47:861][758]LogModuleManager: Shutting down and abandoning module Blutility (436)
[2020.07.15-18.01.47:861][758]LogModuleManager: Shutting down and abandoning module ProjectSettingsViewer (434)
[2020.07.15-18.01.47:861][758]LogModuleManager: Shutting down and abandoning module ProjectTargetPlatformEditor (433)
[2020.07.15-18.01.47:861][758]LogModuleManager: Shutting down and abandoning module EditorSettingsViewer (430)
[2020.07.15-18.01.47:861][758]LogModuleManager: Shutting down and abandoning module SettingsEditor (428)
[2020.07.15-18.01.47:861][758]LogModuleManager: Shutting down and abandoning module ProjectLauncher (426)
[2020.07.15-18.01.47:861][758]LogModuleManager: Shutting down and abandoning module SessionFrontend (424)
[2020.07.15-18.01.47:861][758]LogModuleManager: Shutting down and abandoning module ProfilerClient (422)
[2020.07.15-18.01.47:861][758]LogModuleManager: Shutting down and abandoning module DeviceManager (420)
[2020.07.15-18.01.47:861][758]LogModuleManager: Shutting down and abandoning module TargetDeviceServices (419)
[2020.07.15-18.01.47:916][758]LogModuleManager: Shutting down and abandoning module AutomationController (416)
[2020.07.15-18.01.47:916][758]LogModuleManager: Shutting down and abandoning module AutomationWindow (414)
[2020.07.15-18.01.47:916][758]LogModuleManager: Shutting down and abandoning module Layers (412)
[2020.07.15-18.01.47:916][758]LogModuleManager: Shutting down and abandoning module ComponentVisualizers (410)
[2020.07.15-18.01.47:916][758]LogModuleManager: Shutting down and abandoning module DetailCustomizations (408)
[2020.07.15-18.01.47:916][758]LogModuleManager: Shutting down and abandoning module PackagesDialog (406)
[2020.07.15-18.01.47:916][758]LogModuleManager: Shutting down and abandoning module Persona (404)
[2020.07.15-18.01.47:916][758]LogModuleManager: Shutting down and abandoning module AdvancedPreviewScene (403)
[2020.07.15-18.01.47:916][758]LogModuleManager: Shutting down and abandoning module AnimGraph (401)
[2020.07.15-18.01.47:916][758]LogModuleManager: Shutting down and abandoning module Kismet (398)
[2020.07.15-18.01.47:916][758]LogModuleManager: Shutting down and abandoning module ClassViewer (396)
[2020.07.15-18.01.47:916][758]LogModuleManager: Shutting down and abandoning module Toolbox (394)
[2020.07.15-18.01.47:916][758]LogModuleManager: Shutting down and abandoning module ModuleUI (392)
[2020.07.15-18.01.47:916][758]LogModuleManager: Shutting down and abandoning module MovieSceneTools (390)
[2020.07.15-18.01.47:916][758]LogModuleManager: Shutting down and abandoning module OutputLog (388)
[2020.07.15-18.01.47:916][758]LogModuleManager: Shutting down and abandoning module GammaUI (386)
[2020.07.15-18.01.47:916][758]LogModuleManager: Shutting down and abandoning module Documentation (384)
[2020.07.15-18.01.47:916][758]LogModuleManager: Shutting down and abandoning module MovieSceneTracks (382)
[2020.07.15-18.01.47:916][758]LogModuleManager: Shutting down and abandoning module MovieScene (380)
[2020.07.15-18.01.47:916][758]LogModuleManager: Shutting down and abandoning module StreamingPauseRendering (378)
[2020.07.15-18.01.47:916][758]LogModuleManager: Shutting down and abandoning module LauncherPlatform (376)
[2020.07.15-18.01.47:916][758]LogModuleManager: Shutting down and abandoning module AnalyticsET (374)
[2020.07.15-18.01.47:916][758]LogModuleManager: Shutting down and abandoning module PortalServices (372)
[2020.07.15-18.01.47:916][758]LogModuleManager: Shutting down and abandoning module PortalRpc (370)
[2020.07.15-18.01.47:916][758]LogModuleManager: Shutting down and abandoning module MessagingRpc (368)
[2020.07.15-18.01.47:916][758]LogModuleManager: Shutting down and abandoning module AIModule (366)
[2020.07.15-18.01.47:916][758]LogModuleManager: Shutting down and abandoning module GameplayDebugger (365)
[2020.07.15-18.01.47:916][758]LogModuleManager: Shutting down and abandoning module AITestSuite (363)
[2020.07.15-18.01.47:916][758]LogModuleManager: Shutting down and abandoning module DesktopPlatform (360)
[2020.07.15-18.01.47:916][758]LogModuleManager: Shutting down and abandoning module ProfilerService (358)
[2020.07.15-18.01.48:066][758]LogModuleManager: Shutting down and abandoning module TaskGraph (356)
[2020.07.15-18.01.48:067][758]LogModuleManager: Shutting down and abandoning module PythonEditor (354)
[2020.07.15-18.01.48:067][758]LogModuleManager: Shutting down and abandoning module UnrealEnginePython (352)
[2020.07.15-18.01.48:067][758]LogPython: Goodbye Python
[2020.07.15-18.01.48:211][758]LogModuleManager: Shutting down and abandoning module SteamVRController (350)
[2020.07.15-18.01.48:211][758]LogModuleManager: Shutting down and abandoning module ProceduralMeshComponentEditor (348)
[2020.07.15-18.01.48:211][758]LogModuleManager: Shutting down and abandoning module ProceduralMeshComponent (346)
[2020.07.15-18.01.48:211][758]LogModuleManager: Shutting down and abandoning module OculusInput (344)
[2020.07.15-18.01.48:211][758]LogModuleManager: Shutting down and abandoning module MobilePatchingUtils (342)
[2020.07.15-18.01.48:211][758]LogModuleManager: Shutting down and abandoning module CustomMeshComponent (340)
[2020.07.15-18.01.48:211][758]LogModuleManager: Shutting down and abandoning module CableComponent (338)
[2020.07.15-18.01.48:211][758]LogModuleManager: Shutting down and abandoning module ArchVisCharacter (336)
[2020.07.15-18.01.48:211][758]LogModuleManager: Shutting down and abandoning module AndroidPermission (334)
[2020.07.15-18.01.48:211][758]LogModuleManager: Shutting down and abandoning module ActorSequence (330)
[2020.07.15-18.01.48:211][758]LogModuleManager: Shutting down and abandoning module MediaPlayerEditor (328)
[2020.07.15-18.01.48:211][758]LogModuleManager: Shutting down and abandoning module MediaCompositingEditor (326)
[2020.07.15-18.01.48:211][758]LogModuleManager: Shutting down and abandoning module MediaCompositing (324)
[2020.07.15-18.01.48:211][758]LogModuleManager: Shutting down and abandoning module FMODStudioEditor (322)
[2020.07.15-18.01.48:212][758]LogModuleManager: Shutting down and abandoning module HTML5Networking (320)
[2020.07.15-18.01.48:212][758]LogModuleManager: Shutting down and abandoning module AlembicImporter (318)
[2020.07.15-18.01.48:212][758]LogModuleManager: Shutting down and abandoning module AlembicLibrary (317)
[2020.07.15-18.01.48:212][758]LogModuleManager: Shutting down and abandoning module GeometryCache (316)
[2020.07.15-18.01.48:212][758]LogModuleManager: Shutting down and abandoning module GeometryCacheEd (315)
[2020.07.15-18.01.48:212][758]LogModuleManager: Shutting down and abandoning module SpeedTreeImporter (310)
[2020.07.15-18.01.48:212][758]LogModuleManager: Shutting down and abandoning module PluginBrowser (308)
[2020.07.15-18.01.48:212][758]LogModuleManager: Shutting down and abandoning module MobileLauncherProfileWizard (306)
[2020.07.15-18.01.48:212][758]LogModuleManager: Shutting down and abandoning module VisualStudioSourceCodeAccess (304)
[2020.07.15-18.01.48:212][758]LogModuleManager: Shutting down and abandoning module VisualStudioCodeSourceCodeAccess (302)
[2020.07.15-18.01.48:212][758]LogModuleManager: Shutting down and abandoning module UObjectPlugin (300)
[2020.07.15-18.01.48:212][758]LogModuleManager: Shutting down and abandoning module SubversionSourceControl (298)
[2020.07.15-18.01.48:212][758]LogModuleManager: Shutting down and abandoning module PerforceSourceControl (296)
[2020.07.15-18.01.48:212][758]LogModuleManager: Shutting down and abandoning module GitSourceControl (294)
[2020.07.15-18.01.48:212][758]LogModuleManager: Shutting down and abandoning module SourceControl (293)
[2020.07.15-18.01.48:212][758]LogModuleManager: Shutting down and abandoning module LightPropagationVolumeEditor (290)
[2020.07.15-18.01.48:212][758]LogModuleManager: Shutting down and abandoning module PaperTiledImporter (288)
[2020.07.15-18.01.48:212][758]LogModuleManager: Shutting down and abandoning module PaperSpriteSheetImporter (286)
[2020.07.15-18.01.48:212][758]LogModuleManager: Shutting down and abandoning module Paper2DEditor (284)
[2020.07.15-18.01.48:212][758]LogModuleManager: Shutting down and abandoning module MeshPaint (283)
[2020.07.15-18.01.48:213][758]LogModuleManager: Shutting down and abandoning module LevelEditor (281)
[2020.07.15-18.01.48:214][758]LogModuleManager: Shutting down and abandoning module PixelInspectorModule (280)
[2020.07.15-18.01.48:214][758]LogModuleManager: Shutting down and abandoning module MainFrame (278)
[2020.07.15-18.01.48:214][758]LogModuleManager: Shutting down and abandoning module HotReload (277)
[2020.07.15-18.01.48:214][758]LogModuleManager: Shutting down and abandoning module PythonConsole (272)
[2020.07.15-18.01.48:214][758]LogModuleManager: Shutting down and abandoning module RuntimePhysXCooking (270)
[2020.07.15-18.01.48:214][758]LogModuleManager: Shutting down and abandoning module PhysXVehiclesEditor (268)
[2020.07.15-18.01.48:214][758]LogModuleManager: Shutting down and abandoning module PhysXVehicles (266)
[2020.07.15-18.01.48:214][758]LogModuleManager: Shutting down and abandoning module OculusEditor (264)
[2020.07.15-18.01.48:214][758]LogModuleManager: Shutting down and abandoning module LocationServicesBPLibrary (262)
[2020.07.15-18.01.48:214][758]LogModuleManager: Shutting down and abandoning module ImmediatePhysicsEditor (260)
[2020.07.15-18.01.48:214][758]LogModuleManager: Shutting down and abandoning module ImmediatePhysics (258)
[2020.07.15-18.01.48:214][758]LogModuleManager: Shutting down and abandoning module UdpMessaging (256)
[2020.07.15-18.01.48:315][758]LogModuleManager: Shutting down and abandoning module TcpMessaging (254)
[2020.07.15-18.01.48:416][758]LogModuleManager: Shutting down and abandoning module FMODStudio (252)
[2020.07.15-18.01.48:637][758]LogModuleManager: Shutting down and abandoning module GameplayTagsEditor (250)
[2020.07.15-18.01.48:637][758]LogModuleManager: Shutting down and abandoning module FacialAnimationEditor (248)
[2020.07.15-18.01.48:637][758]LogModuleManager: Shutting down and abandoning module FacialAnimation (246)
[2020.07.15-18.01.48:637][758]LogModuleManager: Shutting down and abandoning module AssetManagerEditor (244)
[2020.07.15-18.01.48:637][758]LogModuleManager: Shutting down and abandoning module GraphEditor (243)
[2020.07.15-18.01.48:637][758]LogModuleManager: Shutting down and abandoning module ContentBrowser (241)
[2020.07.15-18.01.48:638][758]LogModuleManager: Shutting down and abandoning module LightPropagationVolumeRuntime (238)
[2020.07.15-18.01.48:638][758]LogModuleManager: Shutting down and abandoning module Paper2D (236)
[2020.07.15-18.01.48:638][758]LogModuleManager: Shutting down and abandoning module WindowsMoviePlayer (234)
[2020.07.15-18.01.48:638][758]LogModuleManager: Shutting down and abandoning module WmfMedia (232)
[2020.07.15-18.01.48:643][758]LogModuleManager: Shutting down and abandoning module ImgMedia (230)
[2020.07.15-18.01.48:644][758]LogModuleManager: Shutting down and abandoning module PacketHandler (228)
[2020.07.15-18.01.48:644][758]LogModuleManager: Shutting down and abandoning module ClothingSystemEditor (226)
[2020.07.15-18.01.48:644][758]LogModuleManager: Shutting down and abandoning module ClothingSystemRuntime (224)
[2020.07.15-18.01.48:644][758]LogModuleManager: Shutting down and abandoning module MediaAssets (222)
[2020.07.15-18.01.48:644][758]LogModuleManager: Shutting down and abandoning module Media (221)
[2020.07.15-18.01.48:650][758]LogModuleManager: Shutting down and abandoning module Overlay (218)
[2020.07.15-18.01.48:650][758]LogModuleManager: Shutting down and abandoning module OverlayEditor (217)
[2020.07.15-18.01.48:650][758]LogModuleManager: Shutting down and abandoning module VREditor (214)
[2020.07.15-18.01.48:651][758]LogModuleManager: Shutting down and abandoning module StringTableEditor (212)
[2020.07.15-18.01.48:651][758]LogModuleManager: Shutting down and abandoning module GameplayTasksEditor (210)
[2020.07.15-18.01.48:651][758]LogModuleManager: Shutting down and abandoning module BehaviorTreeEditor (208)
[2020.07.15-18.01.48:651][758]LogModuleManager: Shutting down and abandoning module FunctionalTesting (206)
[2020.07.15-18.01.48:651][758]LogModuleManager: Shutting down and abandoning module CollisionAnalyzer (204)
[2020.07.15-18.01.48:651][758]LogModuleManager: Shutting down and abandoning module WorkspaceMenuStructure (203)
[2020.07.15-18.01.48:651][758]LogModuleManager: Shutting down and abandoning module UMG (200)
[2020.07.15-18.01.48:651][758]LogModuleManager: Shutting down and abandoning module UMGEditor (199)
[2020.07.15-18.01.48:651][758]LogModuleManager: Shutting down and abandoning module Sequencer (198)
[2020.07.15-18.01.48:651][758]LogModuleManager: Shutting down and abandoning module MessageLog (195)
[2020.07.15-18.01.48:652][758]LogModuleManager: Shutting down and abandoning module SlateReflector (190)
[2020.07.15-18.01.48:652][758]LogModuleManager: Shutting down and abandoning module Slate (188)
[2020.07.15-18.01.48:652][758]LogModuleManager: Shutting down and abandoning module EditorStyle (186)
[2020.07.15-18.01.48:656][758]LogModuleManager: Shutting down and abandoning module MRMesh (184)
[2020.07.15-18.01.48:656][758]LogModuleManager: Shutting down and abandoning module SourceCodeAccess (182)
[2020.07.15-18.01.48:656][758]LogModuleManager: Shutting down and abandoning module HeadMountedDisplay (180)
[2020.07.15-18.01.48:656][758]LogModuleManager: Shutting down and abandoning module XAudio2 (178)
[2020.07.15-18.01.48:656][758]LogModuleManager: Shutting down and abandoning module Networking (176)
[2020.07.15-18.01.48:656][758]LogModuleManager: Shutting down and abandoning module Core (172)
[2020.07.15-18.01.48:657][758]LogModuleManager: Shutting down and abandoning module LevelSequence (168)
[2020.07.15-18.01.48:657][758]LogModuleManager: Shutting down and abandoning module DirectoryWatcher (166)
[2020.07.15-18.01.48:658][758]LogModuleManager: Shutting down and abandoning module KismetCompiler (164)
[2020.07.15-18.01.48:658][758]LogModuleManager: Shutting down and abandoning module MeshUtilities (162)
[2020.07.15-18.01.48:658][758]LogModuleManager: Shutting down and abandoning module MeshMergeUtilities (161)
[2020.07.15-18.01.48:658][758]LogModuleManager: Shutting down and abandoning module MeshReductionInterface (160)
[2020.07.15-18.01.48:658][758]LogModuleManager: Shutting down and abandoning module SimplygonSwarm (159)
[2020.07.15-18.01.48:658][758]LogModuleManager: Shutting down and abandoning module SimplygonMeshReduction (157)
[2020.07.15-18.01.48:658][758]LogModuleManager: Shutting down and abandoning module QuadricMeshReduction (155)
[2020.07.15-18.01.48:658][758]LogModuleManager: Shutting down and abandoning module MaterialBaking (151)
[2020.07.15-18.01.48:658][758]LogModuleManager: Shutting down and abandoning module DerivedDataCache (148)
[2020.07.15-18.01.48:910][758]LogDerivedDataCache: Shutdown
[2020.07.15-18.01.48:910][758]LogModuleManager: Shutting down and abandoning module TargetPlatform (146)
[2020.07.15-18.01.48:910][758]LogModuleManager: Shutting down and abandoning module VulkanShaderFormat (145)
[2020.07.15-18.01.48:910][758]LogModuleManager: Shutting down and abandoning module ShaderFormatVectorVM (143)
[2020.07.15-18.01.48:910][758]LogModuleManager: Shutting down and abandoning module ShaderFormatOpenGL (141)
[2020.07.15-18.01.48:910][758]LogModuleManager: Shutting down and abandoning module ShaderFormatD3D (139)
[2020.07.15-18.01.48:910][758]LogModuleManager: Shutting down and abandoning module MetalShaderFormat (137)
[2020.07.15-18.01.48:910][758]LogModuleManager: Shutting down and abandoning module TextureFormatUncompressed (135)
[2020.07.15-18.01.48:910][758]LogModuleManager: Shutting down and abandoning module TextureFormatPVR (133)
[2020.07.15-18.01.48:910][758]LogModuleManager: Shutting down and abandoning module TextureFormatDXT (131)
[2020.07.15-18.01.48:910][758]LogModuleManager: Shutting down and abandoning module TextureFormatIntelISPCTexComp (129)
[2020.07.15-18.01.48:910][758]LogModuleManager: Shutting down and abandoning module TextureFormatASTC (127)
[2020.07.15-18.01.48:910][758]LogModuleManager: Shutting down and abandoning module ImageWrapper (126)
[2020.07.15-18.01.48:910][758]LogModuleManager: Shutting down and abandoning module TextureFormatAndroid (123)
[2020.07.15-18.01.48:910][758]LogModuleManager: Shutting down and abandoning module AudioFormatOpus (121)
[2020.07.15-18.01.48:910][758]LogModuleManager: Shutting down and abandoning module AudioFormatOgg (119)
[2020.07.15-18.01.48:910][758]LogModuleManager: Shutting down and abandoning module AudioFormatADPCM (117)
[2020.07.15-18.01.48:910][758]LogModuleManager: Shutting down and abandoning module LinuxTargetPlatform (115)
[2020.07.15-18.01.48:910][758]LogModuleManager: Shutting down and abandoning module LinuxServerTargetPlatform (113)
[2020.07.15-18.01.48:910][758]LogModuleManager: Shutting down and abandoning module LinuxNoEditorTargetPlatform (111)
[2020.07.15-18.01.48:910][758]LogModuleManager: Shutting down and abandoning module LinuxClientTargetPlatform (109)
[2020.07.15-18.01.48:910][758]LogModuleManager: Shutting down and abandoning module TVOSTargetPlatform (107)
[2020.07.15-18.01.48:910][758]LogModuleManager: Shutting down and abandoning module Messaging (105)
[2020.07.15-18.01.48:910][758]LogModuleManager: Shutting down and abandoning module IOSTargetPlatform (103)
[2020.07.15-18.01.48:910][758]LogModuleManager: Shutting down and abandoning module HTML5TargetPlatform (101)
[2020.07.15-18.01.48:910][758]LogModuleManager: Shutting down and abandoning module AndroidTargetPlatform (99)
[2020.07.15-18.01.48:911][758]LogModuleManager: Shutting down and abandoning module Android_PVRTCTargetPlatform (97)
[2020.07.15-18.01.48:911][758]LogModuleManager: Shutting down and abandoning module Android_MultiTargetPlatform (95)
[2020.07.15-18.01.48:911][758]LogModuleManager: Shutting down and abandoning module Android_ETC2TargetPlatform (93)
[2020.07.15-18.01.48:911][758]LogModuleManager: Shutting down and abandoning module Android_ETC1TargetPlatform (91)
[2020.07.15-18.01.48:911][758]LogModuleManager: Shutting down and abandoning module Android_DXTTargetPlatform (89)
[2020.07.15-18.01.48:911][758]LogModuleManager: Shutting down and abandoning module Android_ATCTargetPlatform (87)
[2020.07.15-18.01.48:911][758]LogModuleManager: Shutting down and abandoning module Android_ASTCTargetPlatform (85)
[2020.07.15-18.01.48:911][758]LogModuleManager: Shutting down and abandoning module WindowsTargetPlatform (83)
[2020.07.15-18.01.48:911][758]LogModuleManager: Shutting down and abandoning module WindowsServerTargetPlatform (81)
[2020.07.15-18.01.48:911][758]LogModuleManager: Shutting down and abandoning module WindowsNoEditorTargetPlatform (79)
[2020.07.15-18.01.48:911][758]LogModuleManager: Shutting down and abandoning module WindowsClientTargetPlatform (77)
[2020.07.15-18.01.48:911][758]LogModuleManager: Shutting down and abandoning module MacTargetPlatform (75)
[2020.07.15-18.01.48:911][758]LogModuleManager: Shutting down and abandoning module MacServerTargetPlatform (73)
[2020.07.15-18.01.48:911][758]LogModuleManager: Shutting down and abandoning module MacNoEditorTargetPlatform (71)
[2020.07.15-18.01.48:911][758]LogModuleManager: Shutting down and abandoning module MacClientTargetPlatform (69)
[2020.07.15-18.01.48:911][758]LogModuleManager: Shutting down and abandoning module AllDesktopTargetPlatform (67)
[2020.07.15-18.01.48:911][758]LogModuleManager: Shutting down and abandoning module InputCore (64)
[2020.07.15-18.01.48:911][758]LogModuleManager: Shutting down and abandoning module Settings (62)
[2020.07.15-18.01.48:911][758]LogModuleManager: Shutting down and abandoning module PhysXCooking (60)
[2020.07.15-18.01.48:911][758]LogModuleManager: Shutting down and abandoning module SteamVR (58)
[2020.07.15-18.01.48:911][758]LogModuleManager: Shutting down and abandoning module OculusHMD (56)
[2020.07.15-18.01.48:911][758]LogModuleManager: Shutting down and abandoning module ExampleDeviceProfileSelector (54)
[2020.07.15-18.01.48:911][758]LogModuleManager: Shutting down and abandoning module AppleARKit (52)
[2020.07.15-18.01.48:911][758]LogModuleManager: Shutting down and abandoning module AugmentedReality (51)
[2020.07.15-18.01.48:911][758]LogModuleManager: Shutting down and abandoning module OnlineBlueprintSupport (48)
[2020.07.15-18.01.48:911][758]LogModuleManager: Shutting down and abandoning module OnlineSubsystem (44)
[2020.07.15-18.01.48:911][758]LogModuleManager: Shutting down and abandoning module XMPP (43)
[2020.07.15-18.01.48:912][758]LogModuleManager: Shutting down and abandoning module HTTP (41)
[2020.07.15-18.01.48:912][758]LogHttp: Display: Http module shutting down, but needs to wait on 1 outstanding Http requests:
[2020.07.15-18.01.48:912][758]LogHttp: Display: 	verb=[POST] url=[https://datarouter.ol.epicgames.com/datarouter/api/v1/public/data?SessionID=%7B19133224-490F-C4CD-46A3-30BAB38546B6%7D&AppID=UEEditor.Rocket.Release&AppVersion=4.18.3-3832480%2B%2B%2BUE4%2BRelease-4.18&UserID=a63aaf7940df8aac408f4687c13a1b9f%7C78761d4d7dfc442c95b06415b6a08260%7Ca938bca2-861c-4cd8-a19e-4c46ccceef43&AppEnvironment=datacollector-binary&UploadType=eteventstream] status=Processing
[2020.07.15-18.01.48:912][758]LogHttp: Display: Sleeping 0.5s to wait for 1 outstanding Http requests.
[2020.07.15-18.01.49:431][758]LogModuleManager: Shutting down and abandoning module SSL (40)
[2020.07.15-18.01.49:433][758]LogModuleManager: Shutting down and abandoning module AnimationModifiers (36)
[2020.07.15-18.01.49:433][758]LogModuleManager: Shutting down and abandoning module PropertyEditor (35)
[2020.07.15-18.01.49:433][758]LogModuleManager: Shutting down and abandoning module AudioEditor (32)
[2020.07.15-18.01.49:433][758]LogModuleManager: Shutting down and abandoning module TextureCompressor (30)
[2020.07.15-18.01.49:434][758]LogModuleManager: Shutting down and abandoning module ShaderCore (28)
[2020.07.15-18.01.49:434][758]LogModuleManager: Shutting down and abandoning module Landscape (26)
[2020.07.15-18.01.49:434][758]LogModuleManager: Shutting down and abandoning module SlateRHIRenderer (24)
[2020.07.15-18.01.49:435][758]LogModuleManager: Shutting down and abandoning module OpenGLDrv (22)
[2020.07.15-18.01.49:435][758]LogModuleManager: Shutting down and abandoning module D3D11RHI (20)
[2020.07.15-18.01.49:435][758]LogModuleManager: Shutting down and abandoning module AnimGraphRuntime (18)
[2020.07.15-18.01.49:435][758]LogModuleManager: Shutting down and abandoning module Renderer (16)
[2020.07.15-18.01.49:435][758]LogModuleManager: Shutting down and abandoning module Engine (14)
[2020.07.15-18.01.49:435][758]LogModuleManager: Shutting down and abandoning module CoreUObject (12)
[2020.07.15-18.01.49:435][758]LogModuleManager: Shutting down and abandoning module NetworkFile (10)
[2020.07.15-18.01.49:435][758]LogModuleManager: Shutting down and abandoning module CookedIterativeFile (8)
[2020.07.15-18.01.49:435][758]LogModuleManager: Shutting down and abandoning module StreamingFile (6)
[2020.07.15-18.01.49:435][758]LogModuleManager: Shutting down and abandoning module SandboxFile (4)
[2020.07.15-18.01.49:435][758]LogModuleManager: Shutting down and abandoning module PakFile (2)
[2020.07.15-18.01.49:445][758]LogExit: Exiting.
[2020.07.15-18.01.49:464][758]Log file closed, 07/15/20 22:31:49
