Log file open, 05/05/20 13:15:27
LogWindows: Failed to load 'aqProf.dll' (GetLastError=126)
LogWindows: File 'aqProf.dll' does not exist
LogWindows: Failed to load 'VSPerf140.dll' (GetLastError=126)
LogWindows: File 'VSPerf140.dll' does not exist
LogWindows: Failed to load 'VtuneApi.dll' (GetLastError=126)
LogWindows: File 'VtuneApi.dll' does not exist
LogWindows: Failed to load 'VtuneApi32e.dll' (GetLastError=126)
LogWindows: File 'VtuneApi32e.dll' does not exist
LogInit: Display: Running engine for game: FinalLandscape
LogPlatformFile: Not using cached read wrapper
LogInit: Display: RandInit(381563007) SRandInit(381563008).
LogInit: Read version file with build ID '3709383'
LogInit: Overriding engine version to CL 3794801, compatible CL 3709383
LogInit: Registered custom module enumerator with build ID '3709383'
LogTaskGraph: Started task graph with 5 named threads and 14 total threads with 3 sets of task threads.
LogStats: Stats thread started at 0.187844
LogD3D11RHI: Aftermath initialized
LogModuleManager: Display: Found up-to-date module file ../../../Engine/Plugins/FMODStudio/Binaries/Win64/UE4Editor-FMODStudio.dll (API version 3709383).
LogModuleManager: Display: Found up-to-date module file ../../../Engine/Plugins/FMODStudio/Binaries/Win64/UE4Editor-FMODStudioEditor.dll (API version 3709383).
LogModuleManager: Display: Found up-to-date module file ../../../Engine/Plugins/2D/Paper2D/Binaries/Win64/UE4Editor-Paper2D.dll (API version 3709383).
LogModuleManager: Display: Found up-to-date module file ../../../Engine/Plugins/2D/Paper2D/Binaries/Win64/UE4Editor-Paper2DEditor.dll (API version 3709383).
LogModuleManager: Display: Found up-to-date module file ../../../Engine/Plugins/2D/Paper2D/Binaries/Win64/UE4Editor-PaperSpriteSheetImporter.dll (API version 3709383).
LogModuleManager: Display: Found up-to-date module file ../../../Engine/Plugins/2D/Paper2D/Binaries/Win64/UE4Editor-PaperTiledImporter.dll (API version 3709383).
LogModuleManager: Display: Found up-to-date module file ../../../Engine/Plugins/2D/Paper2D/Binaries/Win64/UE4Editor-SmartSnapping.dll (API version 3709383).
LogModuleManager: Display: Found up-to-date module file ../../../Engine/Plugins/Blendables/LightPropagationVolume/Binaries/Win64/UE4Editor-LightPropagationVolumeRuntime.dll (API version 3709383).
LogModuleManager: Display: Found up-to-date module file ../../../Engine/Plugins/Blendables/LightPropagationVolume/Binaries/Win64/UE4Editor-LightPropagationVolumeEditor.dll (API version 3709383).
LogModuleManager: Display: Found up-to-date module file ../../../Engine/Plugins/Developer/GitSourceControl/Binaries/Win64/UE4Editor-GitSourceControl.dll (API version 3709383).
LogModuleManager: Display: Found up-to-date module file ../../../Engine/Plugins/Developer/PerforceSourceControl/Binaries/Win64/UE4Editor-PerforceSourceControl.dll (API version 3709383).
LogModuleManager: Display: Found up-to-date module file ../../../Engine/Plugins/Developer/SubversionSourceControl/Binaries/Win64/UE4Editor-SubversionSourceControl.dll (API version 3709383).
LogModuleManager: Display: Found up-to-date module file ../../../Engine/Plugins/Developer/UObjectPlugin/Binaries/Win64/UE4Editor-UObjectPlugin.dll (API version 3709383).
LogModuleManager: Display: Found up-to-date module file ../../../Engine/Plugins/Developer/VisualStudioCodeSourceCodeAccess/Binaries/Win64/UE4Editor-VisualStudioCodeSourceCodeAccess.dll (API version 3709383).
LogModuleManager: Display: Found up-to-date module file ../../../Engine/Plugins/Developer/VisualStudioSourceCodeAccess/Binaries/Win64/UE4Editor-VisualStudioSourceCodeAccess.dll (API version 3709383).
LogModuleManager: Display: Found up-to-date module file ../../../Engine/Plugins/Editor/AssetManagerEditor/Binaries/Win64/UE4Editor-AssetManagerEditor.dll (API version 3709383).
LogModuleManager: Display: Found up-to-date module file ../../../Engine/Plugins/Editor/AudioCapture/Binaries/Win64/UE4Editor-AudioCapture.dll (API version 3709383).
LogModuleManager: Display: Found up-to-date module file ../../../Engine/Plugins/Editor/FacialAnimation/Binaries/Win64/UE4Editor-FacialAnimation.dll (API version 3709383).
LogModuleManager: Display: Found up-to-date module file ../../../Engine/Plugins/Editor/FacialAnimation/Binaries/Win64/UE4Editor-FacialAnimationEditor.dll (API version 3709383).
LogModuleManager: Display: Found up-to-date module file ../../../Engine/Plugins/Editor/GameplayTagsEditor/Binaries/Win64/UE4Editor-GameplayTagsEditor.dll (API version 3709383).
LogModuleManager: Display: Found up-to-date module file ../../../Engine/Plugins/Editor/MobileLauncherProfileWizard/Binaries/Win64/UE4Editor-MobileLauncherProfileWizard.dll (API version 3709383).
LogModuleManager: Display: Found up-to-date module file ../../../Engine/Plugins/Editor/PluginBrowser/Binaries/Win64/UE4Editor-PluginBrowser.dll (API version 3709383).
LogModuleManager: Display: Found up-to-date module file ../../../Engine/Plugins/Editor/SpeedTreeImporter/Binaries/Win64/UE4Editor-SpeedTreeImporter.dll (API version 3709383).
LogModuleManager: Display: Found up-to-date module file ../../../Engine/Plugins/Experimental/AlembicImporter/Binaries/Win64/UE4Editor-AlembicImporter.dll (API version 3709383).
LogModuleManager: Display: Found up-to-date module file ../../../Engine/Plugins/Experimental/AlembicImporter/Binaries/Win64/UE4Editor-AlembicLibrary.dll (API version 3709383).
LogModuleManager: Display: Found up-to-date module file ../../../Engine/Plugins/Experimental/CharacterAI/Binaries/Win64/UE4Editor-CharacterAI.dll (API version 3709383).
LogModuleManager: Display: Found up-to-date module file ../../../Engine/Plugins/Experimental/HTML5Networking/Binaries/Win64/UE4Editor-HTML5Networking.dll (API version 3709383).
LogModuleManager: Display: Found up-to-date module file ../../../Engine/Plugins/Media/AndroidMedia/Binaries/Win64/UE4Editor-AndroidMediaEditor.dll (API version 3709383).
LogModuleManager: Display: Found up-to-date module file ../../../Engine/Plugins/Media/AndroidMedia/Binaries/Win64/UE4Editor-AndroidMediaFactory.dll (API version 3709383).
LogModuleManager: Display: Found up-to-date module file ../../../Engine/Plugins/Media/AvfMedia/Binaries/Win64/UE4Editor-AvfMediaEditor.dll (API version 3709383).
LogModuleManager: Display: Found up-to-date module file ../../../Engine/Plugins/Media/AvfMedia/Binaries/Win64/UE4Editor-AvfMediaFactory.dll (API version 3709383).
LogModuleManager: Display: Found up-to-date module file ../../../Engine/Plugins/Media/AvfMedia/Binaries/Win64/UE4Editor-AvfMediaFactory.dll (API version 3709383).
LogModuleManager: Display: Found up-to-date module file ../../../Engine/Plugins/Media/ImgMedia/Binaries/Win64/UE4Editor-ImgMedia.dll (API version 3709383).
LogModuleManager: Display: Found up-to-date module file ../../../Engine/Plugins/Media/ImgMedia/Binaries/Win64/UE4Editor-ImgMediaEditor.dll (API version 3709383).
LogModuleManager: Display: Found up-to-date module file ../../../Engine/Plugins/Media/ImgMedia/Binaries/Win64/UE4Editor-ImgMediaFactory.dll (API version 3709383).
LogModuleManager: Display: Found up-to-date module file ../../../Engine/Plugins/Media/ImgMedia/Binaries/Win64/UE4Editor-ImgMediaFactory.dll (API version 3709383).
LogModuleManager: Display: Found up-to-date module file ../../../Engine/Plugins/Media/ImgMedia/Binaries/Win64/UE4Editor-OpenExrWrapper.dll (API version 3709383).
LogModuleManager: Display: Found up-to-date module file ../../../Engine/Plugins/Media/MediaCompositing/Binaries/Win64/UE4Editor-MediaCompositing.dll (API version 3709383).
LogModuleManager: Display: Found up-to-date module file ../../../Engine/Plugins/Media/MediaCompositing/Binaries/Win64/UE4Editor-MediaCompositingEditor.dll (API version 3709383).
LogModuleManager: Display: Found up-to-date module file ../../../Engine/Plugins/Media/MediaPlayerEditor/Binaries/Win64/UE4Editor-MediaPlayerEditor.dll (API version 3709383).
LogModuleManager: Display: Found up-to-date module file ../../../Engine/Plugins/Media/WmfMedia/Binaries/Win64/UE4Editor-WmfMedia.dll (API version 3709383).
LogModuleManager: Display: Found up-to-date module file ../../../Engine/Plugins/Media/WmfMedia/Binaries/Win64/UE4Editor-WmfMediaEditor.dll (API version 3709383).
LogModuleManager: Display: Found up-to-date module file ../../../Engine/Plugins/Media/WmfMedia/Binaries/Win64/UE4Editor-WmfMediaFactory.dll (API version 3709383).
LogModuleManager: Display: Found up-to-date module file ../../../Engine/Plugins/Media/WmfMedia/Binaries/Win64/UE4Editor-WmfMediaFactory.dll (API version 3709383).
LogModuleManager: Display: Found up-to-date module file ../../../Engine/Plugins/Messaging/TcpMessaging/Binaries/Win64/UE4Editor-TcpMessaging.dll (API version 3709383).
LogModuleManager: Display: Found up-to-date module file ../../../Engine/Plugins/Messaging/UdpMessaging/Binaries/Win64/UE4Editor-UdpMessaging.dll (API version 3709383).
LogModuleManager: Display: Found up-to-date module file ../../../Engine/Plugins/MovieScene/ActorSequence/Binaries/Win64/UE4Editor-ActorSequence.dll (API version 3709383).
LogModuleManager: Display: Found up-to-date module file ../../../Engine/Plugins/MovieScene/LevelSequenceEditor/Binaries/Win64/UE4Editor-LevelSequenceEditor.dll (API version 3709383).
LogModuleManager: Display: Found up-to-date module file ../../../Engine/Plugins/MovieScene/MatineeToLevelSequence/Binaries/Win64/UE4Editor-MatineeToLevelSequence.dll (API version 3709383).
LogModuleManager: Display: Found up-to-date module file ../../../Engine/Plugins/Online/OnlineSubsystem/Binaries/Win64/UE4Editor-OnlineSubsystem.dll (API version 3709383).
LogModuleManager: Display: Found up-to-date module file ../../../Engine/Plugins/Runtime/AndroidPermission/Binaries/Win64/UE4Editor-AndroidPermission.dll (API version 3709383).
LogModuleManager: Display: Found up-to-date module file ../../../Engine/Plugins/Online/OnlineSubsystemNull/Binaries/Win64/UE4Editor-OnlineSubsystemNull.dll (API version 3709383).
LogModuleManager: Display: Found up-to-date module file ../../../Engine/Plugins/Online/OnlineSubsystemUtils/Binaries/Win64/UE4Editor-OnlineSubsystemUtils.dll (API version 3709383).
LogModuleManager: Display: Found up-to-date module file ../../../Engine/Plugins/Online/OnlineSubsystemUtils/Binaries/Win64/UE4Editor-OnlineBlueprintSupport.dll (API version 3709383).
LogModuleManager: Display: Found up-to-date module file ../../../Engine/Plugins/Runtime/AndroidDeviceProfileSelector/Binaries/Win64/UE4Editor-AndroidDeviceProfileSelector.dll (API version 3709383).
LogModuleManager: Display: Found up-to-date module file ../../../Engine/Plugins/Runtime/AppleARKit/Binaries/Win64/UE4Editor-AppleARKit.dll (API version 3709383).
LogModuleManager: Display: Found up-to-date module file ../../../Engine/Plugins/Runtime/ArchVisCharacter/Binaries/Win64/UE4Editor-ArchVisCharacter.dll (API version 3709383).
LogModuleManager: Display: Found up-to-date module file ../../../Engine/Plugins/Runtime/CableComponent/Binaries/Win64/UE4Editor-CableComponent.dll (API version 3709383).
LogModuleManager: Display: Found up-to-date module file ../../../Engine/Plugins/Runtime/CustomMeshComponent/Binaries/Win64/UE4Editor-CustomMeshComponent.dll (API version 3709383).
LogModuleManager: Display: Found up-to-date module file ../../../Engine/Plugins/Runtime/ExampleDeviceProfileSelector/Binaries/Win64/UE4Editor-ExampleDeviceProfileSelector.dll (API version 3709383).
LogModuleManager: Display: Found up-to-date module file ../../../Engine/Plugins/Runtime/ImmediatePhysics/Binaries/Win64/UE4Editor-ImmediatePhysics.dll (API version 3709383).
LogModuleManager: Display: Found up-to-date module file ../../../Engine/Plugins/Runtime/ImmediatePhysics/Binaries/Win64/UE4Editor-ImmediatePhysicsEditor.dll (API version 3709383).
LogModuleManager: Display: Found up-to-date module file ../../../Engine/Plugins/Runtime/LocationServicesBPLibrary/Binaries/Win64/UE4Editor-LocationServicesBPLibrary.dll (API version 3709383).
LogModuleManager: Display: Found up-to-date module file ../../../Engine/Plugins/Runtime/MobilePatchingUtils/Binaries/Win64/UE4Editor-MobilePatchingUtils.dll (API version 3709383).
LogModuleManager: Display: Found up-to-date module file ../../../Engine/Plugins/Runtime/Oculus/OculusVR/Binaries/Win64/UE4Editor-OculusHMD.dll (API version 3709383).
LogModuleManager: Display: Found up-to-date module file ../../../Engine/Plugins/Runtime/Oculus/OculusVR/Binaries/Win64/UE4Editor-OculusInput.dll (API version 3709383).
LogModuleManager: Display: Found up-to-date module file ../../../Engine/Plugins/Runtime/Oculus/OculusVR/Binaries/Win64/UE4Editor-OculusEditor.dll (API version 3709383).
LogModuleManager: Display: Found up-to-date module file ../../../Engine/Plugins/Runtime/PhysXVehicles/Binaries/Win64/UE4Editor-PhysXVehicles.dll (API version 3709383).
LogModuleManager: Display: Found up-to-date module file ../../../Engine/Plugins/Runtime/PhysXVehicles/Binaries/Win64/UE4Editor-PhysXVehiclesEditor.dll (API version 3709383).
LogModuleManager: Display: Found up-to-date module file ../../../Engine/Plugins/Runtime/ProceduralMeshComponent/Binaries/Win64/UE4Editor-ProceduralMeshComponent.dll (API version 3709383).
LogModuleManager: Display: Found up-to-date module file ../../../Engine/Plugins/Runtime/ProceduralMeshComponent/Binaries/Win64/UE4Editor-ProceduralMeshComponentEditor.dll (API version 3709383).
LogModuleManager: Display: Found up-to-date module file ../../../Engine/Plugins/Runtime/RuntimePhysXCooking/Binaries/Win64/UE4Editor-RuntimePhysXCooking.dll (API version 3709383).
LogModuleManager: Display: Found up-to-date module file ../../../Engine/Plugins/Runtime/Steam/SteamVR/Binaries/Win64/UE4Editor-SteamVR.dll (API version 3709383).
LogModuleManager: Display: Found up-to-date module file ../../../Engine/Plugins/Runtime/Steam/SteamVR/Binaries/Win64/UE4Editor-SteamVRController.dll (API version 3709383).
LogModuleManager: Display: Found up-to-date module file ../../../Engine/Plugins/Runtime/WindowsMoviePlayer/Binaries/Win64/UE4Editor-WindowsMoviePlayer.dll (API version 3709383).
LogModuleManager: Display: Found up-to-date module file ../../../Engine/Plugins/UnrealEnginePython/Binaries/Win64/UE4Editor-UnrealEnginePython.dll (API version 3709383).
LogModuleManager: Display: Found up-to-date module file ../../../Engine/Plugins/UnrealEnginePython/Binaries/Win64/UE4Editor-PythonConsole.dll (API version 3709383).
LogModuleManager: Display: Found up-to-date module file ../../../Engine/Plugins/UnrealEnginePython/Binaries/Win64/UE4Editor-PythonEditor.dll (API version 3709383).
LogPluginManager: Mounting plugin Paper2D
LogPluginManager: Mounting plugin LightPropagationVolume
LogPluginManager: Mounting plugin CodeLiteSourceCodeAccess
LogPluginManager: Mounting plugin GitSourceControl
LogPluginManager: Mounting plugin KDevelopSourceCodeAccess
LogPluginManager: Mounting plugin NullSourceCodeAccess
LogPluginManager: Mounting plugin PerforceSourceControl
LogPluginManager: Mounting plugin SubversionSourceControl
LogPluginManager: Mounting plugin UObjectPlugin
LogPluginManager: Mounting plugin VisualStudioCodeSourceCodeAccess
LogPluginManager: Mounting plugin VisualStudioSourceCodeAccess
LogPluginManager: Mounting plugin XCodeSourceCodeAccess
LogPluginManager: Mounting plugin AssetManagerEditor
LogPluginManager: Mounting plugin AudioCapture
LogPluginManager: Mounting plugin FacialAnimation
LogPluginManager: Mounting plugin GameplayTagsEditor
LogPluginManager: Mounting plugin MobileLauncherProfileWizard
LogPluginManager: Mounting plugin PluginBrowser
LogPluginManager: Mounting plugin SpeedTreeImporter
LogPluginManager: Mounting plugin AlembicImporter
LogPluginManager: Mounting plugin CharacterAI
LogPluginManager: Mounting plugin HTML5Networking
LogPluginManager: Mounting plugin FMODStudio
LogPluginManager: Mounting plugin AndroidMedia
LogPluginManager: Mounting plugin AvfMedia
LogPluginManager: Mounting plugin ImgMedia
LogPluginManager: Mounting plugin MediaCompositing
LogPluginManager: Mounting plugin MediaPlayerEditor
LogPluginManager: Mounting plugin WmfMedia
LogPluginManager: Mounting plugin TcpMessaging
LogPluginManager: Mounting plugin UdpMessaging
LogPluginManager: Mounting plugin ActorSequence
LogPluginManager: Mounting plugin LevelSequenceEditor
LogPluginManager: Mounting plugin MatineeToLevelSequence
LogPluginManager: Mounting plugin OnlineSubsystemGooglePlay
LogPluginManager: Mounting plugin OnlineSubsystemIOS
LogPluginManager: Mounting plugin OnlineSubsystem
LogPluginManager: Mounting plugin OnlineSubsystemNull
LogPluginManager: Mounting plugin OnlineSubsystemUtils
LogPluginManager: Mounting plugin AndroidDeviceProfileSelector
LogPluginManager: Mounting plugin AndroidMoviePlayer
LogPluginManager: Mounting plugin AndroidPermission
LogPluginManager: Mounting plugin AppleARKit
LogPluginManager: Mounting plugin AppleMoviePlayer
LogPluginManager: Mounting plugin ArchVisCharacter
LogPluginManager: Mounting plugin CableComponent
LogPluginManager: Mounting plugin CustomMeshComponent
LogPluginManager: Mounting plugin ExampleDeviceProfileSelector
LogPluginManager: Mounting plugin GoogleCloudMessaging
LogPluginManager: Mounting plugin ImmediatePhysics
LogPluginManager: Mounting plugin IOSDeviceProfileSelector
LogPluginManager: Mounting plugin LinuxDeviceProfileSelector
LogPluginManager: Mounting plugin LocationServicesBPLibrary
LogPluginManager: Mounting plugin MobilePatchingUtils
LogPluginManager: Mounting plugin OculusVR
LogPluginManager: Plugin shader directory ../../../Engine/Plugins/Runtime/Oculus/OculusVR/Shaders found
LogPluginManager: Mapping shader source directory ../../../Engine/Plugins/Runtime/Oculus/OculusVR/Shaders to virtual directory /Plugin/OculusVR
LogPluginManager: Mounting plugin PhysXVehicles
LogPluginManager: Mounting plugin ProceduralMeshComponent
LogPluginManager: Mounting plugin RuntimePhysXCooking
LogPluginManager: Mounting plugin SteamVR
LogPluginManager: Mounting plugin WindowsMoviePlayer
LogPluginManager: Mounting plugin UnrealEnginePython
LogInit: Using libcurl 7.47.1
LogInit:  - built for x86_64-pc-win32
LogInit:  - supports SSL with OpenSSL/1.0.2g
LogInit:  - supports HTTP deflate (compression) using libz 1.2.8
LogInit:  - other features:
LogInit:      CURL_VERSION_SSL
LogInit:      CURL_VERSION_LIBZ
LogInit:      CURL_VERSION_IPV6
LogInit:      CURL_VERSION_ASYNCHDNS
LogInit:      CURL_VERSION_LARGEFILE
LogInit:      CURL_VERSION_IDN
LogInit:  CurlRequestOptions (configurable via config and command line):
LogInit:  - bVerifyPeer = false  - Libcurl will NOT verify peer certificate
LogInit:  - bUseHttpProxy = false  - Libcurl will NOT use HTTP proxy
LogInit:  - bDontReuseConnections = false  - Libcurl will reuse connections
LogInit:  - CertBundlePath = nullptr  - Libcurl will use whatever was configured at build time.
LogInit: Build: ++UE4+Release-4.18-CL-3794801
LogInit: Engine Version: 4.18.2-3794801+++UE4+Release-4.18
LogInit: Compatible Engine Version: 4.18.0-3709383+++UE4+Release-4.18
LogInit: Net CL: 3709383
LogDevObjectVersion: Number of dev versions registered: 16
LogDevObjectVersion:   Dev-Blueprints (B0D832E4-1F89-4F0D-ACCF-7EB736FD4AA2): 10
LogDevObjectVersion:   Dev-Build (E1C64328-A22C-4D53-A36C-8E866417BD8C): 0
LogDevObjectVersion:   Dev-Core (375EC13C-06E4-48FB-B500-84F0262A717E): 2
LogDevObjectVersion:   Dev-Editor (E4B068ED-F494-42E9-A231-DA0B2E46BB41): 20
LogDevObjectVersion:   Dev-Framework (CFFC743F-43B0-4480-9391-14DF171D2073): 30
LogDevObjectVersion:   Dev-Mobile (B02B49B5-BB20-44E9-A304-32B752E40360): 0
LogDevObjectVersion:   Dev-Networking (A4E4105C-59A1-49B5-A7C5-40C4547EDFEE): 0
LogDevObjectVersion:   Dev-Online (39C831C9-5AE6-47DC-9A44-9C173E1C8E7C): 0
LogDevObjectVersion:   Dev-Physics (78F01B33-EBEA-4F98-B9B4-84EACCB95AA2): 0
LogDevObjectVersion:   Dev-Platform (6631380F-2D4D-43E0-8009-CF276956A95A): 0
LogDevObjectVersion:   Dev-Rendering (12F88B9F-8875-4AFC-A67C-D90C383ABD29): 20
LogDevObjectVersion:   Dev-Sequencer (7B5AE74C-D270-4C10-A958-57980B212A5A): 4
LogDevObjectVersion:   Dev-VR (D7296918-1DD6-4BDD-9DE2-64A83CC13884): 0
LogDevObjectVersion:   Dev-LoadTimes (C2A15278-BFE7-4AFE-6C17-90FF531DF755): 1
LogDevObjectVersion:   Private-Geometry (6EACA3D4-40EC-4CC1-B786-8BED09428FC5): 1
LogDevObjectVersion:   Dev-AnimPhys (29E575DD-E0A3-4627-9D10-D276232CDCEA): 12
LogInit: Compiled (64-bit): Dec  8 2017 02:04:53
LogInit: Compiled with Visual C++: 19.00.24215.01
LogInit: Build Configuration: Development
LogInit: Branch Name: ++UE4+Release-4.18
LogInit: Command line: 
LogInit: Base directory: F:/engine/Unreal Engine 4.18.2/Unreal Engine 4.18.2/UE_4.18/Engine/Binaries/Win64/
LogInit: Installed Engine Build: 1
LogInit: Presizing for max 8388607 objects, including 0 objects not considered by GC, pre-allocating 0 bytes for permanent pool.
LogInit: Object subsystem initialized
[2020.05.05-08.45.29:107][  0]LogInit: Selected Device Profile: [Windows]
[2020.05.05-08.45.29:107][  0]LogInit: Applying CVar settings loaded from the selected device profile: [Windows]
[2020.05.05-08.45.29:120][  0]LogInit: Computer: DESKTOP-QM6AJTB
[2020.05.05-08.45.29:120][  0]LogInit: User: anass
[2020.05.05-08.45.29:120][  0]LogInit: CPU Page size=4096, Cores=4
[2020.05.05-08.45.29:120][  0]LogInit: High frequency timer resolution =10.000000 MHz
[2020.05.05-08.45.29:121][  0]LogMemory: Memory total: Physical=15.9GB (16GB approx)
[2020.05.05-08.45.29:121][  0]LogMemory: Platform Memory Stats for Windows
[2020.05.05-08.45.29:121][  0]LogMemory: Process Physical Memory: 273.45 MB used, 273.46 MB peak
[2020.05.05-08.45.29:121][  0]LogMemory: Process Virtual Memory: 271.82 MB used, 271.82 MB peak
[2020.05.05-08.45.29:121][  0]LogMemory: Physical Memory: 8196.99 MB used,  8068.09 MB free, 16265.07 MB total
[2020.05.05-08.45.29:121][  0]LogMemory: Virtual Memory: 4765.46 MB used,  8068.09 MB free, 134217728.00 MB total
[2020.05.05-08.45.29:282][  0]LogInit: Using OS detected language (en-US).
[2020.05.05-08.45.29:282][  0]LogInit: Using OS detected locale (en-US).
[2020.05.05-08.45.29:285][  0]LogTextLocalizationManager: No specific localization for 'en-US' exists, so the 'en' localization will be used.
[2020.05.05-08.45.29:732][  0]LogInit: Setting process to per monitor DPI aware
[2020.05.05-08.45.30:058][  0]LogD3D11RHI: D3D11 adapters:
[2020.05.05-08.45.30:138][  0]LogD3D11RHI:    0. 'NVIDIA GeForce GTX 1050 Ti' (Feature Level 11_0)
[2020.05.05-08.45.30:138][  0]LogD3D11RHI:       4021/0/8132 MB DedicatedVideo/DedicatedSystem/SharedSystem, Outputs:2, VendorId:0x10de
[2020.05.05-08.45.30:148][  0]LogD3D11RHI:    1. 'Intel(R) HD Graphics 630' (Feature Level 11_0)
[2020.05.05-08.45.30:148][  0]LogD3D11RHI:       128/0/8132 MB DedicatedVideo/DedicatedSystem/SharedSystem, Outputs:0, VendorId:0x8086
[2020.05.05-08.45.30:151][  0]LogD3D11RHI:    2. 'Microsoft Basic Render Driver' (Feature Level 11_0)
[2020.05.05-08.45.30:151][  0]LogD3D11RHI:       0/0/8132 MB DedicatedVideo/DedicatedSystem/SharedSystem, Outputs:0, VendorId:0x1414
[2020.05.05-08.45.30:151][  0]LogD3D11RHI: Chosen D3D11 Adapter: 0
[2020.05.05-08.45.30:179][  0]LogD3D11RHI: Creating new Direct3DDevice
[2020.05.05-08.45.30:179][  0]LogD3D11RHI:     GPU DeviceId: 0x1c8c (for the marketing name, search the web for "GPU Device Id")
[2020.05.05-08.45.30:179][  0]LogWindows: EnumDisplayDevices:
[2020.05.05-08.45.30:179][  0]LogWindows:    0. 'Intel(R) HD Graphics 630' (P:1 D:1)
[2020.05.05-08.45.30:179][  0]LogWindows:    1. 'Intel(R) HD Graphics 630' (P:0 D:1)
[2020.05.05-08.45.30:180][  0]LogWindows:    2. 'Intel(R) HD Graphics 630' (P:0 D:0)
[2020.05.05-08.45.30:180][  0]LogWindows: DebugString: GetVideoDriverDetailsInvalid PrimaryIsNotTheChoosenAdapter GetVideoDriverDetailsInvalid PrimaryIsNotTheChoosenAdapter GetVideoDriverDetailsInvalid PrimaryIsNotTheChoosenAdapter FoundDriverCount:0 
[2020.05.05-08.45.30:180][  0]LogD3D11RHI:     Adapter Name: NVIDIA GeForce GTX 1050 Ti
[2020.05.05-08.45.30:180][  0]LogD3D11RHI:   Driver Version: Unknown (internal:Unknown, unified:Unknown)
[2020.05.05-08.45.30:180][  0]LogD3D11RHI:      Driver Date: Unknown
[2020.05.05-08.45.30:180][  0]LogRHI: Texture pool is 2814 MB (70% of 4021 MB)
[2020.05.05-08.45.30:236][  0]LogD3D11RHI: Async texture creation enabled
[2020.05.05-08.45.30:250][  0]LogD3D11RHI: GPU Timing Frequency: 1000.000000 (Debug: 2 1)
[2020.05.05-08.45.30:252][  0]LogShaderCompilers: Guid format shader working directory is -13 characters bigger than the processId version (D:/work/Unreal Engine work/GitHub/Landscape/FinalLandscape/Intermediate/Shaders/WorkingDirectory/12204/).
[2020.05.05-08.45.30:252][  0]LogShaderCompilers: Cleaned the shader compiler working directory 'C:/Users/anass/AppData/Local/Temp/UnrealShaderWorkingDir/BA97C7B2443CA001F15111BB8F05F118/'.
[2020.05.05-08.45.30:252][  0]LogShaderCompilers: Display: Using Local Shader Compiler.
[2020.05.05-08.45.31:319][  0]LogTemp: Display: Loaded TP AllDesktopTargetPlatform
[2020.05.05-08.45.31:396][  0]LogTemp: Display: Loaded TP MacClientTargetPlatform
[2020.05.05-08.45.31:480][  0]LogTemp: Display: Loaded TP MacNoEditorTargetPlatform
[2020.05.05-08.45.31:542][  0]LogTemp: Display: Loaded TP MacServerTargetPlatform
[2020.05.05-08.45.31:667][  0]LogTemp: Display: Loaded TP MacTargetPlatform
[2020.05.05-08.45.31:799][  0]LogTemp: Display: Loaded TP WindowsClientTargetPlatform
[2020.05.05-08.45.31:910][  0]LogTemp: Display: Loaded TP WindowsNoEditorTargetPlatform
[2020.05.05-08.45.31:966][  0]LogTemp: Display: Loaded TP WindowsServerTargetPlatform
[2020.05.05-08.45.32:039][  0]LogTemp: Display: Loaded TP WindowsTargetPlatform
[2020.05.05-08.45.32:105][  0]LogTemp: Display: Loaded TP Android_ASTCTargetPlatform
[2020.05.05-08.45.32:179][  0]LogTemp: Display: Loaded TP Android_ATCTargetPlatform
[2020.05.05-08.45.32:250][  0]LogTemp: Display: Loaded TP Android_DXTTargetPlatform
[2020.05.05-08.45.32:327][  0]LogTemp: Display: Loaded TP Android_ETC1TargetPlatform
[2020.05.05-08.45.32:405][  0]LogTemp: Display: Loaded TP Android_ETC2TargetPlatform
[2020.05.05-08.45.32:530][  0]LogTemp: Display: Loaded TP Android_MultiTargetPlatform
[2020.05.05-08.45.32:530][  0]LogTemp: Display: Loaded TP Android_PVRTCTargetPlatform
[2020.05.05-08.45.32:598][  0]LogTemp: Display: Loaded TP AndroidTargetPlatform
[2020.05.05-08.45.32:643][  0]LogTemp: Display: Loaded TP HTML5TargetPlatform
[2020.05.05-08.45.32:754][  0]LogTemp: Display: Loaded TP IOSTargetPlatform
[2020.05.05-08.45.32:788][  0]LogTemp: Display: Loaded TP TVOSTargetPlatform
[2020.05.05-08.45.32:852][  0]LogTemp: Display: Loaded TP LinuxClientTargetPlatform
[2020.05.05-08.45.32:910][  0]LogTemp: Display: Loaded TP LinuxNoEditorTargetPlatform
[2020.05.05-08.45.32:963][  0]LogTemp: Display: Loaded TP LinuxServerTargetPlatform
[2020.05.05-08.45.33:022][  0]LogTemp: Display: Loaded TP LinuxTargetPlatform
[2020.05.05-08.45.33:022][  0]LogTargetPlatformManager: Display: Building Assets For Windows
[2020.05.05-08.45.33:614][  0]LogDerivedDataCache: Display: Max Cache Size: 512 MB
[2020.05.05-08.45.33:705][  0]LogDerivedDataCache: Loaded boot cache 0.09s 78MB C:/Users/anass/AppData/Local/UnrealEngine/4.18/DerivedDataCache/Boot.ddc.
[2020.05.05-08.45.33:705][  0]LogDerivedDataCache: Display: Loaded Boot cache: C:/Users/anass/AppData/Local/UnrealEngine/4.18/DerivedDataCache/Boot.ddc
[2020.05.05-08.45.33:705][  0]LogDerivedDataCache: FDerivedDataBackendGraph:  Pak pak cache file D:/work/Unreal Engine work/GitHub/Landscape/FinalLandscape/DerivedDataCache/DDC.ddp not found, will not use a pak cache.
[2020.05.05-08.45.33:705][  0]LogDerivedDataCache: Unable to find inner node Pak for hierarchical cache Hierarchy.
[2020.05.05-08.45.33:706][  0]LogDerivedDataCache: FDerivedDataBackendGraph:  CompressedPak pak cache file D:/work/Unreal Engine work/GitHub/Landscape/FinalLandscape/DerivedDataCache/Compressed.ddp not found, will not use a pak cache.
[2020.05.05-08.45.33:706][  0]LogDerivedDataCache: Unable to find inner node CompressedPak for hierarchical cache Hierarchy.
[2020.05.05-08.45.33:724][  0]LogDerivedDataCache: Display: Pak cache opened for reading ../../../Engine/DerivedDataCache/Compressed.ddp.
[2020.05.05-08.45.33:737][  0]LogDerivedDataCache: Using Local data cache path C:/Users/anass/AppData/Local/UnrealEngine/Common/DerivedDataCache: Writable
[2020.05.05-08.45.33:748][  0]LogMaterial: Verifying Global Shaders for PCD3D_SM5
[2020.05.05-08.45.33:749][  0]LogSlate: Using Freetype 2.6.0
[2020.05.05-08.45.33:749][  0]LogSlate: SlateFontCache - WITH_FREETYPE: 1, WITH_HARFBUZZ: 1
[2020.05.05-08.45.33:749][  0]LogSlate: SlateFontCache - WITH_FREETYPE: 1, WITH_HARFBUZZ: 1
[2020.05.05-08.45.34:190][  0]LogInit: Selected Device Profile: [Windows]
[2020.05.05-08.45.34:543][  0]LogSimplygon: Simplygon DLL not present - disabling.
[2020.05.05-08.45.34:581][  0]LogMeshReduction: Using SimplygonSwarm for distributed automatic mesh merging
[2020.05.05-08.45.34:581][  0]LogMeshReduction: Using QuadricMeshReduction for automatic static mesh reduction
[2020.05.05-08.45.34:581][  0]LogMeshReduction: No automatic skeletal mesh reduction module available
[2020.05.05-08.45.34:581][  0]LogMeshReduction: No automatic mesh merging module available
[2020.05.05-08.45.34:581][  0]LogMeshMerging: No automatic mesh merging module available
[2020.05.05-08.45.34:630][  0]LogNetVersion: FinalLandscape , NetCL: 3709383, EngineNetVer: 2, GameNetVer: 0 (Checksum: 1576872028)
[2020.05.05-08.45.34:809][  0]LogAssetRegistry: FAssetRegistry took 0.0258 seconds to start up
[2020.05.05-08.45.35:359][  0]LogPackageLocalizationCache: Processed 9 localized package path(s) for 2 prioritized culture(s) in 0.075746 seconds
[2020.05.05-08.45.35:367][  0]LogUObjectArray: 35902 objects as part of root set at end of initial load.
[2020.05.05-08.45.35:367][  0]LogUObjectAllocator: 7372480 out of 0 bytes used by permanent object pool.
[2020.05.05-08.45.35:367][  0]LogUObjectArray: CloseDisregardForGC: 0/0 objects in disregard for GC pool
[2020.05.05-08.45.35:417][  0]LogInit: WinSock: version 1.1 (2.2), MaxSocks=32767, MaxUdp=65467
[2020.05.05-08.45.38:467][  0]LogFMOD: FFMODStudioModule startup
[2020.05.05-08.45.38:467][  0]LogFMOD:  Lib path = '../../../Engine/Plugins/FMODStudio/Binaries'
[2020.05.05-08.45.38:467][  0]LogFMOD: FFMODStudioModule::LoadDll: Loading ../../../Engine/Plugins/FMODStudio/Binaries/Win64/fmodL64.dll
[2020.05.05-08.45.38:474][  0]LogFMOD: FFMODStudioModule::LoadDll: Loading ../../../Engine/Plugins/FMODStudio/Binaries/Win64/fmodstudioL64.dll
[2020.05.05-08.45.38:518][  0]LogFMOD: Loading strings bank: D:/work/Unreal Engine work/GitHub/Landscape/FinalLandscape/Content/FMOD/Desktop/Master Bank.strings.bank
[2020.05.05-08.45.38:520][  0]LogFMOD: Constructing asset: /Game/FMOD/Events/Truck/EngineFull
[2020.05.05-08.45.38:520][  0]LogFMOD: Constructing asset: /Game/FMOD/Events/Truck/Engine_4
[2020.05.05-08.45.38:520][  0]LogFMOD: Constructing asset: /Game/FMOD/Banks/Master_Bank
[2020.05.05-08.45.38:520][  0]LogFMOD: Constructing asset: /Game/FMOD/Events/Truck/Engine_2_(LH)
[2020.05.05-08.45.38:520][  0]LogFMOD: Constructing asset: /Game/FMOD/Events/Truck/HydraulicStart
[2020.05.05-08.45.38:520][  0]LogFMOD: Constructing asset: /Game/FMOD/Events/Truck/Engine_3_(GM)
[2020.05.05-08.45.38:520][  0]LogFMOD: Constructing asset: /Game/FMOD/Events/Truck/reverse_beep
[2020.05.05-08.45.38:520][  0]LogFMOD: Constructing asset: /Game/FMOD/Events/Truck/PressurePump
[2020.05.05-08.45.38:520][  0]LogFMOD: Constructing asset: /Game/FMOD/Events/Truck/Hydaulic
[2020.05.05-08.45.38:520][  0]LogFMOD: Constructing asset: /Game/FMOD/Events/Truck/Tires
[2020.05.05-08.45.38:520][  0]LogFMOD: Skipping asset: bank:/Master Bank.strings
[2020.05.05-08.45.38:520][  0]LogFMOD: Constructing asset: /Game/FMOD/Events/Truck/Engine_1_(HL)
[2020.05.05-08.45.38:520][  0]LogFMOD: Constructing asset: /Game/FMOD/Buses/Reverb
[2020.05.05-08.45.38:521][  0]LogFMOD: Skipping asset: bus:/
[2020.05.05-08.45.38:529][  0]LogFMOD: Default sample rate = 48000
[2020.05.05-08.45.38:529][  0]LogFMOD: System sample rate = 44100
[2020.05.05-08.45.38:529][  0]LogFMOD: Matching system sample rate 44100
[2020.05.05-08.45.38:657][  0]LogFMOD: Default sample rate = 48000
[2020.05.05-08.45.38:657][  0]LogFMOD: System sample rate = 44100
[2020.05.05-08.45.38:657][  0]LogFMOD: Matching system sample rate 44100
[2020.05.05-08.45.38:814][  0]LogTcpMessaging: Initializing TcpMessaging bridge
[2020.05.05-08.45.38:881][  0]LogUdpMessaging: Initializing bridge on interface 0.0.0.0:0 to multicast group 230.0.0.1:6666.
[2020.05.05-08.45.39:759][  0]LogMaterial: Uniform references updated for custom material expression Custom.
[2020.05.05-08.45.40:265][  0]SourceControl: Source control is disabled
[2020.05.05-08.45.40:265][  0]SourceControl: Source control is disabled
[2020.05.05-08.45.40:339][  0]SourceControl: Source control is disabled
[2020.05.05-08.45.40:411][  0]SourceControl: Source control is disabled
[2020.05.05-08.45.41:086][  0]LogFMOD: FFMODStudioEditorModule startup
[2020.05.05-08.45.41:528][  0]LogAndroidPermission: UAndroidPermissionCallbackProxy::GetInstance
[2020.05.05-08.45.41:908][  0]LogOcInput: OculusInput pre-init called
[2020.05.05-08.45.42:205][  0]LogPython: Python Scripts search path: D:/work/Unreal Engine work/GitHub/Landscape/FinalLandscape/Content/Scripts
[2020.05.05-08.45.42:205][  0]LogPython: Python Scripts search path: ../../../Engine/Plugins/UnrealEnginePython
[2020.05.05-08.45.42:205][  0]LogPython: Python VM initialized: 3.6.2 (v3.6.2:5fd33b5, Jul  8 2017, 04:57:36) [MSC v.1900 64 bit (AMD64)]
[2020.05.05-08.45.42:358][  0]LogPython: ####################----------Python Integration for Megascans Initialized----------####################
[2020.05.05-08.45.42:358][  0]LogPython: 

[2020.05.05-08.45.42:358][  0]LogPython: F:\engine\Unreal Engine 4.18.2\Unreal Engine 4.18.2\UE_4.18\Engine\Plugins\UnrealEnginePython\
[2020.05.05-08.45.42:358][  0]LogPython: 

[2020.05.05-08.45.42:421][  0]LogPython: Megascans Integration - LiveLink Initialized...
[2020.05.05-08.45.42:421][  0]LogPython: 

[2020.05.05-08.45.42:422][  0]LogPython: ue_site Python module successfully imported
[2020.05.05-08.45.42:619][  0]LogEngine: Initializing Engine...
[2020.05.05-08.45.42:622][  0]LogHMD: Failed to initialize OpenVR with code 110
[2020.05.05-08.45.42:865][  0]LogStats: UGameplayTagsManager::ConstructGameplayTagTree: Construct from data asset -  0.000 s
[2020.05.05-08.45.42:865][  0]LogStats: UGameplayTagsManager::ConstructGameplayTagTree: GameplayTagTreeChangedEvent.Broadcast -  0.000 s
[2020.05.05-08.45.42:999][  0]LogAIModule: Creating AISystem for world Untitled
[2020.05.05-08.45.43:013][  0]LogInit: XAudio2 using 'Speakers (2- Realtek High Definition Audio)' : 2 channels at 44.1 kHz using 32 bits per sample (channel mask 0x3)
[2020.05.05-08.45.43:128][  0]LogInit: FAudioDevice initialized.
[2020.05.05-08.45.43:216][  0]LogDerivedDataCache: Saved boot cache 0.09s 78MB C:/Users/anass/AppData/Local/UnrealEngine/4.18/DerivedDataCache/Boot.ddc.
[2020.05.05-08.45.43:234][  0]LogInit: Texture streaming: Enabled
[2020.05.05-08.45.43:334][  0]LogEngineSessionManager: EngineSessionManager initialized
[2020.05.05-08.45.43:471][  0]LogInit: Transaction tracking system initialized
[2020.05.05-08.45.43:790][  0]BlueprintLog: New page: Editor Load
[2020.05.05-08.45.44:687][  0]LocalizationService: Localization service is disabled
[2020.05.05-08.45.45:480][  0]LogConsoleResponse: Display: 
[2020.05.05-08.45.45:671][  0]LogCook: Display: Max memory allowance for cook 16384mb min free memory 0mb
[2020.05.05-08.45.45:671][  0]LogCook: Display: Mobile HDR setting 1
[2020.05.05-08.45.45:671][  0]LogGameplayTags: Display: UGameplayTagsManager::DoneAddingNativeTags. DelegateIsBound: 0
[2020.05.05-08.45.45:677][  0]LogFileCache: Scanning file cache for directory 'D:/work/Unreal Engine work/GitHub/Landscape/FinalLandscape/Content/' took 0.01s
[2020.05.05-08.45.47:088][  0]SourceControl: Source control is disabled
[2020.05.05-08.45.47:088][  0]Cmd: MAP LOAD FILE="D:/work/Unreal Engine work/GitHub/Landscape/FinalLandscape/Content/Levels/MainLand.umap" TEMPLATE=0 SHOWPROGRESS=1 FEATURELEVEL=3
[2020.05.05-08.45.47:094][  0]LightingResults: New page: Lighting Build
[2020.05.05-08.45.47:137][  0]MapCheck: New page: Map Check
[2020.05.05-08.45.47:137][  0]LightingResults: New page: Lighting Build
[2020.05.05-08.45.49:754][  0]LogAIModule: Creating AISystem for world MainLand
[2020.05.05-08.45.49:763][  0]LogEditorServer: Finished looking for orphan Actors (0.000 secs)
[2020.05.05-08.45.49:777][  0]Cmd: MAP CHECKDEP NOCLEARLOG
[2020.05.05-08.45.49:836][  0]MapCheck: Map check complete: 0 Error(s), 0 Warning(s), took 58.703ms to complete.
[2020.05.05-08.45.49:836][  0]LogFileHelpers: Loading map 'MainLand' took 2.748
[2020.05.05-08.45.50:526][  0]LogCollectionManager: Loaded 0 collections in 0.001359 seconds
[2020.05.05-08.45.50:632][  0]LogFileCache: Scanning file cache for directory 'D:/work/Unreal Engine work/GitHub/Landscape/FinalLandscape/Saved/Collections/' took 0.01s
[2020.05.05-08.45.50:633][  0]LogFileCache: Scanning file cache for directory 'D:/work/Unreal Engine work/GitHub/Landscape/FinalLandscape/Content/Developers/anass/Collections/' took 0.01s
[2020.05.05-08.45.50:633][  0]LogFileCache: Scanning file cache for directory 'D:/work/Unreal Engine work/GitHub/Landscape/FinalLandscape/Content/Collections/' took 0.01s
[2020.05.05-08.45.50:633][  0]LogCollectionManager: Rebuilt the GUID cache for 0 collections in 0.000001 seconds
[2020.05.05-08.45.50:643][  0]LogContentBrowser: Native class hierarchy populated in 0.0103 seconds. Added 2402 classes and 538 folders.
[2020.05.05-08.45.50:712][  0]LogContentBrowser: Native class hierarchy updated for 'WidgetCarousel' in 0.0002 seconds. Added 0 classes and 0 folders.
[2020.05.05-08.45.50:750][  0]LogContentBrowser: Native class hierarchy updated for 'AddContentDialog' in 0.0002 seconds. Added 0 classes and 0 folders.
[2020.05.05-08.45.50:760][  0]LogSlate: Took 0.000500 seconds to synchronously load lazily loaded font '../../../Engine/Content/Slate/Fonts/Roboto-Regular.ttf' (155K)
[2020.05.05-08.45.50:766][  0]LogSlate: Took 0.000583 seconds to synchronously load lazily loaded font '../../../Engine/Content/Slate/Fonts/Roboto-Bold.ttf' (160K)
[2020.05.05-08.45.50:774][  0]LogSlate: Took 0.000452 seconds to synchronously load lazily loaded font '../../../Engine/Content/Editor/Slate/Fonts/FontAwesome.ttf' (139K)
[2020.05.05-08.45.50:904][  0]LogRenderer: Reallocating scene render targets to support 1120x960 Format 10 NumSamples 1 (Frame:1).
[2020.05.05-08.45.50:995][  0]LogSlate: Took 0.000283 seconds to synchronously load lazily loaded font '../../../Engine/Content/Slate/Fonts/Roboto-Light.ttf' (159K)
[2020.05.05-08.45.51:170][  0]LogContentBrowser: Native class hierarchy updated for 'HierarchicalLODOutliner' in 0.0002 seconds. Added 1 classes and 2 folders.
[2020.05.05-08.45.51:170][  0]LogLoad: (Engine Initialization) Total time: 24.46 seconds
[2020.05.05-08.45.51:170][  0]LogLoad: (Engine Initialization) Total Blueprint compile time: 0.00 seconds
[2020.05.05-08.45.51:170][  0]LogExternalProfiler: No external profilers were discovered.  External profiling features will not be available.
[2020.05.05-08.45.51:206][  0]LogContentStreaming: Texture pool size now 1000 MB
[2020.05.05-08.45.51:244][  1]LogFMOD: File has changed: D:/work/Unreal Engine work/GitHub/Landscape/FinalLandscape/Content/FMOD/Desktop/Master Bank.strings.bank
[2020.05.05-08.45.51:331][  1]LogFMOD: Loading strings bank: D:/work/Unreal Engine work/GitHub/Landscape/FinalLandscape/Content/FMOD/Desktop/Master Bank.strings.bank
[2020.05.05-08.45.51:333][  1]LogFMOD: Skipping asset: bank:/Master Bank.strings
[2020.05.05-08.45.51:333][  1]LogFMOD: Skipping asset: bus:/
[2020.05.05-08.45.51:336][  1]LogFMOD: Default sample rate = 48000
[2020.05.05-08.45.51:336][  1]LogFMOD: System sample rate = 44100
[2020.05.05-08.45.51:336][  1]LogFMOD: Matching system sample rate 44100
[2020.05.05-08.45.51:579][  1]LogFMOD: Default sample rate = 48000
[2020.05.05-08.45.51:579][  1]LogFMOD: System sample rate = 44100
[2020.05.05-08.45.51:579][  1]LogFMOD: Matching system sample rate 44100
[2020.05.05-08.45.51:752][  1]LogAssetRegistry: Asset discovery search completed in 16.9648 seconds
[2020.05.05-08.45.51:756][  1]LogCollectionManager: Rebuilt the object cache for 0 collections in 0.000000 seconds (found 0 objects)
[2020.05.05-08.45.51:756][  1]LogCollectionManager: Fixed up redirectors for 0 collections in 0.000073 seconds (updated 0 objects)
[2020.05.05-08.45.51:893][  4]LogPython: tcp server spawned on 127.0.0.1:13428
[2020.05.05-08.46.12:030][165]LogSlate: Took 0.000205 seconds to synchronously load lazily loaded font '../../../Engine/Content/Slate/Fonts/Roboto-Light.ttf' (159K)
[2020.05.05-08.46.12:365][165]LogTexture: Display: Building textures: Texture2D_0 (BGRA8, 256X256)
[2020.05.05-08.46.12:365][165]LogStaticMesh: Building static mesh BermLoD_02...
[2020.05.05-08.46.12:416][165]LogStaticMesh: Built static mesh [0.05s] /Game/MMovahedkhah/BermSpline/BermLoD_02.BermLoD_02
[2020.05.05-08.46.12:450][165]LogStaticMesh: Building static mesh BermLoD_03...
[2020.05.05-08.46.12:457][165]LogStaticMesh: Built static mesh [0.01s] /Game/MMovahedkhah/BermSpline/BermLoD_03.BermLoD_03
[2020.05.05-08.46.12:459][165]LogStaticMesh: Building static mesh BermLOD_01...
[2020.05.05-08.46.12:464][165]LogStaticMesh: Built static mesh [0.01s] /Game/MMovahedkhah/BermSpline/BermLOD_01.BermLOD_01
[2020.05.05-08.47.29:714][ 33]LogSlate: Took 0.000216 seconds to synchronously load lazily loaded font '../../../Engine/Content/Editor/Slate/Fonts/Roboto-BoldCondensed.ttf' (158K)
