Log file open, 06/20/20 19:07:08
LogWindows: Failed to load 'aqProf.dll' (GetLastError=126)
LogWindows: File 'aqProf.dll' does not exist
LogWindows: Failed to load 'VtuneApi.dll' (GetLastError=126)
LogWindows: File 'VtuneApi.dll' does not exist
LogWindows: Failed to load 'VtuneApi32e.dll' (GetLastError=126)
LogWindows: File 'VtuneApi32e.dll' does not exist
LogInit: Display: Running engine for game: Landscape
LogPlatformFile: Not using cached read wrapper
LogInit: Display: RandInit(-1269803414) SRandInit(-1269803413).
LogInit: Read version file with build ID '3709383'
LogInit: Overriding engine version to CL 3832480, compatible CL 3709383
LogInit: Registered custom module enumerator with build ID '3709383'
LogTaskGraph: Started task graph with 5 named threads and 14 total threads with 3 sets of task threads.
LogStats: Stats thread started at 0.171701
LogD3D11RHI: Aftermath initialized
LogModuleManager: Display: Found up-to-date module file ../../../Engine/Plugins/FMODStudio/Binaries/Win64/UE4Editor-FMODStudio.dll (API version 3709383).
LogModuleManager: Display: Found up-to-date module file ../../../Engine/Plugins/FMODStudio/Binaries/Win64/UE4Editor-FMODStudioEditor.dll (API version 3709383).
LogModuleManager: Display: Found up-to-date module file ../../../Engine/Plugins/2D/Paper2D/Binaries/Win64/UE4Editor-Paper2D.dll (API version 3709383).
LogModuleManager: Display: Found up-to-date module file ../../../Engine/Plugins/2D/Paper2D/Binaries/Win64/UE4Editor-Paper2DEditor.dll (API version 3709383).
LogModuleManager: Display: Found up-to-date module file ../../../Engine/Plugins/2D/Paper2D/Binaries/Win64/UE4Editor-PaperSpriteSheetImporter.dll (API version 3709383).
LogModuleManager: Display: Found up-to-date module file ../../../Engine/Plugins/2D/Paper2D/Binaries/Win64/UE4Editor-PaperTiledImporter.dll (API version 3709383).
LogModuleManager: Display: Found up-to-date module file ../../../Engine/Plugins/2D/Paper2D/Binaries/Win64/UE4Editor-SmartSnapping.dll (API version 3709383).
LogModuleManager: Display: Found up-to-date module file ../../../Engine/Plugins/Blendables/LightPropagationVolume/Binaries/Win64/UE4Editor-LightPropagationVolumeRuntime.dll (API version 3709383).
LogModuleManager: Display: Found up-to-date module file ../../../Engine/Plugins/Blendables/LightPropagationVolume/Binaries/Win64/UE4Editor-LightPropagationVolumeEditor.dll (API version 3709383).
LogModuleManager: Display: Found up-to-date module file ../../../Engine/Plugins/Developer/GitSourceControl/Binaries/Win64/UE4Editor-GitSourceControl.dll (API version 3709383).
LogModuleManager: Display: Found up-to-date module file ../../../Engine/Plugins/Developer/PerforceSourceControl/Binaries/Win64/UE4Editor-PerforceSourceControl.dll (API version 3709383).
LogModuleManager: Display: Found up-to-date module file ../../../Engine/Plugins/Developer/SubversionSourceControl/Binaries/Win64/UE4Editor-SubversionSourceControl.dll (API version 3709383).
LogModuleManager: Display: Found up-to-date module file ../../../Engine/Plugins/Developer/UObjectPlugin/Binaries/Win64/UE4Editor-UObjectPlugin.dll (API version 3709383).
LogModuleManager: Display: Found up-to-date module file ../../../Engine/Plugins/Developer/VisualStudioCodeSourceCodeAccess/Binaries/Win64/UE4Editor-VisualStudioCodeSourceCodeAccess.dll (API version 3709383).
LogModuleManager: Display: Found up-to-date module file ../../../Engine/Plugins/Developer/VisualStudioSourceCodeAccess/Binaries/Win64/UE4Editor-VisualStudioSourceCodeAccess.dll (API version 3709383).
LogModuleManager: Display: Found up-to-date module file ../../../Engine/Plugins/Editor/AssetManagerEditor/Binaries/Win64/UE4Editor-AssetManagerEditor.dll (API version 3709383).
LogModuleManager: Display: Found up-to-date module file ../../../Engine/Plugins/Editor/AudioCapture/Binaries/Win64/UE4Editor-AudioCapture.dll (API version 3709383).
LogModuleManager: Display: Found up-to-date module file ../../../Engine/Plugins/Editor/FacialAnimation/Binaries/Win64/UE4Editor-FacialAnimation.dll (API version 3709383).
LogModuleManager: Display: Found up-to-date module file ../../../Engine/Plugins/Editor/FacialAnimation/Binaries/Win64/UE4Editor-FacialAnimationEditor.dll (API version 3709383).
LogModuleManager: Display: Found up-to-date module file ../../../Engine/Plugins/Editor/GameplayTagsEditor/Binaries/Win64/UE4Editor-GameplayTagsEditor.dll (API version 3709383).
LogModuleManager: Display: Found up-to-date module file ../../../Engine/Plugins/Editor/MobileLauncherProfileWizard/Binaries/Win64/UE4Editor-MobileLauncherProfileWizard.dll (API version 3709383).
LogModuleManager: Display: Found up-to-date module file ../../../Engine/Plugins/Editor/PluginBrowser/Binaries/Win64/UE4Editor-PluginBrowser.dll (API version 3709383).
LogModuleManager: Display: Found up-to-date module file ../../../Engine/Plugins/Editor/SpeedTreeImporter/Binaries/Win64/UE4Editor-SpeedTreeImporter.dll (API version 3709383).
LogModuleManager: Display: Found up-to-date module file ../../../Engine/Plugins/Experimental/AlembicImporter/Binaries/Win64/UE4Editor-AlembicImporter.dll (API version 3709383).
LogModuleManager: Display: Found up-to-date module file ../../../Engine/Plugins/Experimental/AlembicImporter/Binaries/Win64/UE4Editor-AlembicLibrary.dll (API version 3709383).
LogModuleManager: Display: Found up-to-date module file ../../../Engine/Plugins/Experimental/CharacterAI/Binaries/Win64/UE4Editor-CharacterAI.dll (API version 3709383).
LogModuleManager: Display: Found up-to-date module file ../../../Engine/Plugins/Experimental/HTML5Networking/Binaries/Win64/UE4Editor-HTML5Networking.dll (API version 3709383).
LogModuleManager: Display: Found up-to-date module file ../../../Engine/Plugins/Media/AndroidMedia/Binaries/Win64/UE4Editor-AndroidMediaEditor.dll (API version 3709383).
LogModuleManager: Display: Found up-to-date module file ../../../Engine/Plugins/Media/AndroidMedia/Binaries/Win64/UE4Editor-AndroidMediaFactory.dll (API version 3709383).
LogModuleManager: Display: Found up-to-date module file ../../../Engine/Plugins/Media/AvfMedia/Binaries/Win64/UE4Editor-AvfMediaEditor.dll (API version 3709383).
LogModuleManager: Display: Found up-to-date module file ../../../Engine/Plugins/Media/AvfMedia/Binaries/Win64/UE4Editor-AvfMediaFactory.dll (API version 3709383).
LogModuleManager: Display: Found up-to-date module file ../../../Engine/Plugins/Media/AvfMedia/Binaries/Win64/UE4Editor-AvfMediaFactory.dll (API version 3709383).
LogModuleManager: Display: Found up-to-date module file ../../../Engine/Plugins/Media/ImgMedia/Binaries/Win64/UE4Editor-ImgMedia.dll (API version 3709383).
LogModuleManager: Display: Found up-to-date module file ../../../Engine/Plugins/Media/ImgMedia/Binaries/Win64/UE4Editor-ImgMediaEditor.dll (API version 3709383).
LogModuleManager: Display: Found up-to-date module file ../../../Engine/Plugins/Media/ImgMedia/Binaries/Win64/UE4Editor-ImgMediaFactory.dll (API version 3709383).
LogModuleManager: Display: Found up-to-date module file ../../../Engine/Plugins/Media/ImgMedia/Binaries/Win64/UE4Editor-ImgMediaFactory.dll (API version 3709383).
LogModuleManager: Display: Found up-to-date module file ../../../Engine/Plugins/Media/ImgMedia/Binaries/Win64/UE4Editor-OpenExrWrapper.dll (API version 3709383).
LogModuleManager: Display: Found up-to-date module file ../../../Engine/Plugins/Media/MediaCompositing/Binaries/Win64/UE4Editor-MediaCompositing.dll (API version 3709383).
LogModuleManager: Display: Found up-to-date module file ../../../Engine/Plugins/Media/MediaCompositing/Binaries/Win64/UE4Editor-MediaCompositingEditor.dll (API version 3709383).
LogModuleManager: Display: Found up-to-date module file ../../../Engine/Plugins/Media/MediaPlayerEditor/Binaries/Win64/UE4Editor-MediaPlayerEditor.dll (API version 3709383).
LogModuleManager: Display: Found up-to-date module file ../../../Engine/Plugins/Media/WmfMedia/Binaries/Win64/UE4Editor-WmfMedia.dll (API version 3709383).
LogModuleManager: Display: Found up-to-date module file ../../../Engine/Plugins/Media/WmfMedia/Binaries/Win64/UE4Editor-WmfMediaEditor.dll (API version 3709383).
LogModuleManager: Display: Found up-to-date module file ../../../Engine/Plugins/Media/WmfMedia/Binaries/Win64/UE4Editor-WmfMediaFactory.dll (API version 3709383).
LogModuleManager: Display: Found up-to-date module file ../../../Engine/Plugins/Media/WmfMedia/Binaries/Win64/UE4Editor-WmfMediaFactory.dll (API version 3709383).
LogModuleManager: Display: Found up-to-date module file ../../../Engine/Plugins/Messaging/TcpMessaging/Binaries/Win64/UE4Editor-TcpMessaging.dll (API version 3709383).
LogModuleManager: Display: Found up-to-date module file ../../../Engine/Plugins/Messaging/UdpMessaging/Binaries/Win64/UE4Editor-UdpMessaging.dll (API version 3709383).
LogModuleManager: Display: Found up-to-date module file ../../../Engine/Plugins/MovieScene/ActorSequence/Binaries/Win64/UE4Editor-ActorSequence.dll (API version 3709383).
LogModuleManager: Display: Found up-to-date module file ../../../Engine/Plugins/MovieScene/LevelSequenceEditor/Binaries/Win64/UE4Editor-LevelSequenceEditor.dll (API version 3709383).
LogModuleManager: Display: Found up-to-date module file ../../../Engine/Plugins/MovieScene/MatineeToLevelSequence/Binaries/Win64/UE4Editor-MatineeToLevelSequence.dll (API version 3709383).
LogModuleManager: Display: Found up-to-date module file ../../../Engine/Plugins/Online/OnlineSubsystem/Binaries/Win64/UE4Editor-OnlineSubsystem.dll (API version 3709383).
LogModuleManager: Display: Found up-to-date module file ../../../Engine/Plugins/Runtime/AndroidPermission/Binaries/Win64/UE4Editor-AndroidPermission.dll (API version 3709383).
LogModuleManager: Display: Found up-to-date module file ../../../Engine/Plugins/Online/OnlineSubsystemNull/Binaries/Win64/UE4Editor-OnlineSubsystemNull.dll (API version 3709383).
LogModuleManager: Display: Found up-to-date module file ../../../Engine/Plugins/Online/OnlineSubsystemUtils/Binaries/Win64/UE4Editor-OnlineSubsystemUtils.dll (API version 3709383).
LogModuleManager: Display: Found up-to-date module file ../../../Engine/Plugins/Online/OnlineSubsystemUtils/Binaries/Win64/UE4Editor-OnlineBlueprintSupport.dll (API version 3709383).
LogModuleManager: Display: Found up-to-date module file ../../../Engine/Plugins/Runtime/AndroidDeviceProfileSelector/Binaries/Win64/UE4Editor-AndroidDeviceProfileSelector.dll (API version 3709383).
LogModuleManager: Display: Found up-to-date module file ../../../Engine/Plugins/Runtime/AppleARKit/Binaries/Win64/UE4Editor-AppleARKit.dll (API version 3709383).
LogModuleManager: Display: Found up-to-date module file ../../../Engine/Plugins/Runtime/ArchVisCharacter/Binaries/Win64/UE4Editor-ArchVisCharacter.dll (API version 3709383).
LogModuleManager: Display: Found up-to-date module file ../../../Engine/Plugins/Runtime/CableComponent/Binaries/Win64/UE4Editor-CableComponent.dll (API version 3709383).
LogModuleManager: Display: Found up-to-date module file ../../../Engine/Plugins/Runtime/CustomMeshComponent/Binaries/Win64/UE4Editor-CustomMeshComponent.dll (API version 3709383).
LogModuleManager: Display: Found up-to-date module file ../../../Engine/Plugins/Runtime/ExampleDeviceProfileSelector/Binaries/Win64/UE4Editor-ExampleDeviceProfileSelector.dll (API version 3709383).
LogModuleManager: Display: Found up-to-date module file ../../../Engine/Plugins/Runtime/ImmediatePhysics/Binaries/Win64/UE4Editor-ImmediatePhysics.dll (API version 3709383).
LogModuleManager: Display: Found up-to-date module file ../../../Engine/Plugins/Runtime/ImmediatePhysics/Binaries/Win64/UE4Editor-ImmediatePhysicsEditor.dll (API version 3709383).
LogModuleManager: Display: Found up-to-date module file ../../../Engine/Plugins/Runtime/LocationServicesBPLibrary/Binaries/Win64/UE4Editor-LocationServicesBPLibrary.dll (API version 3709383).
LogModuleManager: Display: Found up-to-date module file ../../../Engine/Plugins/Runtime/MobilePatchingUtils/Binaries/Win64/UE4Editor-MobilePatchingUtils.dll (API version 3709383).
LogModuleManager: Display: Found up-to-date module file ../../../Engine/Plugins/Runtime/Oculus/OculusVR/Binaries/Win64/UE4Editor-OculusHMD.dll (API version 3709383).
LogModuleManager: Display: Found up-to-date module file ../../../Engine/Plugins/Runtime/Oculus/OculusVR/Binaries/Win64/UE4Editor-OculusInput.dll (API version 3709383).
LogModuleManager: Display: Found up-to-date module file ../../../Engine/Plugins/Runtime/Oculus/OculusVR/Binaries/Win64/UE4Editor-OculusEditor.dll (API version 3709383).
LogModuleManager: Display: Found up-to-date module file ../../../Engine/Plugins/Runtime/PhysXVehicles/Binaries/Win64/UE4Editor-PhysXVehicles.dll (API version 3709383).
LogModuleManager: Display: Found up-to-date module file ../../../Engine/Plugins/Runtime/PhysXVehicles/Binaries/Win64/UE4Editor-PhysXVehiclesEditor.dll (API version 3709383).
LogModuleManager: Display: Found up-to-date module file ../../../Engine/Plugins/Runtime/ProceduralMeshComponent/Binaries/Win64/UE4Editor-ProceduralMeshComponent.dll (API version 3709383).
LogModuleManager: Display: Found up-to-date module file ../../../Engine/Plugins/Runtime/ProceduralMeshComponent/Binaries/Win64/UE4Editor-ProceduralMeshComponentEditor.dll (API version 3709383).
LogModuleManager: Display: Found up-to-date module file ../../../Engine/Plugins/Runtime/RuntimePhysXCooking/Binaries/Win64/UE4Editor-RuntimePhysXCooking.dll (API version 3709383).
LogModuleManager: Display: Found up-to-date module file ../../../Engine/Plugins/Runtime/Steam/SteamVR/Binaries/Win64/UE4Editor-SteamVR.dll (API version 3709383).
LogModuleManager: Display: Found up-to-date module file ../../../Engine/Plugins/Runtime/Steam/SteamVR/Binaries/Win64/UE4Editor-SteamVRController.dll (API version 3709383).
LogModuleManager: Display: Found up-to-date module file ../../../Engine/Plugins/Runtime/WindowsMoviePlayer/Binaries/Win64/UE4Editor-WindowsMoviePlayer.dll (API version 3709383).
LogModuleManager: Display: Found up-to-date module file ../../../Engine/Plugins/UnrealEnginePython/Binaries/Win64/UE4Editor-UnrealEnginePython.dll (API version 3709383).
LogModuleManager: Display: Found up-to-date module file ../../../Engine/Plugins/UnrealEnginePython/Binaries/Win64/UE4Editor-PythonConsole.dll (API version 3709383).
LogModuleManager: Display: Found up-to-date module file ../../../Engine/Plugins/UnrealEnginePython/Binaries/Win64/UE4Editor-PythonEditor.dll (API version 3709383).
LogPluginManager: Mounting plugin Paper2D
LogPluginManager: Mounting plugin LightPropagationVolume
LogPluginManager: Mounting plugin CodeLiteSourceCodeAccess
LogPluginManager: Mounting plugin GitSourceControl
LogPluginManager: Mounting plugin KDevelopSourceCodeAccess
LogPluginManager: Mounting plugin NullSourceCodeAccess
LogPluginManager: Mounting plugin PerforceSourceControl
LogPluginManager: Mounting plugin SubversionSourceControl
LogPluginManager: Mounting plugin UObjectPlugin
LogPluginManager: Mounting plugin VisualStudioCodeSourceCodeAccess
LogPluginManager: Mounting plugin VisualStudioSourceCodeAccess
LogPluginManager: Mounting plugin XCodeSourceCodeAccess
LogPluginManager: Mounting plugin AssetManagerEditor
LogPluginManager: Mounting plugin AudioCapture
LogPluginManager: Mounting plugin FacialAnimation
LogPluginManager: Mounting plugin GameplayTagsEditor
LogPluginManager: Mounting plugin MobileLauncherProfileWizard
LogPluginManager: Mounting plugin PluginBrowser
LogPluginManager: Mounting plugin SpeedTreeImporter
LogPluginManager: Mounting plugin AlembicImporter
LogPluginManager: Mounting plugin CharacterAI
LogPluginManager: Mounting plugin HTML5Networking
LogPluginManager: Mounting plugin FMODStudio
LogPluginManager: Mounting plugin AndroidMedia
LogPluginManager: Mounting plugin AvfMedia
LogPluginManager: Mounting plugin ImgMedia
LogPluginManager: Mounting plugin MediaCompositing
LogPluginManager: Mounting plugin MediaPlayerEditor
LogPluginManager: Mounting plugin WmfMedia
LogPluginManager: Mounting plugin TcpMessaging
LogPluginManager: Mounting plugin UdpMessaging
LogPluginManager: Mounting plugin ActorSequence
LogPluginManager: Mounting plugin LevelSequenceEditor
LogPluginManager: Mounting plugin MatineeToLevelSequence
LogPluginManager: Mounting plugin OnlineSubsystemGooglePlay
LogPluginManager: Mounting plugin OnlineSubsystemIOS
LogPluginManager: Mounting plugin OnlineSubsystem
LogPluginManager: Mounting plugin OnlineSubsystemNull
LogPluginManager: Mounting plugin OnlineSubsystemUtils
LogPluginManager: Mounting plugin AndroidDeviceProfileSelector
LogPluginManager: Mounting plugin AndroidMoviePlayer
LogPluginManager: Mounting plugin AndroidPermission
LogPluginManager: Mounting plugin AppleARKit
LogPluginManager: Mounting plugin AppleMoviePlayer
LogPluginManager: Mounting plugin ArchVisCharacter
LogPluginManager: Mounting plugin CableComponent
LogPluginManager: Mounting plugin CustomMeshComponent
LogPluginManager: Mounting plugin ExampleDeviceProfileSelector
LogPluginManager: Mounting plugin GoogleCloudMessaging
LogPluginManager: Mounting plugin ImmediatePhysics
LogPluginManager: Mounting plugin IOSDeviceProfileSelector
LogPluginManager: Mounting plugin LinuxDeviceProfileSelector
LogPluginManager: Mounting plugin LocationServicesBPLibrary
LogPluginManager: Mounting plugin MobilePatchingUtils
LogPluginManager: Mounting plugin OculusVR
LogPluginManager: Plugin shader directory ../../../Engine/Plugins/Runtime/Oculus/OculusVR/Shaders found
LogPluginManager: Mapping shader source directory ../../../Engine/Plugins/Runtime/Oculus/OculusVR/Shaders to virtual directory /Plugin/OculusVR
LogPluginManager: Mounting plugin PhysXVehicles
LogPluginManager: Mounting plugin ProceduralMeshComponent
LogPluginManager: Mounting plugin RuntimePhysXCooking
LogPluginManager: Mounting plugin SteamVR
LogPluginManager: Mounting plugin WindowsMoviePlayer
LogPluginManager: Mounting plugin UnrealEnginePython
LogPluginManager: Mounting plugin Nasir
LogInit: Using libcurl 7.47.1
LogInit:  - built for x86_64-pc-win32
LogInit:  - supports SSL with OpenSSL/1.0.2g
LogInit:  - supports HTTP deflate (compression) using libz 1.2.8
LogInit:  - other features:
LogInit:      CURL_VERSION_SSL
LogInit:      CURL_VERSION_LIBZ
LogInit:      CURL_VERSION_IPV6
LogInit:      CURL_VERSION_ASYNCHDNS
LogInit:      CURL_VERSION_LARGEFILE
LogInit:      CURL_VERSION_IDN
LogInit:  CurlRequestOptions (configurable via config and command line):
LogInit:  - bVerifyPeer = false  - Libcurl will NOT verify peer certificate
LogInit:  - bUseHttpProxy = false  - Libcurl will NOT use HTTP proxy
LogInit:  - bDontReuseConnections = false  - Libcurl will reuse connections
LogInit:  - CertBundlePath = nullptr  - Libcurl will use whatever was configured at build time.
LogInit: Build: ++UE4+Release-4.18-CL-3832480
LogInit: Engine Version: 4.18.3-3832480+++UE4+Release-4.18
LogInit: Compatible Engine Version: 4.18.0-3709383+++UE4+Release-4.18
LogInit: Net CL: 3709383
LogDevObjectVersion: Number of dev versions registered: 16
LogDevObjectVersion:   Dev-Blueprints (B0D832E4-1F89-4F0D-ACCF-7EB736FD4AA2): 10
LogDevObjectVersion:   Dev-Build (E1C64328-A22C-4D53-A36C-8E866417BD8C): 0
LogDevObjectVersion:   Dev-Core (375EC13C-06E4-48FB-B500-84F0262A717E): 2
LogDevObjectVersion:   Dev-Editor (E4B068ED-F494-42E9-A231-DA0B2E46BB41): 20
LogDevObjectVersion:   Dev-Framework (CFFC743F-43B0-4480-9391-14DF171D2073): 30
LogDevObjectVersion:   Dev-Mobile (B02B49B5-BB20-44E9-A304-32B752E40360): 0
LogDevObjectVersion:   Dev-Networking (A4E4105C-59A1-49B5-A7C5-40C4547EDFEE): 0
LogDevObjectVersion:   Dev-Online (39C831C9-5AE6-47DC-9A44-9C173E1C8E7C): 0
LogDevObjectVersion:   Dev-Physics (78F01B33-EBEA-4F98-B9B4-84EACCB95AA2): 0
LogDevObjectVersion:   Dev-Platform (6631380F-2D4D-43E0-8009-CF276956A95A): 0
LogDevObjectVersion:   Dev-Rendering (12F88B9F-8875-4AFC-A67C-D90C383ABD29): 20
LogDevObjectVersion:   Dev-Sequencer (7B5AE74C-D270-4C10-A958-57980B212A5A): 4
LogDevObjectVersion:   Dev-VR (D7296918-1DD6-4BDD-9DE2-64A83CC13884): 0
LogDevObjectVersion:   Dev-LoadTimes (C2A15278-BFE7-4AFE-6C17-90FF531DF755): 1
LogDevObjectVersion:   Private-Geometry (6EACA3D4-40EC-4CC1-B786-8BED09428FC5): 1
LogDevObjectVersion:   Dev-AnimPhys (29E575DD-E0A3-4627-9D10-D276232CDCEA): 12
LogInit: Compiled (64-bit): Jan 12 2018 02:04:55
LogInit: Compiled with Visual C++: 19.00.24215.01
LogInit: Build Configuration: Development
LogInit: Branch Name: ++UE4+Release-4.18
LogInit: Command line: 
LogInit: Base directory: F:/Epic Games/UE_4.18/Engine/Binaries/Win64/
LogInit: Installed Engine Build: 1
LogInit: Presizing for max 8388607 objects, including 0 objects not considered by GC, pre-allocating 0 bytes for permanent pool.
LogInit: Object subsystem initialized
[2020.06.20-14.37.10:062][  0]LogInit: Selected Device Profile: [Windows]
[2020.06.20-14.37.10:063][  0]LogInit: Applying CVar settings loaded from the selected device profile: [Windows]
[2020.06.20-14.37.10:076][  0]LogInit: Computer: DESKTOP-QM6AJTB
[2020.06.20-14.37.10:076][  0]LogInit: User: anass
[2020.06.20-14.37.10:076][  0]LogInit: CPU Page size=4096, Cores=4
[2020.06.20-14.37.10:076][  0]LogInit: High frequency timer resolution =10.000000 MHz
[2020.06.20-14.37.10:077][  0]LogMemory: Memory total: Physical=15.9GB (16GB approx)
[2020.06.20-14.37.10:077][  0]LogMemory: Platform Memory Stats for Windows
[2020.06.20-14.37.10:077][  0]LogMemory: Process Physical Memory: 274.70 MB used, 274.71 MB peak
[2020.06.20-14.37.10:077][  0]LogMemory: Process Virtual Memory: 272.33 MB used, 272.33 MB peak
[2020.06.20-14.37.10:077][  0]LogMemory: Physical Memory: 6813.14 MB used,  9451.93 MB free, 16265.07 MB total
[2020.06.20-14.37.10:077][  0]LogMemory: Virtual Memory: 4765.75 MB used,  9451.93 MB free, 134217728.00 MB total
[2020.06.20-14.37.10:207][  0]LogInit: Using OS detected language (en-US).
[2020.06.20-14.37.10:207][  0]LogInit: Using OS detected locale (en-US).
[2020.06.20-14.37.10:210][  0]LogTextLocalizationManager: No specific localization for 'en-US' exists, so the 'en' localization will be used.
[2020.06.20-14.37.10:567][  0]LogInit: Setting process to per monitor DPI aware
[2020.06.20-14.37.10:824][  0]LogD3D11RHI: D3D11 adapters:
[2020.06.20-14.37.10:900][  0]LogD3D11RHI:    0. 'NVIDIA GeForce GTX 1050 Ti' (Feature Level 11_0)
[2020.06.20-14.37.10:900][  0]LogD3D11RHI:       4021/0/8132 MB DedicatedVideo/DedicatedSystem/SharedSystem, Outputs:1, VendorId:0x10de
[2020.06.20-14.37.10:907][  0]LogD3D11RHI:    1. 'Intel(R) HD Graphics 630' (Feature Level 11_0)
[2020.06.20-14.37.10:907][  0]LogD3D11RHI:       128/0/8132 MB DedicatedVideo/DedicatedSystem/SharedSystem, Outputs:0, VendorId:0x8086
[2020.06.20-14.37.10:909][  0]LogD3D11RHI:    2. 'Microsoft Basic Render Driver' (Feature Level 11_0)
[2020.06.20-14.37.10:909][  0]LogD3D11RHI:       0/0/8132 MB DedicatedVideo/DedicatedSystem/SharedSystem, Outputs:0, VendorId:0x1414
[2020.06.20-14.37.10:909][  0]LogD3D11RHI: Chosen D3D11 Adapter: 0
[2020.06.20-14.37.10:936][  0]LogD3D11RHI: Creating new Direct3DDevice
[2020.06.20-14.37.10:937][  0]LogD3D11RHI:     GPU DeviceId: 0x1c8c (for the marketing name, search the web for "GPU Device Id")
[2020.06.20-14.37.10:937][  0]LogWindows: EnumDisplayDevices:
[2020.06.20-14.37.10:937][  0]LogWindows:    0. 'Intel(R) HD Graphics 630' (P:1 D:1)
[2020.06.20-14.37.10:937][  0]LogWindows:    1. 'Intel(R) HD Graphics 630' (P:0 D:0)
[2020.06.20-14.37.10:937][  0]LogWindows:    2. 'Intel(R) HD Graphics 630' (P:0 D:0)
[2020.06.20-14.37.10:937][  0]LogWindows: DebugString: GetVideoDriverDetailsInvalid PrimaryIsNotTheChoosenAdapter GetVideoDriverDetailsInvalid PrimaryIsNotTheChoosenAdapter GetVideoDriverDetailsInvalid PrimaryIsNotTheChoosenAdapter FoundDriverCount:0 
[2020.06.20-14.37.10:937][  0]LogD3D11RHI:     Adapter Name: NVIDIA GeForce GTX 1050 Ti
[2020.06.20-14.37.10:937][  0]LogD3D11RHI:   Driver Version: Unknown (internal:Unknown, unified:Unknown)
[2020.06.20-14.37.10:937][  0]LogD3D11RHI:      Driver Date: Unknown
[2020.06.20-14.37.10:937][  0]LogRHI: Texture pool is 2814 MB (70% of 4021 MB)
[2020.06.20-14.37.10:981][  0]LogD3D11RHI: Async texture creation enabled
[2020.06.20-14.37.10:993][  0]LogD3D11RHI: GPU Timing Frequency: 1000.000000 (Debug: 2 1)
[2020.06.20-14.37.10:994][  0]LogShaderCompilers: Guid format shader working directory is -7 characters bigger than the processId version (D:/work/Unreal Engine work/GitHub/Landscape/Landscape/Intermediate/Shaders/WorkingDirectory/5076/).
[2020.06.20-14.37.10:994][  0]LogShaderCompilers: Cleaned the shader compiler working directory 'C:/Users/anass/AppData/Local/Temp/UnrealShaderWorkingDir/0B718F5846A850528985289C7A253770/'.
[2020.06.20-14.37.10:994][  0]LogShaderCompilers: Display: Using Local Shader Compiler.
[2020.06.20-14.37.11:825][  0]LogTemp: Display: Loaded TP AllDesktopTargetPlatform
[2020.06.20-14.37.11:869][  0]LogTemp: Display: Loaded TP MacClientTargetPlatform
[2020.06.20-14.37.11:910][  0]LogTemp: Display: Loaded TP MacNoEditorTargetPlatform
[2020.06.20-14.37.11:949][  0]LogTemp: Display: Loaded TP MacServerTargetPlatform
[2020.06.20-14.37.11:988][  0]LogTemp: Display: Loaded TP MacTargetPlatform
[2020.06.20-14.37.12:031][  0]LogTemp: Display: Loaded TP WindowsClientTargetPlatform
[2020.06.20-14.37.12:071][  0]LogTemp: Display: Loaded TP WindowsNoEditorTargetPlatform
[2020.06.20-14.37.12:111][  0]LogTemp: Display: Loaded TP WindowsServerTargetPlatform
[2020.06.20-14.37.12:145][  0]LogTemp: Display: Loaded TP WindowsTargetPlatform
[2020.06.20-14.37.12:185][  0]LogTemp: Display: Loaded TP Android_ASTCTargetPlatform
[2020.06.20-14.37.12:225][  0]LogTemp: Display: Loaded TP Android_ATCTargetPlatform
[2020.06.20-14.37.12:264][  0]LogTemp: Display: Loaded TP Android_DXTTargetPlatform
[2020.06.20-14.37.12:304][  0]LogTemp: Display: Loaded TP Android_ETC1TargetPlatform
[2020.06.20-14.37.12:343][  0]LogTemp: Display: Loaded TP Android_ETC2TargetPlatform
[2020.06.20-14.37.12:420][  0]LogTemp: Display: Loaded TP Android_MultiTargetPlatform
[2020.06.20-14.37.12:420][  0]LogTemp: Display: Loaded TP Android_PVRTCTargetPlatform
[2020.06.20-14.37.12:459][  0]LogTemp: Display: Loaded TP AndroidTargetPlatform
[2020.06.20-14.37.12:489][  0]LogTemp: Display: Loaded TP HTML5TargetPlatform
[2020.06.20-14.37.12:564][  0]LogTemp: Display: Loaded TP IOSTargetPlatform
[2020.06.20-14.37.12:586][  0]LogTemp: Display: Loaded TP TVOSTargetPlatform
[2020.06.20-14.37.12:625][  0]LogTemp: Display: Loaded TP LinuxClientTargetPlatform
[2020.06.20-14.37.12:664][  0]LogTemp: Display: Loaded TP LinuxNoEditorTargetPlatform
[2020.06.20-14.37.12:703][  0]LogTemp: Display: Loaded TP LinuxServerTargetPlatform
[2020.06.20-14.37.12:743][  0]LogTemp: Display: Loaded TP LinuxTargetPlatform
[2020.06.20-14.37.12:743][  0]LogTargetPlatformManager: Display: Building Assets For Windows
[2020.06.20-14.37.13:137][  0]LogDerivedDataCache: Display: Max Cache Size: 512 MB
[2020.06.20-14.37.13:200][  0]LogDerivedDataCache: Loaded boot cache 0.06s 78MB C:/Users/anass/AppData/Local/UnrealEngine/4.18/DerivedDataCache/Boot.ddc.
[2020.06.20-14.37.13:200][  0]LogDerivedDataCache: Display: Loaded Boot cache: C:/Users/anass/AppData/Local/UnrealEngine/4.18/DerivedDataCache/Boot.ddc
[2020.06.20-14.37.13:200][  0]LogDerivedDataCache: FDerivedDataBackendGraph:  Pak pak cache file D:/work/Unreal Engine work/GitHub/Landscape/Landscape/DerivedDataCache/DDC.ddp not found, will not use a pak cache.
[2020.06.20-14.37.13:200][  0]LogDerivedDataCache: Unable to find inner node Pak for hierarchical cache Hierarchy.
[2020.06.20-14.37.13:200][  0]LogDerivedDataCache: FDerivedDataBackendGraph:  CompressedPak pak cache file D:/work/Unreal Engine work/GitHub/Landscape/Landscape/DerivedDataCache/Compressed.ddp not found, will not use a pak cache.
[2020.06.20-14.37.13:200][  0]LogDerivedDataCache: Unable to find inner node CompressedPak for hierarchical cache Hierarchy.
[2020.06.20-14.37.13:216][  0]LogDerivedDataCache: Display: Pak cache opened for reading ../../../Engine/DerivedDataCache/Compressed.ddp.
[2020.06.20-14.37.13:229][  0]LogDerivedDataCache: Using Local data cache path C:/Users/anass/AppData/Local/UnrealEngine/Common/DerivedDataCache: Writable
[2020.06.20-14.37.13:238][  0]LogMaterial: Verifying Global Shaders for PCD3D_SM5
[2020.06.20-14.37.13:238][  0]LogSlate: Using Freetype 2.6.0
[2020.06.20-14.37.13:239][  0]LogSlate: SlateFontCache - WITH_FREETYPE: 1, WITH_HARFBUZZ: 1
[2020.06.20-14.37.13:239][  0]LogSlate: SlateFontCache - WITH_FREETYPE: 1, WITH_HARFBUZZ: 1
[2020.06.20-14.37.13:566][  0]LogInit: Selected Device Profile: [Windows]
[2020.06.20-14.37.13:851][  0]LogSimplygon: Simplygon DLL not present - disabling.
[2020.06.20-14.37.13:883][  0]LogMeshReduction: Using SimplygonSwarm for distributed automatic mesh merging
[2020.06.20-14.37.13:883][  0]LogMeshReduction: Using QuadricMeshReduction for automatic static mesh reduction
[2020.06.20-14.37.13:883][  0]LogMeshReduction: No automatic skeletal mesh reduction module available
[2020.06.20-14.37.13:883][  0]LogMeshReduction: No automatic mesh merging module available
[2020.06.20-14.37.13:883][  0]LogMeshMerging: No automatic mesh merging module available
[2020.06.20-14.37.13:921][  0]LogNetVersion: Landscape , NetCL: 3709383, EngineNetVer: 2, GameNetVer: 0 (Checksum: 1265210191)
[2020.06.20-14.37.14:077][  0]LogAssetRegistry: FAssetRegistry took 0.0263 seconds to start up
[2020.06.20-14.37.14:560][  0]LogPackageLocalizationCache: Processed 10 localized package path(s) for 2 prioritized culture(s) in 0.078802 seconds
[2020.06.20-14.37.14:565][  0]LogUObjectArray: 35870 objects as part of root set at end of initial load.
[2020.06.20-14.37.14:565][  0]LogUObjectAllocator: 7363704 out of 0 bytes used by permanent object pool.
[2020.06.20-14.37.14:565][  0]LogUObjectArray: CloseDisregardForGC: 0/0 objects in disregard for GC pool
[2020.06.20-14.37.14:605][  0]LogInit: WinSock: version 1.1 (2.2), MaxSocks=32767, MaxUdp=65467
[2020.06.20-14.37.17:166][  0]LogFMOD: FFMODStudioModule startup
[2020.06.20-14.37.17:166][  0]LogFMOD:  Lib path = '../../../Engine/Plugins/FMODStudio/Binaries'
[2020.06.20-14.37.17:166][  0]LogFMOD: FFMODStudioModule::LoadDll: Loading ../../../Engine/Plugins/FMODStudio/Binaries/Win64/fmodL64.dll
[2020.06.20-14.37.17:172][  0]LogFMOD: FFMODStudioModule::LoadDll: Loading ../../../Engine/Plugins/FMODStudio/Binaries/Win64/fmodstudioL64.dll
[2020.06.20-14.37.17:219][  0]LogFMOD: Loading strings bank: D:/work/Unreal Engine work/GitHub/Landscape/Landscape/Content/FMOD/Desktop/Master Bank.strings.bank
[2020.06.20-14.37.17:281][  0]LogFMOD: Constructing asset: /Game/FMOD/Events/Truck/EngineFull
[2020.06.20-14.37.17:281][  0]LogFMOD: Constructing asset: /Game/FMOD/Events/Truck/Engine_4
[2020.06.20-14.37.17:281][  0]LogFMOD: Constructing asset: /Game/FMOD/Banks/Master_Bank
[2020.06.20-14.37.17:281][  0]LogFMOD: Constructing asset: /Game/FMOD/Events/Truck/Engine_2_(LH)
[2020.06.20-14.37.17:281][  0]LogFMOD: Constructing asset: /Game/FMOD/Events/Truck/HydraulicStart
[2020.06.20-14.37.17:281][  0]LogFMOD: Constructing asset: /Game/FMOD/Events/Truck/Engine_3_(GM)
[2020.06.20-14.37.17:281][  0]LogFMOD: Constructing asset: /Game/FMOD/Events/Truck/reverse_beep
[2020.06.20-14.37.17:281][  0]LogFMOD: Constructing asset: /Game/FMOD/Events/Truck/PressurePump
[2020.06.20-14.37.17:281][  0]LogFMOD: Constructing asset: /Game/FMOD/Events/Truck/Hydaulic
[2020.06.20-14.37.17:281][  0]LogFMOD: Constructing asset: /Game/FMOD/Events/Truck/Tires
[2020.06.20-14.37.17:281][  0]LogFMOD: Skipping asset: bank:/Master Bank.strings
[2020.06.20-14.37.17:281][  0]LogFMOD: Constructing asset: /Game/FMOD/Events/Truck/Engine_1_(HL)
[2020.06.20-14.37.17:281][  0]LogFMOD: Constructing asset: /Game/FMOD/Buses/Reverb
[2020.06.20-14.37.17:282][  0]LogFMOD: Skipping asset: bus:/
[2020.06.20-14.37.17:290][  0]LogFMOD: Default sample rate = 48000
[2020.06.20-14.37.17:290][  0]LogFMOD: System sample rate = 44100
[2020.06.20-14.37.17:290][  0]LogFMOD: Matching system sample rate 44100
[2020.06.20-14.37.17:425][  0]LogFMOD: Default sample rate = 48000
[2020.06.20-14.37.17:425][  0]LogFMOD: System sample rate = 44100
[2020.06.20-14.37.17:425][  0]LogFMOD: Matching system sample rate 44100
[2020.06.20-14.37.17:573][  0]LogTcpMessaging: Initializing TcpMessaging bridge
[2020.06.20-14.37.17:625][  0]LogUdpMessaging: Initializing bridge on interface 0.0.0.0:0 to multicast group 230.0.0.1:6666.
[2020.06.20-14.37.18:405][  0]LogMaterial: Uniform references updated for custom material expression Custom.
[2020.06.20-14.37.18:828][  0]SourceControl: Source control is disabled
[2020.06.20-14.37.18:828][  0]SourceControl: Source control is disabled
[2020.06.20-14.37.18:891][  0]SourceControl: Source control is disabled
[2020.06.20-14.37.18:951][  0]SourceControl: Source control is disabled
[2020.06.20-14.37.19:561][  0]LogFMOD: FFMODStudioEditorModule startup
[2020.06.20-14.37.19:941][  0]LogAndroidPermission: UAndroidPermissionCallbackProxy::GetInstance
[2020.06.20-14.37.20:236][  0]LogOcInput: OculusInput pre-init called
[2020.06.20-14.37.20:488][  0]LogPython: Python Scripts search path: D:/work/Unreal Engine work/GitHub/Landscape/Landscape/Content/Scripts
[2020.06.20-14.37.20:488][  0]LogPython: Python Scripts search path: ../../../Engine/Plugins/UnrealEnginePython
[2020.06.20-14.37.20:488][  0]LogPython: Python VM initialized: 3.6.2 (v3.6.2:5fd33b5, Jul  8 2017, 04:57:36) [MSC v.1900 64 bit (AMD64)]
[2020.06.20-14.37.20:632][  0]LogPython: ####################----------Python Integration for Megascans Initialized----------####################
[2020.06.20-14.37.20:632][  0]LogPython: 

[2020.06.20-14.37.20:632][  0]LogPython: F:\Epic Games\UE_4.18\Engine\Plugins\UnrealEnginePython\
[2020.06.20-14.37.20:632][  0]LogPython: 

[2020.06.20-14.37.20:689][  0]LogPython: Megascans Integration - LiveLink Initialized...
[2020.06.20-14.37.20:689][  0]LogPython: 

[2020.06.20-14.37.20:689][  0]LogPython: ue_site Python module successfully imported
[2020.06.20-14.37.20:868][  0]LogEngine: Initializing Engine...
[2020.06.20-14.37.20:871][  0]LogHMD: Failed to initialize OpenVR with code 110
[2020.06.20-14.37.21:082][  0]LogStats: UGameplayTagsManager::ConstructGameplayTagTree: Construct from data asset -  0.000 s
[2020.06.20-14.37.21:082][  0]LogStats: UGameplayTagsManager::ConstructGameplayTagTree: GameplayTagTreeChangedEvent.Broadcast -  0.000 s
[2020.06.20-14.37.21:192][  0]LogAIModule: Creating AISystem for world Untitled
[2020.06.20-14.37.21:205][  0]LogInit: XAudio2 using 'Speakers (2- Realtek High Definition Audio)' : 2 channels at 44.1 kHz using 32 bits per sample (channel mask 0x3)
[2020.06.20-14.37.21:319][  0]LogInit: FAudioDevice initialized.
[2020.06.20-14.37.21:456][  0]LogDerivedDataCache: Saved boot cache 0.14s 78MB C:/Users/anass/AppData/Local/UnrealEngine/4.18/DerivedDataCache/Boot.ddc.
[2020.06.20-14.37.21:467][  0]LogInit: Texture streaming: Enabled
[2020.06.20-14.37.21:552][  0]LogEngineSessionManager: EngineSessionManager initialized
[2020.06.20-14.37.21:672][  0]LogInit: Transaction tracking system initialized
[2020.06.20-14.37.21:937][  0]BlueprintLog: New page: Editor Load
[2020.06.20-14.37.22:682][  0]LocalizationService: Localization service is disabled
[2020.06.20-14.37.23:364][  0]LogConsoleResponse: Display: 
[2020.06.20-14.37.23:569][  0]LogCook: Display: Max memory allowance for cook 16384mb min free memory 0mb
[2020.06.20-14.37.23:569][  0]LogCook: Display: Mobile HDR setting 1
[2020.06.20-14.37.23:569][  0]LogGameplayTags: Display: UGameplayTagsManager::DoneAddingNativeTags. DelegateIsBound: 0
[2020.06.20-14.37.24:306][  0]LogFileCache: Scanning file cache for directory 'D:/work/Unreal Engine work/GitHub/Landscape/Landscape/Content/' took 0.02s
[2020.06.20-14.37.24:779][  0]SourceControl: Source control is disabled
[2020.06.20-14.37.24:779][  0]Cmd: MAP LOAD FILE="D:/work/Unreal Engine work/GitHub/Landscape/Landscape/Plugins/Nasir/Content/PitMiningAssets/Maps/Sangaan/MainLand.umap" TEMPLATE=0 SHOWPROGRESS=1 FEATURELEVEL=3
[2020.06.20-14.37.24:780][  0]LightingResults: New page: Lighting Build
[2020.06.20-14.37.24:816][  0]MapCheck: New page: Map Check
[2020.06.20-14.37.24:817][  0]LightingResults: New page: Lighting Build
[2020.06.20-14.37.29:872][  0]LogMaterial: Missing cached shader map for material M_Shoulder02, compiling. 
[2020.06.20-14.37.30:823][  0]LogAIModule: Creating AISystem for world MainLand
[2020.06.20-14.37.30:863][  0]LogEditorServer: Finished looking for orphan Actors (0.000 secs)
[2020.06.20-14.37.30:893][  0]Cmd: MAP CHECKDEP NOCLEARLOG
[2020.06.20-14.37.30:942][  0]MapCheck: Map check complete: 0 Error(s), 0 Warning(s), took 48.96ms to complete.
[2020.06.20-14.37.30:943][  0]LogFileHelpers: Loading map 'MainLand' took 6.163
[2020.06.20-14.37.31:281][  0]LogCollectionManager: Loaded 0 collections in 0.001849 seconds
[2020.06.20-14.37.31:355][  0]LogFileCache: Scanning file cache for directory 'D:/work/Unreal Engine work/GitHub/Landscape/Landscape/Saved/Collections/' took 0.01s
[2020.06.20-14.37.31:355][  0]LogFileCache: Scanning file cache for directory 'D:/work/Unreal Engine work/GitHub/Landscape/Landscape/Content/Developers/anass/Collections/' took 0.01s
[2020.06.20-14.37.31:355][  0]LogFileCache: Scanning file cache for directory 'D:/work/Unreal Engine work/GitHub/Landscape/Landscape/Content/Collections/' took 0.01s
[2020.06.20-14.37.31:355][  0]LogCollectionManager: Rebuilt the GUID cache for 0 collections in 0.000000 seconds
[2020.06.20-14.37.31:363][  0]LogContentBrowser: Native class hierarchy populated in 0.0082 seconds. Added 2400 classes and 535 folders.
[2020.06.20-14.37.31:417][  0]LogContentBrowser: Native class hierarchy updated for 'WidgetCarousel' in 0.0002 seconds. Added 0 classes and 0 folders.
[2020.06.20-14.37.31:455][  0]LogContentBrowser: Native class hierarchy updated for 'AddContentDialog' in 0.0002 seconds. Added 0 classes and 0 folders.
[2020.06.20-14.37.31:537][  0]LogContentBrowser: Native class hierarchy updated for 'HierarchicalLODOutliner' in 0.0002 seconds. Added 1 classes and 2 folders.
[2020.06.20-14.37.31:537][  0]LogLoad: (Engine Initialization) Total time: 24.34 seconds
[2020.06.20-14.37.31:537][  0]LogLoad: (Engine Initialization) Total Blueprint compile time: 0.00 seconds
[2020.06.20-14.37.31:537][  0]LogExternalProfiler: Found external profiler: VSPerf
[2020.06.20-14.37.31:537][  0]LogExternalProfiler: Using external profiler: VSPerf
[2020.06.20-14.37.31:574][  0]LogContentStreaming: Texture pool size now 1000 MB
[2020.06.20-14.37.31:576][  0]LogSlate: Took 0.000159 seconds to synchronously load lazily loaded font '../../../Engine/Content/Slate/Fonts/Roboto-Regular.ttf' (155K)
[2020.06.20-14.37.31:578][  0]LogSlate: Took 0.000119 seconds to synchronously load lazily loaded font '../../../Engine/Content/Slate/Fonts/Roboto-Bold.ttf' (160K)
[2020.06.20-14.37.31:583][  0]LogSlate: Took 0.000442 seconds to synchronously load lazily loaded font '../../../Engine/Content/Editor/Slate/Fonts/FontAwesome.ttf' (139K)
[2020.06.20-14.37.31:709][  1]LogFMOD: File has changed: D:/work/Unreal Engine work/GitHub/Landscape/Landscape/Content/FMOD/Desktop/Master Bank.strings.bank
[2020.06.20-14.37.31:809][  1]LogRenderer: Reallocating scene render targets to support 604x588 Format 10 NumSamples 1 (Frame:1).
[2020.06.20-14.37.31:809][  1]LogFMOD: Loading strings bank: D:/work/Unreal Engine work/GitHub/Landscape/Landscape/Content/FMOD/Desktop/Master Bank.strings.bank
[2020.06.20-14.37.31:811][  1]LogFMOD: Skipping asset: bank:/Master Bank.strings
[2020.06.20-14.37.31:811][  1]LogFMOD: Skipping asset: bus:/
[2020.06.20-14.37.31:818][  1]LogFMOD: Default sample rate = 48000
[2020.06.20-14.37.31:818][  1]LogFMOD: System sample rate = 44100
[2020.06.20-14.37.31:818][  1]LogFMOD: Matching system sample rate 44100
[2020.06.20-14.37.32:157][  1]LogFMOD: Default sample rate = 48000
[2020.06.20-14.37.32:157][  1]LogFMOD: System sample rate = 44100
[2020.06.20-14.37.32:157][  1]LogFMOD: Matching system sample rate 44100
[2020.06.20-14.37.32:403][  4]LogPython: tcp server spawned on 127.0.0.1:13428
[2020.06.20-14.37.36:722][243]LogRenderer: Reallocating scene render targets to support 908x960 Format 10 NumSamples 1 (Frame:170).
[2020.06.20-14.37.37:069][256]LogAssetRegistry: Asset discovery search completed in 23.0140 seconds
[2020.06.20-14.37.37:074][256]LogCollectionManager: Rebuilt the object cache for 0 collections in 0.000001 seconds (found 0 objects)
[2020.06.20-14.37.37:074][256]LogCollectionManager: Fixed up redirectors for 0 collections in 0.000116 seconds (updated 0 objects)
[2020.06.20-14.37.41:967][504]LogSlate: Took 0.000190 seconds to synchronously load lazily loaded font '../../../Engine/Content/Slate/Fonts/Roboto-Light.ttf' (159K)
[2020.06.20-14.37.46:596][746]LogContentBrowser: Native class hierarchy updated for 'WorldBrowser' in 0.0003 seconds. Added 2 classes and 3 folders.
[2020.06.20-14.37.48:856][870]LogSlate: Took 0.000242 seconds to synchronously load lazily loaded font '../../../Engine/Content/Editor/Slate/Fonts/Roboto-BoldCondensed.ttf' (158K)
[2020.06.20-14.37.59:635][492]LogSlate: Took 0.000151 seconds to synchronously load lazily loaded font '../../../Engine/Content/Slate/Fonts/Roboto-Light.ttf' (159K)
[2020.06.20-14.38.00:750][492]LogTexture: Display: Building textures: Texture2D_0 (BGRA8, 256X256)
[2020.06.20-14.38.01:514][492]LogTexture: Display: Building textures: Texture2D_0 (BGRA8, 256X256)
[2020.06.20-14.38.02:317][492]LogTexture: Display: Building textures: Texture2D_0 (BGRA8, 256X256)
[2020.06.20-14.38.02:485][492]LogTexture: Display: Building textures: Texture2D_0 (BGRA8, 256X256)
[2020.06.20-14.38.02:713][492]LogTexture: Display: Building textures: Texture2D_0 (BGRA8, 256X256)
[2020.06.20-14.38.04:004][492]LogTexture: Display: Building textures: Texture2D_0 (BGRA8, 256X256)
[2020.06.20-14.38.04:004][492]MapCheck: Error: LandscapeStreamingProxy_0 FinalLand_x10_y07 contains orphaned meshes due to mismatch with landscape splines in MainLand Clean up orphaned meshes
[2020.06.20-14.38.04:159][492]LogTexture: Display: Building textures: Texture2D_0 (BGRA8, 256X256)
[2020.06.20-14.38.04:353][492]LogTexture: Display: Building textures: Texture2D_0 (BGRA8, 256X256)
[2020.06.20-14.38.04:445][492]LogTexture: Display: Building textures: Texture2D_0 (BGRA8, 256X256)
[2020.06.20-14.38.04:616][492]LogTexture: Display: Building textures: Texture2D_0 (BGRA8, 256X256)
[2020.06.20-14.38.04:616][492]LogStaticMesh: Building static mesh SM_MERGED_BermSplineX11Y07_6...
[2020.06.20-14.38.04:710][492]LogStaticMesh: Built static mesh [0.09s] /Nasir/PitMiningAssets/Blueprints/BermSpline/MergedSplines/SM_MERGED_BermSplineX11Y07_6.SM_MERGED_BermSplineX11Y07_6
[2020.06.20-14.38.04:731][492]LogStaticMesh: Building static mesh SM_MERGED_BermSplineX11Y07_5...
[2020.06.20-14.38.04:819][492]LogStaticMesh: Built static mesh [0.09s] /Nasir/PitMiningAssets/Blueprints/BermSpline/MergedSplines/SM_MERGED_BermSplineX11Y07_5.SM_MERGED_BermSplineX11Y07_5
[2020.06.20-14.38.04:824][492]LogStaticMesh: Building static mesh SM_MERGED_BermSplineX11Y07_4...
[2020.06.20-14.38.04:905][492]LogStaticMesh: Built static mesh [0.08s] /Nasir/PitMiningAssets/Blueprints/BermSpline/MergedSplines/SM_MERGED_BermSplineX11Y07_4.SM_MERGED_BermSplineX11Y07_4
[2020.06.20-14.38.04:911][492]LogStaticMesh: Building static mesh SM_MERGED_BermSplineX11Y07_3...
[2020.06.20-14.38.05:026][492]LogStaticMesh: Built static mesh [0.12s] /Nasir/PitMiningAssets/Blueprints/BermSpline/MergedSplines/SM_MERGED_BermSplineX11Y07_3.SM_MERGED_BermSplineX11Y07_3
[2020.06.20-14.38.05:035][492]LogStaticMesh: Building static mesh SM_MERGED_BermSplineX11Y07_2...
[2020.06.20-14.38.05:181][492]LogStaticMesh: Built static mesh [0.15s] /Nasir/PitMiningAssets/Blueprints/BermSpline/MergedSplines/SM_MERGED_BermSplineX11Y07_2.SM_MERGED_BermSplineX11Y07_2
[2020.06.20-14.38.06:029][492]LogTexture: Display: Building textures: Texture2D_0 (BGRA8, 256X256)
[2020.06.20-14.38.06:769][492]LogTexture: Display: Building textures: Texture2D_0 (BGRA8, 256X256)
[2020.06.20-14.38.42:754][455]LogTexture: Display: Building textures: Texture2D_0 (BGRA8, 256X256)
[2020.06.20-14.38.42:755][455]LogStaticMesh: Building static mesh SM_MERGED_BermSplineX12Y07_1...
[2020.06.20-14.38.42:828][455]LogStaticMesh: Built static mesh [0.07s] /Nasir/PitMiningAssets/Blueprints/BermSpline/MergedSplines/SM_MERGED_BermSplineX12Y07_1.SM_MERGED_BermSplineX12Y07_1
[2020.06.20-14.38.42:832][455]LogStaticMesh: Building static mesh SM_MERGED_BermSplineX12Y07_2...
[2020.06.20-14.38.42:988][455]LogStaticMesh: Built static mesh [0.16s] /Nasir/PitMiningAssets/Blueprints/BermSpline/MergedSplines/SM_MERGED_BermSplineX12Y07_2.SM_MERGED_BermSplineX12Y07_2
[2020.06.20-14.38.42:996][455]LogStaticMesh: Building static mesh SM_MERGED_BermSplineX12Y07_3...
[2020.06.20-14.38.43:054][455]LogStaticMesh: Built static mesh [0.06s] /Nasir/PitMiningAssets/Blueprints/BermSpline/MergedSplines/SM_MERGED_BermSplineX12Y07_3.SM_MERGED_BermSplineX12Y07_3
[2020.06.20-14.38.43:689][455]LogTexture: Display: Building textures: Texture2D_0 (BGRA8, 256X256)
[2020.06.20-14.38.44:197][455]LogSlate: Took 0.000207 seconds to synchronously load lazily loaded font '../../../Engine/Content/Slate/Fonts/Roboto-Regular.ttf' (155K)
[2020.06.20-14.39.02:153][361]MapCheck: New page: Map Check
[2020.06.20-14.39.02:153][361]LightingResults: New page: Lighting Build
[2020.06.20-14.39.02:213][361]MapCheck: New page: Map Check
[2020.06.20-14.39.02:213][361]LightingResults: New page: Lighting Build
[2020.06.20-14.39.02:267][361]MapCheck: New page: Map Check
[2020.06.20-14.39.02:267][361]LightingResults: New page: Lighting Build
[2020.06.20-14.39.02:322][361]MapCheck: New page: Map Check
[2020.06.20-14.39.02:322][361]LightingResults: New page: Lighting Build
[2020.06.20-14.39.02:377][361]MapCheck: New page: Map Check
[2020.06.20-14.39.02:377][361]LightingResults: New page: Lighting Build
[2020.06.20-14.39.02:432][361]MapCheck: New page: Map Check
[2020.06.20-14.39.02:432][361]LightingResults: New page: Lighting Build
[2020.06.20-14.39.02:488][361]MapCheck: New page: Map Check
[2020.06.20-14.39.02:488][361]LightingResults: New page: Lighting Build
[2020.06.20-14.39.02:539][361]MapCheck: New page: Map Check
[2020.06.20-14.39.02:539][361]LightingResults: New page: Lighting Build
[2020.06.20-14.39.02:591][361]MapCheck: New page: Map Check
[2020.06.20-14.39.02:591][361]LightingResults: New page: Lighting Build
[2020.06.20-14.39.02:639][361]MapCheck: New page: Map Check
[2020.06.20-14.39.02:639][361]LightingResults: New page: Lighting Build
[2020.06.20-14.39.02:693][361]MapCheck: New page: Map Check
[2020.06.20-14.39.02:693][361]LightingResults: New page: Lighting Build
[2020.06.20-14.39.02:744][361]MapCheck: New page: Map Check
[2020.06.20-14.39.02:744][361]LightingResults: New page: Lighting Build
[2020.06.20-14.39.02:798][361]MapCheck: New page: Map Check
[2020.06.20-14.39.02:798][361]LightingResults: New page: Lighting Build
[2020.06.20-14.39.02:846][361]MapCheck: New page: Map Check
[2020.06.20-14.39.02:846][361]LightingResults: New page: Lighting Build
[2020.06.20-14.39.02:896][361]MapCheck: New page: Map Check
[2020.06.20-14.39.02:896][361]LightingResults: New page: Lighting Build
[2020.06.20-14.39.02:946][361]MapCheck: New page: Map Check
[2020.06.20-14.39.02:946][361]LightingResults: New page: Lighting Build
[2020.06.20-14.39.02:999][361]MapCheck: New page: Map Check
[2020.06.20-14.39.02:999][361]LightingResults: New page: Lighting Build
[2020.06.20-14.39.03:048][361]MapCheck: New page: Map Check
[2020.06.20-14.39.03:048][361]LightingResults: New page: Lighting Build
[2020.06.20-14.42.28:037][760]LogWindowsTextInputMethodSystem: Display: IME system now deactivated.
[2020.06.20-14.42.28:261][761]Cmd: QUIT_EDITOR
[2020.06.20-14.42.28:293][761]LogExit: Preparing to exit.
[2020.06.20-14.42.28:860][761]LogExit: Editor shut down
[2020.06.20-14.42.28:863][761]LogExit: Transaction tracking system shut down
[2020.06.20-14.42.28:967][761]LogDirectoryWatcher: A directory notification for '../../../Engine/Content/' was aborted.
[2020.06.20-14.42.28:967][761]LogDirectoryWatcher: A directory notification for 'D:/work/Unreal Engine work/GitHub/Landscape/Landscape/Content/' was aborted.
[2020.06.20-14.42.28:967][761]LogDirectoryWatcher: A directory notification for '../../../Engine/Plugins/2D/Paper2D/Content/' was aborted.
[2020.06.20-14.42.28:967][761]LogDirectoryWatcher: A directory notification for '../../../Engine/Plugins/FMODStudio/Content/' was aborted.
[2020.06.20-14.42.28:967][761]LogDirectoryWatcher: A directory notification for '../../../Engine/Plugins/Media/MediaCompositing/Content/' was aborted.
[2020.06.20-14.42.28:967][761]LogDirectoryWatcher: A directory notification for '../../../Engine/Plugins/Runtime/AppleARKit/Content/' was aborted.
[2020.06.20-14.42.28:967][761]LogDirectoryWatcher: A directory notification for '../../../Engine/Plugins/Runtime/Oculus/OculusVR/Content/' was aborted.
[2020.06.20-14.42.28:967][761]LogDirectoryWatcher: A directory notification for '../../../Engine/Plugins/Runtime/Steam/SteamVR/Content/' was aborted.
[2020.06.20-14.42.28:967][761]LogDirectoryWatcher: A directory notification for 'D:/work/Unreal Engine work/GitHub/Landscape/Landscape/Plugins/Nasir/Content/' was aborted.
[2020.06.20-14.42.29:018][761]LogExit: Object subsystem successfully closed.
[2020.06.20-14.42.29:048][761]LogD3D11RHI: Shutdown
[2020.06.20-14.42.29:048][761]LogD3D11RHI: CleanupD3DDevice
[2020.06.20-14.42.29:050][761]LogD3D11RHI: ~FD3D11DynamicRHI
[2020.06.20-14.42.29:058][761]LogModuleManager: Shutting down and abandoning module WorldBrowser (560)
[2020.06.20-14.42.29:058][761]LogModuleManager: Shutting down and abandoning module HierarchicalLODOutliner (558)
[2020.06.20-14.42.29:058][761]LogModuleManager: Shutting down and abandoning module AddContentDialog (556)
[2020.06.20-14.42.29:058][761]LogDirectoryWatcher: A directory notification for 'F:/Epic Games/UE_4.18/FeaturePacks/' was aborted.
[2020.06.20-14.42.29:059][761]LogModuleManager: Shutting down and abandoning module WidgetCarousel (555)
[2020.06.20-14.42.29:059][761]LogModuleManager: Shutting down and abandoning module EditorWidgets (552)
[2020.06.20-14.42.29:059][761]LogModuleManager: Shutting down and abandoning module CollectionManager (550)
[2020.06.20-14.42.29:059][761]LogDirectoryWatcher: A directory notification for 'D:/work/Unreal Engine work/GitHub/Landscape/Landscape/Content/Collections/' was aborted.
[2020.06.20-14.42.29:059][761]LogDirectoryWatcher: A directory notification for 'D:/work/Unreal Engine work/GitHub/Landscape/Landscape/Content/Developers/anass/Collections/' was aborted.
[2020.06.20-14.42.29:059][761]LogDirectoryWatcher: A directory notification for 'D:/work/Unreal Engine work/GitHub/Landscape/Landscape/Saved/Collections/' was aborted.
[2020.06.20-14.42.29:059][761]LogModuleManager: Shutting down and abandoning module SceneOutliner (548)
[2020.06.20-14.42.29:059][761]LogModuleManager: Shutting down and abandoning module StatsViewer (546)
[2020.06.20-14.42.29:059][761]LogModuleManager: Shutting down and abandoning module FoliageEdit (544)
[2020.06.20-14.42.29:059][761]LogModuleManager: Shutting down and abandoning module LandscapeEditor (542)
[2020.06.20-14.42.29:059][761]LogModuleManager: Shutting down and abandoning module MeshPaintMode (540)
[2020.06.20-14.42.29:059][761]LogModuleManager: Shutting down and abandoning module SceneDepthPickerMode (538)
[2020.06.20-14.42.29:059][761]LogModuleManager: Shutting down and abandoning module ActorPickerMode (536)
[2020.06.20-14.42.29:059][761]LogModuleManager: Shutting down and abandoning module GeometryMode (534)
[2020.06.20-14.42.29:059][761]LogModuleManager: Shutting down and abandoning module TextureAlignMode (532)
[2020.06.20-14.42.29:059][761]LogModuleManager: Shutting down and abandoning module BspMode (530)
[2020.06.20-14.42.29:059][761]LogModuleManager: Shutting down and abandoning module PIEPreviewDeviceProfileSelector (528)
[2020.06.20-14.42.29:059][761]LogModuleManager: Shutting down and abandoning module HardwareSurvey (526)
[2020.06.20-14.42.29:059][761]LogModuleManager: Shutting down and abandoning module SequenceRecorderSections (524)
[2020.06.20-14.42.29:059][761]LogModuleManager: Shutting down and abandoning module AutomationWorker (522)
[2020.06.20-14.42.29:059][761]LogModuleManager: Shutting down and abandoning module MatineeToLevelSequence (520)
[2020.06.20-14.42.29:059][761]LogModuleManager: Shutting down and abandoning module LevelSequenceEditor (518)
[2020.06.20-14.42.29:060][761]LogModuleManager: Shutting down and abandoning module PlacementMode (517)
[2020.06.20-14.42.29:060][761]LogModuleManager: Shutting down and abandoning module WmfMediaFactory (514)
[2020.06.20-14.42.29:060][761]LogModuleManager: Shutting down and abandoning module WmfMediaEditor (512)
[2020.06.20-14.42.29:060][761]LogModuleManager: Shutting down and abandoning module OpenExrWrapper (510)
[2020.06.20-14.42.29:060][761]LogModuleManager: Shutting down and abandoning module ImgMediaFactory (508)
[2020.06.20-14.42.29:060][761]LogModuleManager: Shutting down and abandoning module ImgMediaEditor (506)
[2020.06.20-14.42.29:060][761]LogModuleManager: Shutting down and abandoning module AvfMediaFactory (504)
[2020.06.20-14.42.29:060][761]LogModuleManager: Shutting down and abandoning module AvfMediaEditor (502)
[2020.06.20-14.42.29:060][761]LogModuleManager: Shutting down and abandoning module AndroidMediaFactory (500)
[2020.06.20-14.42.29:060][761]LogModuleManager: Shutting down and abandoning module AndroidMediaEditor (498)
[2020.06.20-14.42.29:060][761]LogModuleManager: Shutting down and abandoning module CharacterAI (496)
[2020.06.20-14.42.29:060][761]LogModuleManager: Shutting down and abandoning module AudioCapture (494)
[2020.06.20-14.42.29:060][761]LogModuleManager: Shutting down and abandoning module SequenceRecorder (493)
[2020.06.20-14.42.29:060][761]LogModuleManager: Shutting down and abandoning module SmartSnapping (490)
[2020.06.20-14.42.29:060][761]LogModuleManager: Shutting down and abandoning module SessionServices (488)
[2020.06.20-14.42.29:060][761]LogModuleManager: Shutting down and abandoning module ViewportSnapping (486)
[2020.06.20-14.42.29:060][761]LogModuleManager: Shutting down and abandoning module ViewportInteraction (484)
[2020.06.20-14.42.29:060][761]LogModuleManager: Shutting down and abandoning module ClothPainter (482)
[2020.06.20-14.42.29:060][761]LogModuleManager: Shutting down and abandoning module SkeletalMeshEditor (481)
[2020.06.20-14.42.29:060][761]LogModuleManager: Shutting down and abandoning module LogVisualizer (478)
[2020.06.20-14.42.29:060][761]LogModuleManager: Shutting down and abandoning module IntroTutorials (476)
[2020.06.20-14.42.29:060][761]LogModuleManager: Shutting down and abandoning module GameProjectGeneration (475)
[2020.06.20-14.42.29:060][761]LogModuleManager: Shutting down and abandoning module IOSPlatformEditor (472)
[2020.06.20-14.42.29:060][761]LogModuleManager: Shutting down and abandoning module HTML5PlatformEditor (470)
[2020.06.20-14.42.29:060][761]LogModuleManager: Shutting down and abandoning module AndroidPlatformEditor (468)
[2020.06.20-14.42.29:060][761]LogModuleManager: Shutting down and abandoning module AndroidDeviceDetection (467)
[2020.06.20-14.42.29:215][761]LogModuleManager: Shutting down and abandoning module WindowsPlatformEditor (464)
[2020.06.20-14.42.29:215][761]LogModuleManager: Shutting down and abandoning module IOSRuntimeSettings (462)
[2020.06.20-14.42.29:215][761]LogModuleManager: Shutting down and abandoning module AndroidRuntimeSettings (460)
[2020.06.20-14.42.29:215][761]LogModuleManager: Shutting down and abandoning module InputBindingEditor (458)
[2020.06.20-14.42.29:215][761]LogModuleManager: Shutting down and abandoning module MergeActors (456)
[2020.06.20-14.42.29:215][761]LogModuleManager: Shutting down and abandoning module SizeMap (454)
[2020.06.20-14.42.29:215][761]LogModuleManager: Shutting down and abandoning module TreeMap (452)
[2020.06.20-14.42.29:215][761]LogModuleManager: Shutting down and abandoning module ReferenceViewer (450)
[2020.06.20-14.42.29:215][761]LogModuleManager: Shutting down and abandoning module LocalizationDashboard (448)
[2020.06.20-14.42.29:216][761]LogModuleManager: Shutting down and abandoning module LocalizationService (447)
[2020.06.20-14.42.29:216][761]LogModuleManager: Shutting down and abandoning module HardwareTargeting (444)
[2020.06.20-14.42.29:216][761]LogModuleManager: Shutting down and abandoning module DeviceProfileEditor (442)
[2020.06.20-14.42.29:216][761]LogModuleManager: Shutting down and abandoning module UndoHistory (440)
[2020.06.20-14.42.29:216][761]LogModuleManager: Shutting down and abandoning module XmlParser (438)
[2020.06.20-14.42.29:216][761]LogModuleManager: Shutting down and abandoning module Blutility (436)
[2020.06.20-14.42.29:216][761]LogModuleManager: Shutting down and abandoning module ProjectSettingsViewer (434)
[2020.06.20-14.42.29:216][761]LogModuleManager: Shutting down and abandoning module ProjectTargetPlatformEditor (433)
[2020.06.20-14.42.29:216][761]LogModuleManager: Shutting down and abandoning module EditorSettingsViewer (430)
[2020.06.20-14.42.29:216][761]LogModuleManager: Shutting down and abandoning module SettingsEditor (428)
[2020.06.20-14.42.29:216][761]LogModuleManager: Shutting down and abandoning module ProjectLauncher (426)
[2020.06.20-14.42.29:216][761]LogModuleManager: Shutting down and abandoning module SessionFrontend (424)
[2020.06.20-14.42.29:216][761]LogModuleManager: Shutting down and abandoning module ProfilerClient (422)
[2020.06.20-14.42.29:216][761]LogModuleManager: Shutting down and abandoning module DeviceManager (420)
[2020.06.20-14.42.29:216][761]LogModuleManager: Shutting down and abandoning module TargetDeviceServices (419)
[2020.06.20-14.42.29:271][761]LogModuleManager: Shutting down and abandoning module AutomationController (416)
[2020.06.20-14.42.29:271][761]LogModuleManager: Shutting down and abandoning module AutomationWindow (414)
[2020.06.20-14.42.29:271][761]LogModuleManager: Shutting down and abandoning module Layers (412)
[2020.06.20-14.42.29:271][761]LogModuleManager: Shutting down and abandoning module ComponentVisualizers (410)
[2020.06.20-14.42.29:271][761]LogModuleManager: Shutting down and abandoning module DetailCustomizations (408)
[2020.06.20-14.42.29:271][761]LogModuleManager: Shutting down and abandoning module PackagesDialog (406)
[2020.06.20-14.42.29:271][761]LogModuleManager: Shutting down and abandoning module Persona (404)
[2020.06.20-14.42.29:271][761]LogModuleManager: Shutting down and abandoning module AdvancedPreviewScene (403)
[2020.06.20-14.42.29:271][761]LogModuleManager: Shutting down and abandoning module AnimGraph (401)
[2020.06.20-14.42.29:271][761]LogModuleManager: Shutting down and abandoning module Kismet (398)
[2020.06.20-14.42.29:272][761]LogModuleManager: Shutting down and abandoning module ClassViewer (396)
[2020.06.20-14.42.29:272][761]LogModuleManager: Shutting down and abandoning module Toolbox (394)
[2020.06.20-14.42.29:272][761]LogModuleManager: Shutting down and abandoning module ModuleUI (392)
[2020.06.20-14.42.29:272][761]LogModuleManager: Shutting down and abandoning module MovieSceneTools (390)
[2020.06.20-14.42.29:272][761]LogModuleManager: Shutting down and abandoning module OutputLog (388)
[2020.06.20-14.42.29:272][761]LogModuleManager: Shutting down and abandoning module GammaUI (386)
[2020.06.20-14.42.29:272][761]LogModuleManager: Shutting down and abandoning module Documentation (384)
[2020.06.20-14.42.29:272][761]LogModuleManager: Shutting down and abandoning module MovieSceneTracks (382)
[2020.06.20-14.42.29:272][761]LogModuleManager: Shutting down and abandoning module MovieScene (380)
[2020.06.20-14.42.29:272][761]LogModuleManager: Shutting down and abandoning module StreamingPauseRendering (378)
[2020.06.20-14.42.29:272][761]LogModuleManager: Shutting down and abandoning module LauncherPlatform (376)
[2020.06.20-14.42.29:272][761]LogModuleManager: Shutting down and abandoning module AnalyticsET (374)
[2020.06.20-14.42.29:272][761]LogModuleManager: Shutting down and abandoning module PortalServices (372)
[2020.06.20-14.42.29:272][761]LogModuleManager: Shutting down and abandoning module PortalRpc (370)
[2020.06.20-14.42.29:272][761]LogModuleManager: Shutting down and abandoning module MessagingRpc (368)
[2020.06.20-14.42.29:272][761]LogModuleManager: Shutting down and abandoning module AIModule (366)
[2020.06.20-14.42.29:272][761]LogModuleManager: Shutting down and abandoning module GameplayDebugger (365)
[2020.06.20-14.42.29:272][761]LogModuleManager: Shutting down and abandoning module AITestSuite (363)
[2020.06.20-14.42.29:272][761]LogModuleManager: Shutting down and abandoning module DesktopPlatform (360)
[2020.06.20-14.42.29:272][761]LogModuleManager: Shutting down and abandoning module ProfilerService (358)
[2020.06.20-14.42.29:426][761]LogModuleManager: Shutting down and abandoning module TaskGraph (356)
[2020.06.20-14.42.29:426][761]LogModuleManager: Shutting down and abandoning module PythonEditor (354)
[2020.06.20-14.42.29:426][761]LogModuleManager: Shutting down and abandoning module UnrealEnginePython (352)
[2020.06.20-14.42.29:426][761]LogPython: Goodbye Python
[2020.06.20-14.42.29:447][761]LogModuleManager: Shutting down and abandoning module SteamVRController (350)
[2020.06.20-14.42.29:447][761]LogModuleManager: Shutting down and abandoning module ProceduralMeshComponentEditor (348)
[2020.06.20-14.42.29:447][761]LogModuleManager: Shutting down and abandoning module ProceduralMeshComponent (346)
[2020.06.20-14.42.29:447][761]LogModuleManager: Shutting down and abandoning module OculusInput (344)
[2020.06.20-14.42.29:447][761]LogModuleManager: Shutting down and abandoning module MobilePatchingUtils (342)
[2020.06.20-14.42.29:447][761]LogModuleManager: Shutting down and abandoning module CustomMeshComponent (340)
[2020.06.20-14.42.29:447][761]LogModuleManager: Shutting down and abandoning module CableComponent (338)
[2020.06.20-14.42.29:447][761]LogModuleManager: Shutting down and abandoning module ArchVisCharacter (336)
[2020.06.20-14.42.29:447][761]LogModuleManager: Shutting down and abandoning module AndroidPermission (334)
[2020.06.20-14.42.29:447][761]LogModuleManager: Shutting down and abandoning module ActorSequence (330)
[2020.06.20-14.42.29:447][761]LogModuleManager: Shutting down and abandoning module MediaPlayerEditor (328)
[2020.06.20-14.42.29:447][761]LogModuleManager: Shutting down and abandoning module MediaCompositingEditor (326)
[2020.06.20-14.42.29:447][761]LogModuleManager: Shutting down and abandoning module MediaCompositing (324)
[2020.06.20-14.42.29:447][761]LogModuleManager: Shutting down and abandoning module FMODStudioEditor (322)
[2020.06.20-14.42.29:447][761]LogModuleManager: Shutting down and abandoning module HTML5Networking (320)
[2020.06.20-14.42.29:447][761]LogModuleManager: Shutting down and abandoning module AlembicImporter (318)
[2020.06.20-14.42.29:447][761]LogModuleManager: Shutting down and abandoning module AlembicLibrary (317)
[2020.06.20-14.42.29:448][761]LogModuleManager: Shutting down and abandoning module GeometryCache (316)
[2020.06.20-14.42.29:448][761]LogModuleManager: Shutting down and abandoning module GeometryCacheEd (315)
[2020.06.20-14.42.29:448][761]LogModuleManager: Shutting down and abandoning module SpeedTreeImporter (310)
[2020.06.20-14.42.29:448][761]LogModuleManager: Shutting down and abandoning module PluginBrowser (308)
[2020.06.20-14.42.29:448][761]LogModuleManager: Shutting down and abandoning module MobileLauncherProfileWizard (306)
[2020.06.20-14.42.29:448][761]LogModuleManager: Shutting down and abandoning module VisualStudioSourceCodeAccess (304)
[2020.06.20-14.42.29:448][761]LogModuleManager: Shutting down and abandoning module VisualStudioCodeSourceCodeAccess (302)
[2020.06.20-14.42.29:448][761]LogModuleManager: Shutting down and abandoning module UObjectPlugin (300)
[2020.06.20-14.42.29:448][761]LogModuleManager: Shutting down and abandoning module SubversionSourceControl (298)
[2020.06.20-14.42.29:448][761]LogModuleManager: Shutting down and abandoning module PerforceSourceControl (296)
[2020.06.20-14.42.29:448][761]LogModuleManager: Shutting down and abandoning module GitSourceControl (294)
[2020.06.20-14.42.29:448][761]LogModuleManager: Shutting down and abandoning module SourceControl (293)
[2020.06.20-14.42.29:448][761]LogModuleManager: Shutting down and abandoning module LightPropagationVolumeEditor (290)
[2020.06.20-14.42.29:448][761]LogModuleManager: Shutting down and abandoning module PaperTiledImporter (288)
[2020.06.20-14.42.29:448][761]LogModuleManager: Shutting down and abandoning module PaperSpriteSheetImporter (286)
[2020.06.20-14.42.29:448][761]LogModuleManager: Shutting down and abandoning module Paper2DEditor (284)
[2020.06.20-14.42.29:448][761]LogModuleManager: Shutting down and abandoning module MeshPaint (283)
[2020.06.20-14.42.29:449][761]LogModuleManager: Shutting down and abandoning module LevelEditor (281)
[2020.06.20-14.42.29:449][761]LogModuleManager: Shutting down and abandoning module PixelInspectorModule (280)
[2020.06.20-14.42.29:449][761]LogModuleManager: Shutting down and abandoning module MainFrame (278)
[2020.06.20-14.42.29:449][761]LogModuleManager: Shutting down and abandoning module HotReload (277)
[2020.06.20-14.42.29:450][761]LogModuleManager: Shutting down and abandoning module PythonConsole (272)
[2020.06.20-14.42.29:450][761]LogModuleManager: Shutting down and abandoning module RuntimePhysXCooking (270)
[2020.06.20-14.42.29:450][761]LogModuleManager: Shutting down and abandoning module PhysXVehiclesEditor (268)
[2020.06.20-14.42.29:450][761]LogModuleManager: Shutting down and abandoning module PhysXVehicles (266)
[2020.06.20-14.42.29:450][761]LogModuleManager: Shutting down and abandoning module OculusEditor (264)
[2020.06.20-14.42.29:450][761]LogModuleManager: Shutting down and abandoning module LocationServicesBPLibrary (262)
[2020.06.20-14.42.29:450][761]LogModuleManager: Shutting down and abandoning module ImmediatePhysicsEditor (260)
[2020.06.20-14.42.29:450][761]LogModuleManager: Shutting down and abandoning module ImmediatePhysics (258)
[2020.06.20-14.42.29:450][761]LogModuleManager: Shutting down and abandoning module UdpMessaging (256)
[2020.06.20-14.42.29:551][761]LogModuleManager: Shutting down and abandoning module TcpMessaging (254)
[2020.06.20-14.42.29:760][761]LogModuleManager: Shutting down and abandoning module FMODStudio (252)
[2020.06.20-14.42.30:000][761]LogModuleManager: Shutting down and abandoning module GameplayTagsEditor (250)
[2020.06.20-14.42.30:001][761]LogModuleManager: Shutting down and abandoning module FacialAnimationEditor (248)
[2020.06.20-14.42.30:001][761]LogModuleManager: Shutting down and abandoning module FacialAnimation (246)
[2020.06.20-14.42.30:001][761]LogModuleManager: Shutting down and abandoning module AssetManagerEditor (244)
[2020.06.20-14.42.30:001][761]LogModuleManager: Shutting down and abandoning module GraphEditor (243)
[2020.06.20-14.42.30:001][761]LogModuleManager: Shutting down and abandoning module ContentBrowser (241)
[2020.06.20-14.42.30:002][761]LogModuleManager: Shutting down and abandoning module LightPropagationVolumeRuntime (238)
[2020.06.20-14.42.30:002][761]LogModuleManager: Shutting down and abandoning module Paper2D (236)
[2020.06.20-14.42.30:002][761]LogModuleManager: Shutting down and abandoning module WindowsMoviePlayer (234)
[2020.06.20-14.42.30:003][761]LogModuleManager: Shutting down and abandoning module WmfMedia (232)
[2020.06.20-14.42.30:006][761]LogModuleManager: Shutting down and abandoning module ImgMedia (230)
[2020.06.20-14.42.30:006][761]LogModuleManager: Shutting down and abandoning module PacketHandler (228)
[2020.06.20-14.42.30:006][761]LogModuleManager: Shutting down and abandoning module ClothingSystemEditor (226)
[2020.06.20-14.42.30:006][761]LogModuleManager: Shutting down and abandoning module ClothingSystemRuntime (224)
[2020.06.20-14.42.30:006][761]LogModuleManager: Shutting down and abandoning module MediaAssets (222)
[2020.06.20-14.42.30:006][761]LogModuleManager: Shutting down and abandoning module Media (221)
[2020.06.20-14.42.30:012][761]LogModuleManager: Shutting down and abandoning module Overlay (218)
[2020.06.20-14.42.30:012][761]LogModuleManager: Shutting down and abandoning module OverlayEditor (217)
[2020.06.20-14.42.30:012][761]LogModuleManager: Shutting down and abandoning module VREditor (214)
[2020.06.20-14.42.30:012][761]LogModuleManager: Shutting down and abandoning module StringTableEditor (212)
[2020.06.20-14.42.30:012][761]LogModuleManager: Shutting down and abandoning module GameplayTasksEditor (210)
[2020.06.20-14.42.30:012][761]LogModuleManager: Shutting down and abandoning module BehaviorTreeEditor (208)
[2020.06.20-14.42.30:012][761]LogModuleManager: Shutting down and abandoning module FunctionalTesting (206)
[2020.06.20-14.42.30:012][761]LogModuleManager: Shutting down and abandoning module CollisionAnalyzer (204)
[2020.06.20-14.42.30:012][761]LogModuleManager: Shutting down and abandoning module WorkspaceMenuStructure (203)
[2020.06.20-14.42.30:012][761]LogModuleManager: Shutting down and abandoning module UMG (200)
[2020.06.20-14.42.30:012][761]LogModuleManager: Shutting down and abandoning module UMGEditor (199)
[2020.06.20-14.42.30:012][761]LogModuleManager: Shutting down and abandoning module Sequencer (198)
[2020.06.20-14.42.30:012][761]LogModuleManager: Shutting down and abandoning module MessageLog (195)
[2020.06.20-14.42.30:013][761]LogModuleManager: Shutting down and abandoning module SlateReflector (190)
[2020.06.20-14.42.30:013][761]LogModuleManager: Shutting down and abandoning module Slate (188)
[2020.06.20-14.42.30:013][761]LogModuleManager: Shutting down and abandoning module EditorStyle (186)
[2020.06.20-14.42.30:015][761]LogModuleManager: Shutting down and abandoning module MRMesh (184)
[2020.06.20-14.42.30:015][761]LogModuleManager: Shutting down and abandoning module SourceCodeAccess (182)
[2020.06.20-14.42.30:015][761]LogModuleManager: Shutting down and abandoning module HeadMountedDisplay (180)
[2020.06.20-14.42.30:015][761]LogModuleManager: Shutting down and abandoning module XAudio2 (178)
[2020.06.20-14.42.30:015][761]LogModuleManager: Shutting down and abandoning module Networking (176)
[2020.06.20-14.42.30:015][761]LogModuleManager: Shutting down and abandoning module Core (172)
[2020.06.20-14.42.30:015][761]LogModuleManager: Shutting down and abandoning module LevelSequence (168)
[2020.06.20-14.42.30:015][761]LogModuleManager: Shutting down and abandoning module DirectoryWatcher (166)
[2020.06.20-14.42.30:015][761]LogModuleManager: Shutting down and abandoning module KismetCompiler (164)
[2020.06.20-14.42.30:015][761]LogModuleManager: Shutting down and abandoning module MeshUtilities (162)
[2020.06.20-14.42.30:015][761]LogModuleManager: Shutting down and abandoning module MeshMergeUtilities (161)
[2020.06.20-14.42.30:015][761]LogModuleManager: Shutting down and abandoning module MeshReductionInterface (160)
[2020.06.20-14.42.30:016][761]LogModuleManager: Shutting down and abandoning module SimplygonSwarm (159)
[2020.06.20-14.42.30:016][761]LogModuleManager: Shutting down and abandoning module SimplygonMeshReduction (157)
[2020.06.20-14.42.30:016][761]LogModuleManager: Shutting down and abandoning module QuadricMeshReduction (155)
[2020.06.20-14.42.30:016][761]LogModuleManager: Shutting down and abandoning module MaterialBaking (151)
[2020.06.20-14.42.30:016][761]LogModuleManager: Shutting down and abandoning module DerivedDataCache (148)
[2020.06.20-14.42.30:060][761]LogDerivedDataCache: Shutdown
[2020.06.20-14.42.30:060][761]LogModuleManager: Shutting down and abandoning module TargetPlatform (146)
[2020.06.20-14.42.30:060][761]LogModuleManager: Shutting down and abandoning module VulkanShaderFormat (145)
[2020.06.20-14.42.30:060][761]LogModuleManager: Shutting down and abandoning module ShaderFormatVectorVM (143)
[2020.06.20-14.42.30:060][761]LogModuleManager: Shutting down and abandoning module ShaderFormatOpenGL (141)
[2020.06.20-14.42.30:060][761]LogModuleManager: Shutting down and abandoning module ShaderFormatD3D (139)
[2020.06.20-14.42.30:060][761]LogModuleManager: Shutting down and abandoning module MetalShaderFormat (137)
[2020.06.20-14.42.30:060][761]LogModuleManager: Shutting down and abandoning module TextureFormatUncompressed (135)
[2020.06.20-14.42.30:061][761]LogModuleManager: Shutting down and abandoning module TextureFormatPVR (133)
[2020.06.20-14.42.30:061][761]LogModuleManager: Shutting down and abandoning module TextureFormatDXT (131)
[2020.06.20-14.42.30:061][761]LogModuleManager: Shutting down and abandoning module TextureFormatIntelISPCTexComp (129)
[2020.06.20-14.42.30:061][761]LogModuleManager: Shutting down and abandoning module TextureFormatASTC (127)
[2020.06.20-14.42.30:061][761]LogModuleManager: Shutting down and abandoning module ImageWrapper (126)
[2020.06.20-14.42.30:061][761]LogModuleManager: Shutting down and abandoning module TextureFormatAndroid (123)
[2020.06.20-14.42.30:061][761]LogModuleManager: Shutting down and abandoning module AudioFormatOpus (121)
[2020.06.20-14.42.30:061][761]LogModuleManager: Shutting down and abandoning module AudioFormatOgg (119)
[2020.06.20-14.42.30:061][761]LogModuleManager: Shutting down and abandoning module AudioFormatADPCM (117)
[2020.06.20-14.42.30:061][761]LogModuleManager: Shutting down and abandoning module LinuxTargetPlatform (115)
[2020.06.20-14.42.30:061][761]LogModuleManager: Shutting down and abandoning module LinuxServerTargetPlatform (113)
[2020.06.20-14.42.30:061][761]LogModuleManager: Shutting down and abandoning module LinuxNoEditorTargetPlatform (111)
[2020.06.20-14.42.30:061][761]LogModuleManager: Shutting down and abandoning module LinuxClientTargetPlatform (109)
[2020.06.20-14.42.30:061][761]LogModuleManager: Shutting down and abandoning module TVOSTargetPlatform (107)
[2020.06.20-14.42.30:061][761]LogModuleManager: Shutting down and abandoning module Messaging (105)
[2020.06.20-14.42.30:061][761]LogModuleManager: Shutting down and abandoning module IOSTargetPlatform (103)
[2020.06.20-14.42.30:061][761]LogModuleManager: Shutting down and abandoning module HTML5TargetPlatform (101)
[2020.06.20-14.42.30:061][761]LogModuleManager: Shutting down and abandoning module AndroidTargetPlatform (99)
[2020.06.20-14.42.30:061][761]LogModuleManager: Shutting down and abandoning module Android_PVRTCTargetPlatform (97)
[2020.06.20-14.42.30:061][761]LogModuleManager: Shutting down and abandoning module Android_MultiTargetPlatform (95)
[2020.06.20-14.42.30:061][761]LogModuleManager: Shutting down and abandoning module Android_ETC2TargetPlatform (93)
[2020.06.20-14.42.30:061][761]LogModuleManager: Shutting down and abandoning module Android_ETC1TargetPlatform (91)
[2020.06.20-14.42.30:061][761]LogModuleManager: Shutting down and abandoning module Android_DXTTargetPlatform (89)
[2020.06.20-14.42.30:061][761]LogModuleManager: Shutting down and abandoning module Android_ATCTargetPlatform (87)
[2020.06.20-14.42.30:061][761]LogModuleManager: Shutting down and abandoning module Android_ASTCTargetPlatform (85)
[2020.06.20-14.42.30:061][761]LogModuleManager: Shutting down and abandoning module WindowsTargetPlatform (83)
[2020.06.20-14.42.30:061][761]LogModuleManager: Shutting down and abandoning module WindowsServerTargetPlatform (81)
[2020.06.20-14.42.30:061][761]LogModuleManager: Shutting down and abandoning module WindowsNoEditorTargetPlatform (79)
[2020.06.20-14.42.30:061][761]LogModuleManager: Shutting down and abandoning module WindowsClientTargetPlatform (77)
[2020.06.20-14.42.30:061][761]LogModuleManager: Shutting down and abandoning module MacTargetPlatform (75)
[2020.06.20-14.42.30:061][761]LogModuleManager: Shutting down and abandoning module MacServerTargetPlatform (73)
[2020.06.20-14.42.30:061][761]LogModuleManager: Shutting down and abandoning module MacNoEditorTargetPlatform (71)
[2020.06.20-14.42.30:061][761]LogModuleManager: Shutting down and abandoning module MacClientTargetPlatform (69)
[2020.06.20-14.42.30:061][761]LogModuleManager: Shutting down and abandoning module AllDesktopTargetPlatform (67)
[2020.06.20-14.42.30:061][761]LogModuleManager: Shutting down and abandoning module InputCore (64)
[2020.06.20-14.42.30:061][761]LogModuleManager: Shutting down and abandoning module Settings (62)
[2020.06.20-14.42.30:061][761]LogModuleManager: Shutting down and abandoning module PhysXCooking (60)
[2020.06.20-14.42.30:061][761]LogModuleManager: Shutting down and abandoning module SteamVR (58)
[2020.06.20-14.42.30:061][761]LogModuleManager: Shutting down and abandoning module OculusHMD (56)
[2020.06.20-14.42.30:061][761]LogModuleManager: Shutting down and abandoning module ExampleDeviceProfileSelector (54)
[2020.06.20-14.42.30:061][761]LogModuleManager: Shutting down and abandoning module AppleARKit (52)
[2020.06.20-14.42.30:061][761]LogModuleManager: Shutting down and abandoning module AugmentedReality (51)
[2020.06.20-14.42.30:062][761]LogModuleManager: Shutting down and abandoning module OnlineBlueprintSupport (48)
[2020.06.20-14.42.30:062][761]LogModuleManager: Shutting down and abandoning module OnlineSubsystem (44)
[2020.06.20-14.42.30:062][761]LogModuleManager: Shutting down and abandoning module XMPP (43)
[2020.06.20-14.42.30:062][761]LogModuleManager: Shutting down and abandoning module HTTP (41)
[2020.06.20-14.42.30:062][761]LogHttp: Display: Http module shutting down, but needs to wait on 1 outstanding Http requests:
[2020.06.20-14.42.30:062][761]LogHttp: Display: 	verb=[POST] url=[https://datarouter.ol.epicgames.com/datarouter/api/v1/public/data?SessionID=%7B1EEE2488-4BA1-F184-C059-B4AA0490D82C%7D&AppID=UEEditor.Rocket.Release&AppVersion=4.18.3-3832480%2B%2B%2BUE4%2BRelease-4.18&UserID=a63aaf7940df8aac408f4687c13a1b9f%7C78761d4d7dfc442c95b06415b6a08260%7Ca938bca2-861c-4cd8-a19e-4c46ccceef43&AppEnvironment=datacollector-binary&UploadType=eteventstream] status=Processing
[2020.06.20-14.42.30:072][761]LogModuleManager: Shutting down and abandoning module SSL (40)
[2020.06.20-14.42.30:073][761]LogModuleManager: Shutting down and abandoning module AnimationModifiers (36)
[2020.06.20-14.42.30:073][761]LogModuleManager: Shutting down and abandoning module PropertyEditor (35)
[2020.06.20-14.42.30:073][761]LogModuleManager: Shutting down and abandoning module AudioEditor (32)
[2020.06.20-14.42.30:073][761]LogModuleManager: Shutting down and abandoning module TextureCompressor (30)
[2020.06.20-14.42.30:073][761]LogModuleManager: Shutting down and abandoning module ShaderCore (28)
[2020.06.20-14.42.30:073][761]LogModuleManager: Shutting down and abandoning module Landscape (26)
[2020.06.20-14.42.30:073][761]LogModuleManager: Shutting down and abandoning module SlateRHIRenderer (24)
[2020.06.20-14.42.30:074][761]LogModuleManager: Shutting down and abandoning module OpenGLDrv (22)
[2020.06.20-14.42.30:074][761]LogModuleManager: Shutting down and abandoning module D3D11RHI (20)
[2020.06.20-14.42.30:074][761]LogModuleManager: Shutting down and abandoning module AnimGraphRuntime (18)
[2020.06.20-14.42.30:074][761]LogModuleManager: Shutting down and abandoning module Renderer (16)
[2020.06.20-14.42.30:074][761]LogModuleManager: Shutting down and abandoning module Engine (14)
[2020.06.20-14.42.30:074][761]LogModuleManager: Shutting down and abandoning module CoreUObject (12)
[2020.06.20-14.42.30:074][761]LogModuleManager: Shutting down and abandoning module NetworkFile (10)
[2020.06.20-14.42.30:074][761]LogModuleManager: Shutting down and abandoning module CookedIterativeFile (8)
[2020.06.20-14.42.30:074][761]LogModuleManager: Shutting down and abandoning module StreamingFile (6)
[2020.06.20-14.42.30:074][761]LogModuleManager: Shutting down and abandoning module SandboxFile (4)
[2020.06.20-14.42.30:074][761]LogModuleManager: Shutting down and abandoning module PakFile (2)
[2020.06.20-14.42.30:078][761]LogExit: Exiting.
[2020.06.20-14.42.30:079][761]Log file closed, 06/20/20 19:12:30
