Log file open, 06/20/20 19:20:07
LogWindows: Failed to load 'aqProf.dll' (GetLastError=126)
LogWindows: File 'aqProf.dll' does not exist
LogWindows: Failed to load 'VtuneApi.dll' (GetLastError=126)
LogWindows: File 'VtuneApi.dll' does not exist
LogWindows: Failed to load 'VtuneApi32e.dll' (GetLastError=126)
LogWindows: File 'VtuneApi32e.dll' does not exist
LogInit: Display: Running engine for game: Landscape
LogPlatformFile: Not using cached read wrapper
LogInit: Display: RandInit(-2066967450) SRandInit(-2066967450).
LogInit: Read version file with build ID '3709383'
LogInit: Overriding engine version to CL 3832480, compatible CL 3709383
LogInit: Registered custom module enumerator with build ID '3709383'
LogTaskGraph: Started task graph with 5 named threads and 14 total threads with 3 sets of task threads.
LogStats: Stats thread started at 0.176240
LogD3D11RHI: Aftermath initialized
LogModuleManager: Display: Found up-to-date module file ../../../Engine/Plugins/FMODStudio/Binaries/Win64/UE4Editor-FMODStudio.dll (API version 3709383).
LogModuleManager: Display: Found up-to-date module file ../../../Engine/Plugins/FMODStudio/Binaries/Win64/UE4Editor-FMODStudioEditor.dll (API version 3709383).
LogModuleManager: Display: Found up-to-date module file ../../../Engine/Plugins/2D/Paper2D/Binaries/Win64/UE4Editor-Paper2D.dll (API version 3709383).
LogModuleManager: Display: Found up-to-date module file ../../../Engine/Plugins/2D/Paper2D/Binaries/Win64/UE4Editor-Paper2DEditor.dll (API version 3709383).
LogModuleManager: Display: Found up-to-date module file ../../../Engine/Plugins/2D/Paper2D/Binaries/Win64/UE4Editor-PaperSpriteSheetImporter.dll (API version 3709383).
LogModuleManager: Display: Found up-to-date module file ../../../Engine/Plugins/2D/Paper2D/Binaries/Win64/UE4Editor-PaperTiledImporter.dll (API version 3709383).
LogModuleManager: Display: Found up-to-date module file ../../../Engine/Plugins/2D/Paper2D/Binaries/Win64/UE4Editor-SmartSnapping.dll (API version 3709383).
LogModuleManager: Display: Found up-to-date module file ../../../Engine/Plugins/Blendables/LightPropagationVolume/Binaries/Win64/UE4Editor-LightPropagationVolumeRuntime.dll (API version 3709383).
LogModuleManager: Display: Found up-to-date module file ../../../Engine/Plugins/Blendables/LightPropagationVolume/Binaries/Win64/UE4Editor-LightPropagationVolumeEditor.dll (API version 3709383).
LogModuleManager: Display: Found up-to-date module file ../../../Engine/Plugins/Developer/GitSourceControl/Binaries/Win64/UE4Editor-GitSourceControl.dll (API version 3709383).
LogModuleManager: Display: Found up-to-date module file ../../../Engine/Plugins/Developer/PerforceSourceControl/Binaries/Win64/UE4Editor-PerforceSourceControl.dll (API version 3709383).
LogModuleManager: Display: Found up-to-date module file ../../../Engine/Plugins/Developer/SubversionSourceControl/Binaries/Win64/UE4Editor-SubversionSourceControl.dll (API version 3709383).
LogModuleManager: Display: Found up-to-date module file ../../../Engine/Plugins/Developer/UObjectPlugin/Binaries/Win64/UE4Editor-UObjectPlugin.dll (API version 3709383).
LogModuleManager: Display: Found up-to-date module file ../../../Engine/Plugins/Developer/VisualStudioCodeSourceCodeAccess/Binaries/Win64/UE4Editor-VisualStudioCodeSourceCodeAccess.dll (API version 3709383).
LogModuleManager: Display: Found up-to-date module file ../../../Engine/Plugins/Developer/VisualStudioSourceCodeAccess/Binaries/Win64/UE4Editor-VisualStudioSourceCodeAccess.dll (API version 3709383).
LogModuleManager: Display: Found up-to-date module file ../../../Engine/Plugins/Editor/AssetManagerEditor/Binaries/Win64/UE4Editor-AssetManagerEditor.dll (API version 3709383).
LogModuleManager: Display: Found up-to-date module file ../../../Engine/Plugins/Editor/AudioCapture/Binaries/Win64/UE4Editor-AudioCapture.dll (API version 3709383).
LogModuleManager: Display: Found up-to-date module file ../../../Engine/Plugins/Editor/FacialAnimation/Binaries/Win64/UE4Editor-FacialAnimation.dll (API version 3709383).
LogModuleManager: Display: Found up-to-date module file ../../../Engine/Plugins/Editor/FacialAnimation/Binaries/Win64/UE4Editor-FacialAnimationEditor.dll (API version 3709383).
LogModuleManager: Display: Found up-to-date module file ../../../Engine/Plugins/Editor/GameplayTagsEditor/Binaries/Win64/UE4Editor-GameplayTagsEditor.dll (API version 3709383).
LogModuleManager: Display: Found up-to-date module file ../../../Engine/Plugins/Editor/MobileLauncherProfileWizard/Binaries/Win64/UE4Editor-MobileLauncherProfileWizard.dll (API version 3709383).
LogModuleManager: Display: Found up-to-date module file ../../../Engine/Plugins/Editor/PluginBrowser/Binaries/Win64/UE4Editor-PluginBrowser.dll (API version 3709383).
LogModuleManager: Display: Found up-to-date module file ../../../Engine/Plugins/Editor/SpeedTreeImporter/Binaries/Win64/UE4Editor-SpeedTreeImporter.dll (API version 3709383).
LogModuleManager: Display: Found up-to-date module file ../../../Engine/Plugins/Experimental/AlembicImporter/Binaries/Win64/UE4Editor-AlembicImporter.dll (API version 3709383).
LogModuleManager: Display: Found up-to-date module file ../../../Engine/Plugins/Experimental/AlembicImporter/Binaries/Win64/UE4Editor-AlembicLibrary.dll (API version 3709383).
LogModuleManager: Display: Found up-to-date module file ../../../Engine/Plugins/Experimental/CharacterAI/Binaries/Win64/UE4Editor-CharacterAI.dll (API version 3709383).
LogModuleManager: Display: Found up-to-date module file ../../../Engine/Plugins/Experimental/HTML5Networking/Binaries/Win64/UE4Editor-HTML5Networking.dll (API version 3709383).
LogModuleManager: Display: Found up-to-date module file ../../../Engine/Plugins/Media/AndroidMedia/Binaries/Win64/UE4Editor-AndroidMediaEditor.dll (API version 3709383).
LogModuleManager: Display: Found up-to-date module file ../../../Engine/Plugins/Media/AndroidMedia/Binaries/Win64/UE4Editor-AndroidMediaFactory.dll (API version 3709383).
LogModuleManager: Display: Found up-to-date module file ../../../Engine/Plugins/Media/AvfMedia/Binaries/Win64/UE4Editor-AvfMediaEditor.dll (API version 3709383).
LogModuleManager: Display: Found up-to-date module file ../../../Engine/Plugins/Media/AvfMedia/Binaries/Win64/UE4Editor-AvfMediaFactory.dll (API version 3709383).
LogModuleManager: Display: Found up-to-date module file ../../../Engine/Plugins/Media/AvfMedia/Binaries/Win64/UE4Editor-AvfMediaFactory.dll (API version 3709383).
LogModuleManager: Display: Found up-to-date module file ../../../Engine/Plugins/Media/ImgMedia/Binaries/Win64/UE4Editor-ImgMedia.dll (API version 3709383).
LogModuleManager: Display: Found up-to-date module file ../../../Engine/Plugins/Media/ImgMedia/Binaries/Win64/UE4Editor-ImgMediaEditor.dll (API version 3709383).
LogModuleManager: Display: Found up-to-date module file ../../../Engine/Plugins/Media/ImgMedia/Binaries/Win64/UE4Editor-ImgMediaFactory.dll (API version 3709383).
LogModuleManager: Display: Found up-to-date module file ../../../Engine/Plugins/Media/ImgMedia/Binaries/Win64/UE4Editor-ImgMediaFactory.dll (API version 3709383).
LogModuleManager: Display: Found up-to-date module file ../../../Engine/Plugins/Media/ImgMedia/Binaries/Win64/UE4Editor-OpenExrWrapper.dll (API version 3709383).
LogModuleManager: Display: Found up-to-date module file ../../../Engine/Plugins/Media/MediaCompositing/Binaries/Win64/UE4Editor-MediaCompositing.dll (API version 3709383).
LogModuleManager: Display: Found up-to-date module file ../../../Engine/Plugins/Media/MediaCompositing/Binaries/Win64/UE4Editor-MediaCompositingEditor.dll (API version 3709383).
LogModuleManager: Display: Found up-to-date module file ../../../Engine/Plugins/Media/MediaPlayerEditor/Binaries/Win64/UE4Editor-MediaPlayerEditor.dll (API version 3709383).
LogModuleManager: Display: Found up-to-date module file ../../../Engine/Plugins/Media/WmfMedia/Binaries/Win64/UE4Editor-WmfMedia.dll (API version 3709383).
LogModuleManager: Display: Found up-to-date module file ../../../Engine/Plugins/Media/WmfMedia/Binaries/Win64/UE4Editor-WmfMediaEditor.dll (API version 3709383).
LogModuleManager: Display: Found up-to-date module file ../../../Engine/Plugins/Media/WmfMedia/Binaries/Win64/UE4Editor-WmfMediaFactory.dll (API version 3709383).
LogModuleManager: Display: Found up-to-date module file ../../../Engine/Plugins/Media/WmfMedia/Binaries/Win64/UE4Editor-WmfMediaFactory.dll (API version 3709383).
LogModuleManager: Display: Found up-to-date module file ../../../Engine/Plugins/Messaging/TcpMessaging/Binaries/Win64/UE4Editor-TcpMessaging.dll (API version 3709383).
LogModuleManager: Display: Found up-to-date module file ../../../Engine/Plugins/Messaging/UdpMessaging/Binaries/Win64/UE4Editor-UdpMessaging.dll (API version 3709383).
LogModuleManager: Display: Found up-to-date module file ../../../Engine/Plugins/MovieScene/ActorSequence/Binaries/Win64/UE4Editor-ActorSequence.dll (API version 3709383).
LogModuleManager: Display: Found up-to-date module file ../../../Engine/Plugins/MovieScene/LevelSequenceEditor/Binaries/Win64/UE4Editor-LevelSequenceEditor.dll (API version 3709383).
LogModuleManager: Display: Found up-to-date module file ../../../Engine/Plugins/MovieScene/MatineeToLevelSequence/Binaries/Win64/UE4Editor-MatineeToLevelSequence.dll (API version 3709383).
LogModuleManager: Display: Found up-to-date module file ../../../Engine/Plugins/Online/OnlineSubsystem/Binaries/Win64/UE4Editor-OnlineSubsystem.dll (API version 3709383).
LogModuleManager: Display: Found up-to-date module file ../../../Engine/Plugins/Runtime/AndroidPermission/Binaries/Win64/UE4Editor-AndroidPermission.dll (API version 3709383).
LogModuleManager: Display: Found up-to-date module file ../../../Engine/Plugins/Online/OnlineSubsystemNull/Binaries/Win64/UE4Editor-OnlineSubsystemNull.dll (API version 3709383).
LogModuleManager: Display: Found up-to-date module file ../../../Engine/Plugins/Online/OnlineSubsystemUtils/Binaries/Win64/UE4Editor-OnlineSubsystemUtils.dll (API version 3709383).
LogModuleManager: Display: Found up-to-date module file ../../../Engine/Plugins/Online/OnlineSubsystemUtils/Binaries/Win64/UE4Editor-OnlineBlueprintSupport.dll (API version 3709383).
LogModuleManager: Display: Found up-to-date module file ../../../Engine/Plugins/Runtime/AndroidDeviceProfileSelector/Binaries/Win64/UE4Editor-AndroidDeviceProfileSelector.dll (API version 3709383).
LogModuleManager: Display: Found up-to-date module file ../../../Engine/Plugins/Runtime/AppleARKit/Binaries/Win64/UE4Editor-AppleARKit.dll (API version 3709383).
LogModuleManager: Display: Found up-to-date module file ../../../Engine/Plugins/Runtime/ArchVisCharacter/Binaries/Win64/UE4Editor-ArchVisCharacter.dll (API version 3709383).
LogModuleManager: Display: Found up-to-date module file ../../../Engine/Plugins/Runtime/CableComponent/Binaries/Win64/UE4Editor-CableComponent.dll (API version 3709383).
LogModuleManager: Display: Found up-to-date module file ../../../Engine/Plugins/Runtime/CustomMeshComponent/Binaries/Win64/UE4Editor-CustomMeshComponent.dll (API version 3709383).
LogModuleManager: Display: Found up-to-date module file ../../../Engine/Plugins/Runtime/ExampleDeviceProfileSelector/Binaries/Win64/UE4Editor-ExampleDeviceProfileSelector.dll (API version 3709383).
LogModuleManager: Display: Found up-to-date module file ../../../Engine/Plugins/Runtime/ImmediatePhysics/Binaries/Win64/UE4Editor-ImmediatePhysics.dll (API version 3709383).
LogModuleManager: Display: Found up-to-date module file ../../../Engine/Plugins/Runtime/ImmediatePhysics/Binaries/Win64/UE4Editor-ImmediatePhysicsEditor.dll (API version 3709383).
LogModuleManager: Display: Found up-to-date module file ../../../Engine/Plugins/Runtime/LocationServicesBPLibrary/Binaries/Win64/UE4Editor-LocationServicesBPLibrary.dll (API version 3709383).
LogModuleManager: Display: Found up-to-date module file ../../../Engine/Plugins/Runtime/MobilePatchingUtils/Binaries/Win64/UE4Editor-MobilePatchingUtils.dll (API version 3709383).
LogModuleManager: Display: Found up-to-date module file ../../../Engine/Plugins/Runtime/Oculus/OculusVR/Binaries/Win64/UE4Editor-OculusHMD.dll (API version 3709383).
LogModuleManager: Display: Found up-to-date module file ../../../Engine/Plugins/Runtime/Oculus/OculusVR/Binaries/Win64/UE4Editor-OculusInput.dll (API version 3709383).
LogModuleManager: Display: Found up-to-date module file ../../../Engine/Plugins/Runtime/Oculus/OculusVR/Binaries/Win64/UE4Editor-OculusEditor.dll (API version 3709383).
LogModuleManager: Display: Found up-to-date module file ../../../Engine/Plugins/Runtime/PhysXVehicles/Binaries/Win64/UE4Editor-PhysXVehicles.dll (API version 3709383).
LogModuleManager: Display: Found up-to-date module file ../../../Engine/Plugins/Runtime/PhysXVehicles/Binaries/Win64/UE4Editor-PhysXVehiclesEditor.dll (API version 3709383).
LogModuleManager: Display: Found up-to-date module file ../../../Engine/Plugins/Runtime/ProceduralMeshComponent/Binaries/Win64/UE4Editor-ProceduralMeshComponent.dll (API version 3709383).
LogModuleManager: Display: Found up-to-date module file ../../../Engine/Plugins/Runtime/ProceduralMeshComponent/Binaries/Win64/UE4Editor-ProceduralMeshComponentEditor.dll (API version 3709383).
LogModuleManager: Display: Found up-to-date module file ../../../Engine/Plugins/Runtime/RuntimePhysXCooking/Binaries/Win64/UE4Editor-RuntimePhysXCooking.dll (API version 3709383).
LogModuleManager: Display: Found up-to-date module file ../../../Engine/Plugins/Runtime/Steam/SteamVR/Binaries/Win64/UE4Editor-SteamVR.dll (API version 3709383).
LogModuleManager: Display: Found up-to-date module file ../../../Engine/Plugins/Runtime/Steam/SteamVR/Binaries/Win64/UE4Editor-SteamVRController.dll (API version 3709383).
LogModuleManager: Display: Found up-to-date module file ../../../Engine/Plugins/Runtime/WindowsMoviePlayer/Binaries/Win64/UE4Editor-WindowsMoviePlayer.dll (API version 3709383).
LogModuleManager: Display: Found up-to-date module file ../../../Engine/Plugins/UnrealEnginePython/Binaries/Win64/UE4Editor-UnrealEnginePython.dll (API version 3709383).
LogModuleManager: Display: Found up-to-date module file ../../../Engine/Plugins/UnrealEnginePython/Binaries/Win64/UE4Editor-PythonConsole.dll (API version 3709383).
LogModuleManager: Display: Found up-to-date module file ../../../Engine/Plugins/UnrealEnginePython/Binaries/Win64/UE4Editor-PythonEditor.dll (API version 3709383).
LogPluginManager: Mounting plugin Paper2D
LogPluginManager: Mounting plugin LightPropagationVolume
LogPluginManager: Mounting plugin CodeLiteSourceCodeAccess
LogPluginManager: Mounting plugin GitSourceControl
LogPluginManager: Mounting plugin KDevelopSourceCodeAccess
LogPluginManager: Mounting plugin NullSourceCodeAccess
LogPluginManager: Mounting plugin PerforceSourceControl
LogPluginManager: Mounting plugin SubversionSourceControl
LogPluginManager: Mounting plugin UObjectPlugin
LogPluginManager: Mounting plugin VisualStudioCodeSourceCodeAccess
LogPluginManager: Mounting plugin VisualStudioSourceCodeAccess
LogPluginManager: Mounting plugin XCodeSourceCodeAccess
LogPluginManager: Mounting plugin AssetManagerEditor
LogPluginManager: Mounting plugin AudioCapture
LogPluginManager: Mounting plugin FacialAnimation
LogPluginManager: Mounting plugin GameplayTagsEditor
LogPluginManager: Mounting plugin MobileLauncherProfileWizard
LogPluginManager: Mounting plugin PluginBrowser
LogPluginManager: Mounting plugin SpeedTreeImporter
LogPluginManager: Mounting plugin AlembicImporter
LogPluginManager: Mounting plugin CharacterAI
LogPluginManager: Mounting plugin HTML5Networking
LogPluginManager: Mounting plugin FMODStudio
LogPluginManager: Mounting plugin AndroidMedia
LogPluginManager: Mounting plugin AvfMedia
LogPluginManager: Mounting plugin ImgMedia
LogPluginManager: Mounting plugin MediaCompositing
LogPluginManager: Mounting plugin MediaPlayerEditor
LogPluginManager: Mounting plugin WmfMedia
LogPluginManager: Mounting plugin TcpMessaging
LogPluginManager: Mounting plugin UdpMessaging
LogPluginManager: Mounting plugin ActorSequence
LogPluginManager: Mounting plugin LevelSequenceEditor
LogPluginManager: Mounting plugin MatineeToLevelSequence
LogPluginManager: Mounting plugin OnlineSubsystemGooglePlay
LogPluginManager: Mounting plugin OnlineSubsystemIOS
LogPluginManager: Mounting plugin OnlineSubsystem
LogPluginManager: Mounting plugin OnlineSubsystemNull
LogPluginManager: Mounting plugin OnlineSubsystemUtils
LogPluginManager: Mounting plugin AndroidDeviceProfileSelector
LogPluginManager: Mounting plugin AndroidMoviePlayer
LogPluginManager: Mounting plugin AndroidPermission
LogPluginManager: Mounting plugin AppleARKit
LogPluginManager: Mounting plugin AppleMoviePlayer
LogPluginManager: Mounting plugin ArchVisCharacter
LogPluginManager: Mounting plugin CableComponent
LogPluginManager: Mounting plugin CustomMeshComponent
LogPluginManager: Mounting plugin ExampleDeviceProfileSelector
LogPluginManager: Mounting plugin GoogleCloudMessaging
LogPluginManager: Mounting plugin ImmediatePhysics
LogPluginManager: Mounting plugin IOSDeviceProfileSelector
LogPluginManager: Mounting plugin LinuxDeviceProfileSelector
LogPluginManager: Mounting plugin LocationServicesBPLibrary
LogPluginManager: Mounting plugin MobilePatchingUtils
LogPluginManager: Mounting plugin OculusVR
LogPluginManager: Plugin shader directory ../../../Engine/Plugins/Runtime/Oculus/OculusVR/Shaders found
LogPluginManager: Mapping shader source directory ../../../Engine/Plugins/Runtime/Oculus/OculusVR/Shaders to virtual directory /Plugin/OculusVR
LogPluginManager: Mounting plugin PhysXVehicles
LogPluginManager: Mounting plugin ProceduralMeshComponent
LogPluginManager: Mounting plugin RuntimePhysXCooking
LogPluginManager: Mounting plugin SteamVR
LogPluginManager: Mounting plugin WindowsMoviePlayer
LogPluginManager: Mounting plugin UnrealEnginePython
LogPluginManager: Mounting plugin Nasir
LogInit: Using libcurl 7.47.1
LogInit:  - built for x86_64-pc-win32
LogInit:  - supports SSL with OpenSSL/1.0.2g
LogInit:  - supports HTTP deflate (compression) using libz 1.2.8
LogInit:  - other features:
LogInit:      CURL_VERSION_SSL
LogInit:      CURL_VERSION_LIBZ
LogInit:      CURL_VERSION_IPV6
LogInit:      CURL_VERSION_ASYNCHDNS
LogInit:      CURL_VERSION_LARGEFILE
LogInit:      CURL_VERSION_IDN
LogInit:  CurlRequestOptions (configurable via config and command line):
LogInit:  - bVerifyPeer = false  - Libcurl will NOT verify peer certificate
LogInit:  - bUseHttpProxy = false  - Libcurl will NOT use HTTP proxy
LogInit:  - bDontReuseConnections = false  - Libcurl will reuse connections
LogInit:  - CertBundlePath = nullptr  - Libcurl will use whatever was configured at build time.
LogInit: Build: ++UE4+Release-4.18-CL-3832480
LogInit: Engine Version: 4.18.3-3832480+++UE4+Release-4.18
LogInit: Compatible Engine Version: 4.18.0-3709383+++UE4+Release-4.18
LogInit: Net CL: 3709383
LogDevObjectVersion: Number of dev versions registered: 16
LogDevObjectVersion:   Dev-Blueprints (B0D832E4-1F89-4F0D-ACCF-7EB736FD4AA2): 10
LogDevObjectVersion:   Dev-Build (E1C64328-A22C-4D53-A36C-8E866417BD8C): 0
LogDevObjectVersion:   Dev-Core (375EC13C-06E4-48FB-B500-84F0262A717E): 2
LogDevObjectVersion:   Dev-Editor (E4B068ED-F494-42E9-A231-DA0B2E46BB41): 20
LogDevObjectVersion:   Dev-Framework (CFFC743F-43B0-4480-9391-14DF171D2073): 30
LogDevObjectVersion:   Dev-Mobile (B02B49B5-BB20-44E9-A304-32B752E40360): 0
LogDevObjectVersion:   Dev-Networking (A4E4105C-59A1-49B5-A7C5-40C4547EDFEE): 0
LogDevObjectVersion:   Dev-Online (39C831C9-5AE6-47DC-9A44-9C173E1C8E7C): 0
LogDevObjectVersion:   Dev-Physics (78F01B33-EBEA-4F98-B9B4-84EACCB95AA2): 0
LogDevObjectVersion:   Dev-Platform (6631380F-2D4D-43E0-8009-CF276956A95A): 0
LogDevObjectVersion:   Dev-Rendering (12F88B9F-8875-4AFC-A67C-D90C383ABD29): 20
LogDevObjectVersion:   Dev-Sequencer (7B5AE74C-D270-4C10-A958-57980B212A5A): 4
LogDevObjectVersion:   Dev-VR (D7296918-1DD6-4BDD-9DE2-64A83CC13884): 0
LogDevObjectVersion:   Dev-LoadTimes (C2A15278-BFE7-4AFE-6C17-90FF531DF755): 1
LogDevObjectVersion:   Private-Geometry (6EACA3D4-40EC-4CC1-B786-8BED09428FC5): 1
LogDevObjectVersion:   Dev-AnimPhys (29E575DD-E0A3-4627-9D10-D276232CDCEA): 12
LogInit: Compiled (64-bit): Jan 12 2018 02:04:55
LogInit: Compiled with Visual C++: 19.00.24215.01
LogInit: Build Configuration: Development
LogInit: Branch Name: ++UE4+Release-4.18
LogInit: Command line: 
LogInit: Base directory: F:/Epic Games/UE_4.18/Engine/Binaries/Win64/
LogInit: Installed Engine Build: 1
LogInit: Presizing for max 8388607 objects, including 0 objects not considered by GC, pre-allocating 0 bytes for permanent pool.
LogInit: Object subsystem initialized
[2020.06.20-14.50.08:636][  0]LogInit: Selected Device Profile: [Windows]
[2020.06.20-14.50.08:636][  0]LogInit: Applying CVar settings loaded from the selected device profile: [Windows]
[2020.06.20-14.50.08:651][  0]LogInit: Computer: DESKTOP-QM6AJTB
[2020.06.20-14.50.08:651][  0]LogInit: User: anass
[2020.06.20-14.50.08:651][  0]LogInit: CPU Page size=4096, Cores=4
[2020.06.20-14.50.08:651][  0]LogInit: High frequency timer resolution =10.000000 MHz
[2020.06.20-14.50.08:651][  0]LogMemory: Memory total: Physical=15.9GB (16GB approx)
[2020.06.20-14.50.08:651][  0]LogMemory: Platform Memory Stats for Windows
[2020.06.20-14.50.08:651][  0]LogMemory: Process Physical Memory: 274.59 MB used, 274.59 MB peak
[2020.06.20-14.50.08:651][  0]LogMemory: Process Virtual Memory: 272.14 MB used, 272.14 MB peak
[2020.06.20-14.50.08:651][  0]LogMemory: Physical Memory: 7374.05 MB used,  8891.02 MB free, 16265.07 MB total
[2020.06.20-14.50.08:651][  0]LogMemory: Virtual Memory: 4765.75 MB used,  8891.02 MB free, 134217728.00 MB total
[2020.06.20-14.50.08:790][  0]LogInit: Using OS detected language (en-US).
[2020.06.20-14.50.08:790][  0]LogInit: Using OS detected locale (en-US).
[2020.06.20-14.50.08:793][  0]LogTextLocalizationManager: No specific localization for 'en-US' exists, so the 'en' localization will be used.
[2020.06.20-14.50.09:154][  0]LogInit: Setting process to per monitor DPI aware
[2020.06.20-14.50.09:462][  0]LogD3D11RHI: D3D11 adapters:
[2020.06.20-14.50.09:541][  0]LogD3D11RHI:    0. 'NVIDIA GeForce GTX 1050 Ti' (Feature Level 11_0)
[2020.06.20-14.50.09:542][  0]LogD3D11RHI:       4021/0/8132 MB DedicatedVideo/DedicatedSystem/SharedSystem, Outputs:1, VendorId:0x10de
[2020.06.20-14.50.09:550][  0]LogD3D11RHI:    1. 'Intel(R) HD Graphics 630' (Feature Level 11_0)
[2020.06.20-14.50.09:550][  0]LogD3D11RHI:       128/0/8132 MB DedicatedVideo/DedicatedSystem/SharedSystem, Outputs:0, VendorId:0x8086
[2020.06.20-14.50.09:552][  0]LogD3D11RHI:    2. 'Microsoft Basic Render Driver' (Feature Level 11_0)
[2020.06.20-14.50.09:552][  0]LogD3D11RHI:       0/0/8132 MB DedicatedVideo/DedicatedSystem/SharedSystem, Outputs:0, VendorId:0x1414
[2020.06.20-14.50.09:552][  0]LogD3D11RHI: Chosen D3D11 Adapter: 0
[2020.06.20-14.50.09:579][  0]LogD3D11RHI: Creating new Direct3DDevice
[2020.06.20-14.50.09:580][  0]LogD3D11RHI:     GPU DeviceId: 0x1c8c (for the marketing name, search the web for "GPU Device Id")
[2020.06.20-14.50.09:580][  0]LogWindows: EnumDisplayDevices:
[2020.06.20-14.50.09:580][  0]LogWindows:    0. 'Intel(R) HD Graphics 630' (P:1 D:1)
[2020.06.20-14.50.09:580][  0]LogWindows:    1. 'Intel(R) HD Graphics 630' (P:0 D:0)
[2020.06.20-14.50.09:580][  0]LogWindows:    2. 'Intel(R) HD Graphics 630' (P:0 D:0)
[2020.06.20-14.50.09:580][  0]LogWindows: DebugString: GetVideoDriverDetailsInvalid PrimaryIsNotTheChoosenAdapter GetVideoDriverDetailsInvalid PrimaryIsNotTheChoosenAdapter GetVideoDriverDetailsInvalid PrimaryIsNotTheChoosenAdapter FoundDriverCount:0 
[2020.06.20-14.50.09:580][  0]LogD3D11RHI:     Adapter Name: NVIDIA GeForce GTX 1050 Ti
[2020.06.20-14.50.09:580][  0]LogD3D11RHI:   Driver Version: Unknown (internal:Unknown, unified:Unknown)
[2020.06.20-14.50.09:580][  0]LogD3D11RHI:      Driver Date: Unknown
[2020.06.20-14.50.09:580][  0]LogRHI: Texture pool is 2814 MB (70% of 4021 MB)
[2020.06.20-14.50.09:625][  0]LogD3D11RHI: Async texture creation enabled
[2020.06.20-14.50.09:636][  0]LogD3D11RHI: GPU Timing Frequency: 1000.000000 (Debug: 2 1)
[2020.06.20-14.50.09:637][  0]LogShaderCompilers: Guid format shader working directory is -7 characters bigger than the processId version (D:/work/Unreal Engine work/GitHub/Landscape/Landscape/Intermediate/Shaders/WorkingDirectory/1296/).
[2020.06.20-14.50.09:637][  0]LogShaderCompilers: Cleaned the shader compiler working directory 'C:/Users/anass/AppData/Local/Temp/UnrealShaderWorkingDir/4781622945E85E7E14A193A35587D0E0/'.
[2020.06.20-14.50.09:637][  0]LogShaderCompilers: Display: Using Local Shader Compiler.
[2020.06.20-14.50.10:496][  0]LogTemp: Display: Loaded TP AllDesktopTargetPlatform
[2020.06.20-14.50.10:543][  0]LogTemp: Display: Loaded TP MacClientTargetPlatform
[2020.06.20-14.50.10:587][  0]LogTemp: Display: Loaded TP MacNoEditorTargetPlatform
[2020.06.20-14.50.10:631][  0]LogTemp: Display: Loaded TP MacServerTargetPlatform
[2020.06.20-14.50.10:672][  0]LogTemp: Display: Loaded TP MacTargetPlatform
[2020.06.20-14.50.10:718][  0]LogTemp: Display: Loaded TP WindowsClientTargetPlatform
[2020.06.20-14.50.10:763][  0]LogTemp: Display: Loaded TP WindowsNoEditorTargetPlatform
[2020.06.20-14.50.10:810][  0]LogTemp: Display: Loaded TP WindowsServerTargetPlatform
[2020.06.20-14.50.10:848][  0]LogTemp: Display: Loaded TP WindowsTargetPlatform
[2020.06.20-14.50.10:892][  0]LogTemp: Display: Loaded TP Android_ASTCTargetPlatform
[2020.06.20-14.50.10:939][  0]LogTemp: Display: Loaded TP Android_ATCTargetPlatform
[2020.06.20-14.50.10:983][  0]LogTemp: Display: Loaded TP Android_DXTTargetPlatform
[2020.06.20-14.50.11:025][  0]LogTemp: Display: Loaded TP Android_ETC1TargetPlatform
[2020.06.20-14.50.11:065][  0]LogTemp: Display: Loaded TP Android_ETC2TargetPlatform
[2020.06.20-14.50.11:145][  0]LogTemp: Display: Loaded TP Android_MultiTargetPlatform
[2020.06.20-14.50.11:145][  0]LogTemp: Display: Loaded TP Android_PVRTCTargetPlatform
[2020.06.20-14.50.11:186][  0]LogTemp: Display: Loaded TP AndroidTargetPlatform
[2020.06.20-14.50.11:216][  0]LogTemp: Display: Loaded TP HTML5TargetPlatform
[2020.06.20-14.50.11:293][  0]LogTemp: Display: Loaded TP IOSTargetPlatform
[2020.06.20-14.50.11:322][  0]LogTemp: Display: Loaded TP TVOSTargetPlatform
[2020.06.20-14.50.11:367][  0]LogTemp: Display: Loaded TP LinuxClientTargetPlatform
[2020.06.20-14.50.11:409][  0]LogTemp: Display: Loaded TP LinuxNoEditorTargetPlatform
[2020.06.20-14.50.11:451][  0]LogTemp: Display: Loaded TP LinuxServerTargetPlatform
[2020.06.20-14.50.11:491][  0]LogTemp: Display: Loaded TP LinuxTargetPlatform
[2020.06.20-14.50.11:491][  0]LogTargetPlatformManager: Display: Building Assets For Windows
[2020.06.20-14.50.11:899][  0]LogDerivedDataCache: Display: Max Cache Size: 512 MB
[2020.06.20-14.50.11:964][  0]LogDerivedDataCache: Loaded boot cache 0.06s 78MB C:/Users/anass/AppData/Local/UnrealEngine/4.18/DerivedDataCache/Boot.ddc.
[2020.06.20-14.50.11:964][  0]LogDerivedDataCache: Display: Loaded Boot cache: C:/Users/anass/AppData/Local/UnrealEngine/4.18/DerivedDataCache/Boot.ddc
[2020.06.20-14.50.11:964][  0]LogDerivedDataCache: FDerivedDataBackendGraph:  Pak pak cache file D:/work/Unreal Engine work/GitHub/Landscape/Landscape/DerivedDataCache/DDC.ddp not found, will not use a pak cache.
[2020.06.20-14.50.11:964][  0]LogDerivedDataCache: Unable to find inner node Pak for hierarchical cache Hierarchy.
[2020.06.20-14.50.11:964][  0]LogDerivedDataCache: FDerivedDataBackendGraph:  CompressedPak pak cache file D:/work/Unreal Engine work/GitHub/Landscape/Landscape/DerivedDataCache/Compressed.ddp not found, will not use a pak cache.
[2020.06.20-14.50.11:964][  0]LogDerivedDataCache: Unable to find inner node CompressedPak for hierarchical cache Hierarchy.
[2020.06.20-14.50.11:981][  0]LogDerivedDataCache: Display: Pak cache opened for reading ../../../Engine/DerivedDataCache/Compressed.ddp.
[2020.06.20-14.50.11:995][  0]LogDerivedDataCache: Using Local data cache path C:/Users/anass/AppData/Local/UnrealEngine/Common/DerivedDataCache: Writable
[2020.06.20-14.50.12:006][  0]LogMaterial: Verifying Global Shaders for PCD3D_SM5
[2020.06.20-14.50.12:006][  0]LogSlate: Using Freetype 2.6.0
[2020.06.20-14.50.12:007][  0]LogSlate: SlateFontCache - WITH_FREETYPE: 1, WITH_HARFBUZZ: 1
[2020.06.20-14.50.12:007][  0]LogSlate: SlateFontCache - WITH_FREETYPE: 1, WITH_HARFBUZZ: 1
[2020.06.20-14.50.12:351][  0]LogInit: Selected Device Profile: [Windows]
[2020.06.20-14.50.12:640][  0]LogSimplygon: Simplygon DLL not present - disabling.
[2020.06.20-14.50.12:672][  0]LogMeshReduction: Using SimplygonSwarm for distributed automatic mesh merging
[2020.06.20-14.50.12:672][  0]LogMeshReduction: Using QuadricMeshReduction for automatic static mesh reduction
[2020.06.20-14.50.12:672][  0]LogMeshReduction: No automatic skeletal mesh reduction module available
[2020.06.20-14.50.12:672][  0]LogMeshReduction: No automatic mesh merging module available
[2020.06.20-14.50.12:672][  0]LogMeshMerging: No automatic mesh merging module available
[2020.06.20-14.50.12:711][  0]LogNetVersion: Landscape , NetCL: 3709383, EngineNetVer: 2, GameNetVer: 0 (Checksum: 1265210191)
[2020.06.20-14.50.12:872][  0]LogAssetRegistry: FAssetRegistry took 0.0259 seconds to start up
[2020.06.20-14.50.13:377][  0]LogPackageLocalizationCache: Processed 10 localized package path(s) for 2 prioritized culture(s) in 0.077377 seconds
[2020.06.20-14.50.13:382][  0]LogUObjectArray: 35870 objects as part of root set at end of initial load.
[2020.06.20-14.50.13:382][  0]LogUObjectAllocator: 7363704 out of 0 bytes used by permanent object pool.
[2020.06.20-14.50.13:382][  0]LogUObjectArray: CloseDisregardForGC: 0/0 objects in disregard for GC pool
[2020.06.20-14.50.13:426][  0]LogInit: WinSock: version 1.1 (2.2), MaxSocks=32767, MaxUdp=65467
[2020.06.20-14.50.16:060][  0]LogFMOD: FFMODStudioModule startup
[2020.06.20-14.50.16:060][  0]LogFMOD:  Lib path = '../../../Engine/Plugins/FMODStudio/Binaries'
[2020.06.20-14.50.16:060][  0]LogFMOD: FFMODStudioModule::LoadDll: Loading ../../../Engine/Plugins/FMODStudio/Binaries/Win64/fmodL64.dll
[2020.06.20-14.50.16:064][  0]LogFMOD: FFMODStudioModule::LoadDll: Loading ../../../Engine/Plugins/FMODStudio/Binaries/Win64/fmodstudioL64.dll
[2020.06.20-14.50.16:111][  0]LogFMOD: Loading strings bank: D:/work/Unreal Engine work/GitHub/Landscape/Landscape/Content/FMOD/Desktop/Master Bank.strings.bank
[2020.06.20-14.50.16:113][  0]LogFMOD: Constructing asset: /Game/FMOD/Events/Truck/EngineFull
[2020.06.20-14.50.16:113][  0]LogFMOD: Constructing asset: /Game/FMOD/Events/Truck/Engine_4
[2020.06.20-14.50.16:113][  0]LogFMOD: Constructing asset: /Game/FMOD/Banks/Master_Bank
[2020.06.20-14.50.16:113][  0]LogFMOD: Constructing asset: /Game/FMOD/Events/Truck/Engine_2_(LH)
[2020.06.20-14.50.16:113][  0]LogFMOD: Constructing asset: /Game/FMOD/Events/Truck/HydraulicStart
[2020.06.20-14.50.16:113][  0]LogFMOD: Constructing asset: /Game/FMOD/Events/Truck/Engine_3_(GM)
[2020.06.20-14.50.16:113][  0]LogFMOD: Constructing asset: /Game/FMOD/Events/Truck/reverse_beep
[2020.06.20-14.50.16:113][  0]LogFMOD: Constructing asset: /Game/FMOD/Events/Truck/PressurePump
[2020.06.20-14.50.16:113][  0]LogFMOD: Constructing asset: /Game/FMOD/Events/Truck/Hydaulic
[2020.06.20-14.50.16:113][  0]LogFMOD: Constructing asset: /Game/FMOD/Events/Truck/Tires
[2020.06.20-14.50.16:113][  0]LogFMOD: Skipping asset: bank:/Master Bank.strings
[2020.06.20-14.50.16:113][  0]LogFMOD: Constructing asset: /Game/FMOD/Events/Truck/Engine_1_(HL)
[2020.06.20-14.50.16:113][  0]LogFMOD: Constructing asset: /Game/FMOD/Buses/Reverb
[2020.06.20-14.50.16:113][  0]LogFMOD: Skipping asset: bus:/
[2020.06.20-14.50.16:121][  0]LogFMOD: Default sample rate = 48000
[2020.06.20-14.50.16:121][  0]LogFMOD: System sample rate = 44100
[2020.06.20-14.50.16:121][  0]LogFMOD: Matching system sample rate 44100
[2020.06.20-14.50.16:244][  0]LogFMOD: Default sample rate = 48000
[2020.06.20-14.50.16:245][  0]LogFMOD: System sample rate = 44100
[2020.06.20-14.50.16:245][  0]LogFMOD: Matching system sample rate 44100
[2020.06.20-14.50.16:382][  0]LogTcpMessaging: Initializing TcpMessaging bridge
[2020.06.20-14.50.16:431][  0]LogUdpMessaging: Initializing bridge on interface 0.0.0.0:0 to multicast group 230.0.0.1:6666.
[2020.06.20-14.50.17:154][  0]LogMaterial: Uniform references updated for custom material expression Custom.
[2020.06.20-14.50.17:568][  0]SourceControl: Source control is disabled
[2020.06.20-14.50.17:568][  0]SourceControl: Source control is disabled
[2020.06.20-14.50.17:624][  0]SourceControl: Source control is disabled
[2020.06.20-14.50.17:681][  0]SourceControl: Source control is disabled
[2020.06.20-14.50.18:245][  0]LogFMOD: FFMODStudioEditorModule startup
[2020.06.20-14.50.18:609][  0]LogAndroidPermission: UAndroidPermissionCallbackProxy::GetInstance
[2020.06.20-14.50.18:889][  0]LogOcInput: OculusInput pre-init called
[2020.06.20-14.50.19:126][  0]LogPython: Python Scripts search path: D:/work/Unreal Engine work/GitHub/Landscape/Landscape/Content/Scripts
[2020.06.20-14.50.19:126][  0]LogPython: Python Scripts search path: ../../../Engine/Plugins/UnrealEnginePython
[2020.06.20-14.50.19:126][  0]LogPython: Python VM initialized: 3.6.2 (v3.6.2:5fd33b5, Jul  8 2017, 04:57:36) [MSC v.1900 64 bit (AMD64)]
[2020.06.20-14.50.19:260][  0]LogPython: ####################----------Python Integration for Megascans Initialized----------####################
[2020.06.20-14.50.19:260][  0]LogPython: 

[2020.06.20-14.50.19:260][  0]LogPython: F:\Epic Games\UE_4.18\Engine\Plugins\UnrealEnginePython\
[2020.06.20-14.50.19:260][  0]LogPython: 

[2020.06.20-14.50.19:325][  0]LogPython: Megascans Integration - LiveLink Initialized...
[2020.06.20-14.50.19:325][  0]LogPython: 

[2020.06.20-14.50.19:326][  0]LogPython: ue_site Python module successfully imported
[2020.06.20-14.50.19:495][  0]LogEngine: Initializing Engine...
[2020.06.20-14.50.19:497][  0]LogHMD: Failed to initialize OpenVR with code 110
[2020.06.20-14.50.19:705][  0]LogStats: UGameplayTagsManager::ConstructGameplayTagTree: Construct from data asset -  0.000 s
[2020.06.20-14.50.19:705][  0]LogStats: UGameplayTagsManager::ConstructGameplayTagTree: GameplayTagTreeChangedEvent.Broadcast -  0.000 s
[2020.06.20-14.50.19:805][  0]LogAIModule: Creating AISystem for world Untitled
[2020.06.20-14.50.19:816][  0]LogInit: XAudio2 using 'Speakers (2- Realtek High Definition Audio)' : 2 channels at 44.1 kHz using 32 bits per sample (channel mask 0x3)
[2020.06.20-14.50.19:927][  0]LogInit: FAudioDevice initialized.
[2020.06.20-14.50.20:005][  0]LogDerivedDataCache: Saved boot cache 0.08s 78MB C:/Users/anass/AppData/Local/UnrealEngine/4.18/DerivedDataCache/Boot.ddc.
[2020.06.20-14.50.20:020][  0]LogInit: Texture streaming: Enabled
[2020.06.20-14.50.20:097][  0]LogEngineSessionManager: EngineSessionManager initialized
[2020.06.20-14.50.20:207][  0]LogInit: Transaction tracking system initialized
[2020.06.20-14.50.20:452][  0]BlueprintLog: New page: Editor Load
[2020.06.20-14.50.21:142][  0]LocalizationService: Localization service is disabled
[2020.06.20-14.50.21:753][  0]LogConsoleResponse: Display: 
[2020.06.20-14.50.21:913][  0]LogCook: Display: Max memory allowance for cook 16384mb min free memory 0mb
[2020.06.20-14.50.21:913][  0]LogCook: Display: Mobile HDR setting 1
[2020.06.20-14.50.21:913][  0]LogGameplayTags: Display: UGameplayTagsManager::DoneAddingNativeTags. DelegateIsBound: 0
[2020.06.20-14.50.22:502][  0]LogFileCache: Scanning file cache for directory 'D:/work/Unreal Engine work/GitHub/Landscape/Landscape/Content/' took 0.01s
[2020.06.20-14.50.23:033][  0]SourceControl: Source control is disabled
[2020.06.20-14.50.23:033][  0]Cmd: MAP LOAD FILE="D:/work/Unreal Engine work/GitHub/Landscape/Landscape/Plugins/Nasir/Content/PitMiningAssets/Maps/Sangaan/MainLand.umap" TEMPLATE=0 SHOWPROGRESS=1 FEATURELEVEL=3
[2020.06.20-14.50.23:033][  0]LightingResults: New page: Lighting Build
[2020.06.20-14.50.23:066][  0]MapCheck: New page: Map Check
[2020.06.20-14.50.23:066][  0]LightingResults: New page: Lighting Build
[2020.06.20-14.50.23:974][  0]LogAIModule: Creating AISystem for world MainLand
[2020.06.20-14.50.24:011][  0]LogEditorServer: Finished looking for orphan Actors (0.000 secs)
[2020.06.20-14.50.24:031][  0]Cmd: MAP CHECKDEP NOCLEARLOG
[2020.06.20-14.50.24:072][  0]MapCheck: Map check complete: 0 Error(s), 0 Warning(s), took 40.668ms to complete.
[2020.06.20-14.50.24:072][  0]LogFileHelpers: Loading map 'MainLand' took 1.039
[2020.06.20-14.50.24:588][  0]LogCollectionManager: Loaded 0 collections in 0.000922 seconds
[2020.06.20-14.50.24:660][  0]LogFileCache: Scanning file cache for directory 'D:/work/Unreal Engine work/GitHub/Landscape/Landscape/Saved/Collections/' took 0.01s
[2020.06.20-14.50.24:660][  0]LogFileCache: Scanning file cache for directory 'D:/work/Unreal Engine work/GitHub/Landscape/Landscape/Content/Developers/anass/Collections/' took 0.01s
[2020.06.20-14.50.24:660][  0]LogFileCache: Scanning file cache for directory 'D:/work/Unreal Engine work/GitHub/Landscape/Landscape/Content/Collections/' took 0.01s
[2020.06.20-14.50.24:660][  0]LogCollectionManager: Rebuilt the GUID cache for 0 collections in 0.000000 seconds
[2020.06.20-14.50.24:668][  0]LogContentBrowser: Native class hierarchy populated in 0.0080 seconds. Added 2402 classes and 538 folders.
[2020.06.20-14.50.24:720][  0]LogContentBrowser: Native class hierarchy updated for 'WidgetCarousel' in 0.0003 seconds. Added 0 classes and 0 folders.
[2020.06.20-14.50.24:751][  0]LogContentBrowser: Native class hierarchy updated for 'AddContentDialog' in 0.0002 seconds. Added 0 classes and 0 folders.
[2020.06.20-14.50.24:762][  0]LogSlate: Took 0.000218 seconds to synchronously load lazily loaded font '../../../Engine/Content/Slate/Fonts/Roboto-Regular.ttf' (155K)
[2020.06.20-14.50.24:766][  0]LogSlate: Took 0.000160 seconds to synchronously load lazily loaded font '../../../Engine/Content/Slate/Fonts/Roboto-Bold.ttf' (160K)
[2020.06.20-14.50.24:772][  0]LogSlate: Took 0.000298 seconds to synchronously load lazily loaded font '../../../Engine/Content/Editor/Slate/Fonts/FontAwesome.ttf' (139K)
[2020.06.20-14.50.24:882][  0]LogRenderer: Reallocating scene render targets to support 908x960 Format 10 NumSamples 1 (Frame:1).
[2020.06.20-14.50.25:012][  0]LogSlate: Took 0.000157 seconds to synchronously load lazily loaded font '../../../Engine/Content/Slate/Fonts/Roboto-Light.ttf' (159K)
[2020.06.20-14.50.25:199][  0]LogContentBrowser: Native class hierarchy updated for 'HierarchicalLODOutliner' in 0.0002 seconds. Added 1 classes and 2 folders.
[2020.06.20-14.50.25:199][  0]LogLoad: (Engine Initialization) Total time: 18.73 seconds
[2020.06.20-14.50.25:199][  0]LogLoad: (Engine Initialization) Total Blueprint compile time: 0.00 seconds
[2020.06.20-14.50.25:200][  0]LogExternalProfiler: Found external profiler: VSPerf
[2020.06.20-14.50.25:200][  0]LogExternalProfiler: Using external profiler: VSPerf
[2020.06.20-14.50.25:238][  0]LogContentStreaming: Texture pool size now 1000 MB
[2020.06.20-14.50.25:295][  1]LogFMOD: File has changed: D:/work/Unreal Engine work/GitHub/Landscape/Landscape/Content/FMOD/Desktop/Master Bank.strings.bank
[2020.06.20-14.50.25:395][  1]LogFMOD: Loading strings bank: D:/work/Unreal Engine work/GitHub/Landscape/Landscape/Content/FMOD/Desktop/Master Bank.strings.bank
[2020.06.20-14.50.25:397][  1]LogFMOD: Skipping asset: bank:/Master Bank.strings
[2020.06.20-14.50.25:397][  1]LogFMOD: Skipping asset: bus:/
[2020.06.20-14.50.25:400][  1]LogFMOD: Default sample rate = 48000
[2020.06.20-14.50.25:400][  1]LogFMOD: System sample rate = 44100
[2020.06.20-14.50.25:400][  1]LogFMOD: Matching system sample rate 44100
[2020.06.20-14.50.25:675][  1]LogFMOD: Default sample rate = 48000
[2020.06.20-14.50.25:675][  1]LogFMOD: System sample rate = 44100
[2020.06.20-14.50.25:675][  1]LogFMOD: Matching system sample rate 44100
[2020.06.20-14.50.25:841][  1]LogAssetRegistry: Asset discovery search completed in 12.9923 seconds
[2020.06.20-14.50.25:843][  1]LogCollectionManager: Rebuilt the object cache for 0 collections in 0.000000 seconds (found 0 objects)
[2020.06.20-14.50.25:844][  1]LogCollectionManager: Fixed up redirectors for 0 collections in 0.000056 seconds (updated 0 objects)
[2020.06.20-14.50.26:010][  4]LogPython: tcp server spawned on 127.0.0.1:13428
[2020.06.20-14.50.28:608][148]LogSlate: Took 0.000243 seconds to synchronously load lazily loaded font '../../../Engine/Content/Editor/Slate/Fonts/Roboto-BoldCondensed.ttf' (158K)
[2020.06.20-14.50.33:257][425]LogSlate: Took 0.000139 seconds to synchronously load lazily loaded font '../../../Engine/Content/Slate/Fonts/Roboto-Light.ttf' (159K)
[2020.06.20-14.51.17:184][465]MapCheck: Error: LandscapeStreamingProxy_0 FinalLand_x10_y07 contains orphaned meshes due to mismatch with landscape splines in MainLand Clean up orphaned meshes
[2020.06.20-14.51.18:530][465]MapCheck: Warning: LandscapeComponent_0 : Fixed up deleted layer weightmap 
[2020.06.20-14.51.18:718][465]MapCheck: Warning: LandscapeComponent_0 : Fixed up deleted layer weightmap 
[2020.06.20-14.52.23:792][264]LogSlate: Took 0.000148 seconds to synchronously load lazily loaded font '../../../Engine/Content/Slate/Fonts/Roboto-Regular.ttf' (155K)
[2020.06.20-14.52.24:342][264]LogSavePackage: Save=2886.29ms
[2020.06.20-14.52.24:342][264]LogSavePackage: Moving 'D:/work/Unreal Engine work/GitHub/Landscape/Landscape/Saved/MainLand7A34F3F54B147119B0C605958CAAD8C7.tmp' to 'D:/work/Unreal Engine work/GitHub/Landscape/Landscape/Plugins/Nasir/Content/PitMiningAssets/Maps/Sangaan/MainLand.umap'
[2020.06.20-14.52.24:344][264]LogSavePackage: Display: Finished SavePackage D:/work/Unreal Engine work/GitHub/Landscape/Landscape/Plugins/Nasir/Content/PitMiningAssets/Maps/Sangaan/MainLand.umap
[2020.06.20-14.53.22:662][782]LogEditorViewport: Clicking on Actor (LMB): LandscapeStreamingProxy (LandscapeStreamingProxy)
[2020.06.20-14.53.24:663][863]LogEditorViewport: Clicking on Actor (LMB): LandscapeStreamingProxy (LandscapeStreamingProxy2)
[2020.06.20-14.53.37:771][327]LogTexture: Display: Building textures: Texture2D_2 (G8, 128X128)
[2020.06.20-14.53.53:109][965]LogTexture: Display: Building textures: Texture2D_1 (BGRA8, 256X256)
[2020.06.20-14.53.55:408][ 52]LogTexture: Display: Building textures: Texture2D_1 (BGRA8, 256X256)
[2020.06.20-14.53.57:343][122]LogTexture: Display: Building textures: Texture2D_1 (BGRA8, 256X256)
[2020.06.20-14.53.57:570][122]LogTexture: Display: Building textures: Texture2D_1 (BGRA8, 256X256)
[2020.06.20-14.53.57:844][123]LogTexture: Display: Building textures: Texture2D_2 (BGRA8, 256X256)
[2020.06.20-14.53.58:948][162]LogTexture: Display: Building textures: Texture2D_2 (BGRA8, 256X256)
[2020.06.20-14.53.59:192][163]LogTexture: Display: Building textures: Texture2D_3 (BGRA8, 256X256)
[2020.06.20-14.53.59:425][164]LogTexture: Display: Building textures: Texture2D_4 (BGRA8, 256X256)
[2020.06.20-14.56.37:710][311]Cmd: TRANSACTION UNDO
[2020.06.20-14.56.37:710][311]LogEditorTransaction: Undo Landscape Editing: Paint
[2020.06.20-14.56.37:920][311]LogTexture: Display: Building textures: Texture2D_1 (BGRA8, 256X256)
[2020.06.20-14.56.38:048][311]LogTexture: Display: Building textures: Texture2D_1 (BGRA8, 256X256)
[2020.06.20-14.56.38:185][311]LogTexture: Display: Building textures: Texture2D_1 (BGRA8, 256X256)
[2020.06.20-14.56.38:295][311]LogTexture: Display: Building textures: Texture2D_1 (BGRA8, 256X256)
[2020.06.20-14.56.38:425][311]LogTexture: Display: Building textures: Texture2D_4 (BGRA8, 256X256)
[2020.06.20-14.56.38:668][311]LogTexture: Display: Building textures: Texture2D_2 (BGRA8, 256X256)
[2020.06.20-14.56.39:793][311]LogSlate: Took 0.000234 seconds to synchronously load lazily loaded font '../../../Engine/Content/Slate/Fonts/Roboto-Light.ttf' (159K)
[2020.06.20-14.57.01:184][129]Cmd: TRANSACTION UNDO
[2020.06.20-14.57.01:184][129]LogEditorTransaction: Undo Landscape Editing: Paint
[2020.06.20-14.57.01:317][129]LogTexture: Display: Building textures: Texture2D_1 (BGRA8, 256X256)
[2020.06.20-14.57.01:444][129]LogTexture: Display: Building textures: Texture2D_2 (BGRA8, 256X256)
[2020.06.20-14.57.01:446][129]LogActorComponent: ~FComponentReregisterContext: (/Nasir/PitMiningAssets/Maps/Sangaan/FinalLand/FinalLand_x10_y08.FinalLand_x10_y08:PersistentLevel.LandscapeStreamingProxy_0.LandscapeHeightfieldCollisionComponent_1) Component already registered.
[2020.06.20-14.57.27:232][311]Cmd: TRANSACTION UNDO
[2020.06.20-14.57.27:232][311]LogEditorTransaction: Undo Landscape Editing: Paint
[2020.06.20-14.57.27:397][311]LogTexture: Display: Building textures: Texture2D_4 (BGRA8, 256X256)
[2020.06.20-14.57.27:524][311]LogTexture: Display: Building textures: Texture2D_1 (BGRA8, 256X256)
[2020.06.20-14.57.27:641][311]LogTexture: Display: Building textures: Texture2D_1 (BGRA8, 256X256)
[2020.06.20-14.57.27:788][311]LogTexture: Display: Building textures: Texture2D_2 (BGRA8, 256X256)
[2020.06.20-14.57.27:791][311]LogActorComponent: ~FComponentReregisterContext: (/Nasir/PitMiningAssets/Maps/Sangaan/FinalLand/FinalLand_x13_y08.FinalLand_x13_y08:PersistentLevel.LandscapeStreamingProxy_0.LandscapeHeightfieldCollisionComponent_1) Component already registered.
[2020.06.20-14.57.46:693][176]Cmd: TRANSACTION UNDO
[2020.06.20-14.57.46:693][176]LogEditorTransaction: Undo Landscape Editing: Paint
[2020.06.20-14.57.46:832][176]LogTexture: Display: Building textures: Texture2D_1 (BGRA8, 256X256)
[2020.06.20-14.57.51:965][358]LogEditorViewport: Clicking on Actor (LMB): LandscapeStreamingProxy (LandscapeStreamingProxy2)
[2020.06.20-14.57.58:832][648]LogEditorViewport: Clicking on Actor (LMB): LandscapeStreamingProxy (LandscapeStreamingProxy2)
[2020.06.20-14.58.43:995][648]LogEditorViewport: Clicking on Actor (LMB): LandscapeStreamingProxy (LandscapeStreamingProxy)
[2020.06.20-14.58.53:951][ 50]LogEditorViewport: Clicking on Actor (LMB): LandscapeStreamingProxy (LandscapeStreamingProxy)
[2020.06.20-14.58.54:343][ 62]LogEditorViewport: Clicking on Actor (LMB): LandscapeStreamingProxy (LandscapeStreamingProxy2)
[2020.06.20-14.59.02:705][391]LogEditorViewport: Clicking on Actor (LMB): LandscapeStreamingProxy (LandscapeStreamingProxy2)
[2020.06.20-15.00.20:869][845]LogSavePackage: Save=143.02ms
[2020.06.20-15.00.20:869][845]LogSavePackage: Moving 'D:/work/Unreal Engine work/GitHub/Landscape/Landscape/Saved/FinalLand_x13_y083D6104D64261A9B633EA13866771FC66.tmp' to 'D:/work/Unreal Engine work/GitHub/Landscape/Landscape/Plugins/Nasir/Content/PitMiningAssets/Maps/Sangaan/FinalLand/FinalLand_x13_y08.umap'
[2020.06.20-15.00.20:870][845]LogSavePackage: Display: Finished SavePackage D:/work/Unreal Engine work/GitHub/Landscape/Landscape/Plugins/Nasir/Content/PitMiningAssets/Maps/Sangaan/FinalLand/FinalLand_x13_y08.umap
[2020.06.20-15.00.31:888][485]MapCheck: New page: Map Check
[2020.06.20-15.00.31:888][485]LightingResults: New page: Lighting Build
[2020.06.20-15.00.42:902][  1]LogEditorViewport: Clicking on Actor (LMB): LandscapeStreamingProxy (LandscapeStreamingProxy)
[2020.06.20-15.00.49:549][302]Cmd: TRANSACTION UNDO
[2020.06.20-15.00.49:549][302]LogEditorTransaction: Undo Landscape Editing: Paint
[2020.06.20-15.00.49:813][302]LogTexture: Display: Building textures: Texture2D_1 (BGRA8, 256X256)
[2020.06.20-15.00.50:050][302]LogTexture: Display: Building textures: Texture2D_4 (BGRA8, 256X256)
[2020.06.20-15.00.50:168][302]LogTexture: Display: Building textures: Texture2D_1 (BGRA8, 256X256)
[2020.06.20-15.00.50:286][302]LogTexture: Display: Building textures: Texture2D_1 (BGRA8, 256X256)
[2020.06.20-15.00.50:401][302]LogActorComponent: ~FComponentReregisterContext: (/Nasir/PitMiningAssets/Maps/Sangaan/FinalLand/FinalLand_x13_y09.FinalLand_x13_y09:PersistentLevel.LandscapeStreamingProxy_0.LandscapeHeightfieldCollisionComponent_1) Component already registered.
[2020.06.20-15.01.07:977][ 74]LogSavePackage: Save=86.22ms
[2020.06.20-15.01.07:977][ 74]LogSavePackage: Moving 'D:/work/Unreal Engine work/GitHub/Landscape/Landscape/Saved/FinalLand_x13_y09260D1878488B2B9198085B944460F895.tmp' to 'D:/work/Unreal Engine work/GitHub/Landscape/Landscape/Plugins/Nasir/Content/PitMiningAssets/Maps/Sangaan/FinalLand/FinalLand_x13_y09.umap'
[2020.06.20-15.01.07:980][ 74]LogSavePackage: Display: Finished SavePackage D:/work/Unreal Engine work/GitHub/Landscape/Landscape/Plugins/Nasir/Content/PitMiningAssets/Maps/Sangaan/FinalLand/FinalLand_x13_y09.umap
[2020.06.20-15.01.09:664][169]MapCheck: New page: Map Check
[2020.06.20-15.01.09:664][169]LightingResults: New page: Lighting Build
[2020.06.20-15.01.11:581][258]LogSavePackage: Save=44.50ms
[2020.06.20-15.01.11:581][258]LogSavePackage: Moving 'D:/work/Unreal Engine work/GitHub/Landscape/Landscape/Saved/FinalLand_x12_y09C592BE0949FE001D6668B5A1C4B5E10F.tmp' to 'D:/work/Unreal Engine work/GitHub/Landscape/Landscape/Plugins/Nasir/Content/PitMiningAssets/Maps/Sangaan/FinalLand/FinalLand_x12_y09.umap'
[2020.06.20-15.01.11:582][258]LogSavePackage: Display: Finished SavePackage D:/work/Unreal Engine work/GitHub/Landscape/Landscape/Plugins/Nasir/Content/PitMiningAssets/Maps/Sangaan/FinalLand/FinalLand_x12_y09.umap
[2020.06.20-15.01.13:116][345]MapCheck: New page: Map Check
[2020.06.20-15.01.13:116][345]LightingResults: New page: Lighting Build
[2020.06.20-15.01.19:725][642]LogActorComponent: UnregisterComponent: (/Engine/Transient.SphereBrushComponent) Not registered. Aborting.
[2020.06.20-15.01.46:857][839]LogTexture: Display: Building textures: Texture2D_2 (BGRA8, 256X256)
[2020.06.20-15.01.47:278][839]LogSavePackage: Save=457.39ms
[2020.06.20-15.01.47:278][839]LogSavePackage: Moving 'D:/work/Unreal Engine work/GitHub/Landscape/Landscape/Saved/FinalLand_x11_y074A6E544940327EE69786D4B872D37293.tmp' to 'D:/work/Unreal Engine work/GitHub/Landscape/Landscape/Plugins/Nasir/Content/PitMiningAssets/Maps/Sangaan/FinalLand/FinalLand_x11_y07.umap'
[2020.06.20-15.01.47:280][839]LogSavePackage: Display: Finished SavePackage D:/work/Unreal Engine work/GitHub/Landscape/Landscape/Plugins/Nasir/Content/PitMiningAssets/Maps/Sangaan/FinalLand/FinalLand_x11_y07.umap
[2020.06.20-15.01.48:961][931]MapCheck: New page: Map Check
[2020.06.20-15.01.48:961][931]LightingResults: New page: Lighting Build
[2020.06.20-15.02.00:151][430]LogRenderer: Reallocating scene render targets to support 1488x1028 Format 10 NumSamples 1 (Frame:27155).
[2020.06.20-15.02.00:285][431]LogRenderer: Reallocating scene render targets to support 1920x1080 Format 10 NumSamples 1 (Frame:27158).
[2020.06.20-15.10.36:618][440]MapCheck: Warning: LandscapeComponent_0 : Fixed up deleted layer weightmap 
[2020.06.20-15.11.05:744][957]Cmd: QUIT_EDITOR
[2020.06.20-15.11.05:775][957]LogWindowsTextInputMethodSystem: Display: IME system now deactivated.
[2020.06.20-15.11.05:788][957]LogExit: Preparing to exit.
[2020.06.20-15.11.06:137][957]LogExit: Editor shut down
[2020.06.20-15.11.06:140][957]LogExit: Transaction tracking system shut down
[2020.06.20-15.11.06:278][957]LogDirectoryWatcher: A directory notification for '../../../Engine/Content/' was aborted.
[2020.06.20-15.11.06:278][957]LogDirectoryWatcher: A directory notification for 'D:/work/Unreal Engine work/GitHub/Landscape/Landscape/Content/' was aborted.
[2020.06.20-15.11.06:278][957]LogDirectoryWatcher: A directory notification for '../../../Engine/Plugins/2D/Paper2D/Content/' was aborted.
[2020.06.20-15.11.06:280][957]LogDirectoryWatcher: A directory notification for '../../../Engine/Plugins/FMODStudio/Content/' was aborted.
[2020.06.20-15.11.06:280][957]LogDirectoryWatcher: A directory notification for '../../../Engine/Plugins/Media/MediaCompositing/Content/' was aborted.
[2020.06.20-15.11.06:280][957]LogDirectoryWatcher: A directory notification for '../../../Engine/Plugins/Runtime/AppleARKit/Content/' was aborted.
[2020.06.20-15.11.06:280][957]LogDirectoryWatcher: A directory notification for '../../../Engine/Plugins/Runtime/Oculus/OculusVR/Content/' was aborted.
[2020.06.20-15.11.06:280][957]LogDirectoryWatcher: A directory notification for '../../../Engine/Plugins/Runtime/Steam/SteamVR/Content/' was aborted.
[2020.06.20-15.11.06:280][957]LogDirectoryWatcher: A directory notification for 'D:/work/Unreal Engine work/GitHub/Landscape/Landscape/Plugins/Nasir/Content/' was aborted.
[2020.06.20-15.11.06:358][957]LogExit: Object subsystem successfully closed.
[2020.06.20-15.11.06:399][957]LogD3D11RHI: Shutdown
[2020.06.20-15.11.06:399][957]LogD3D11RHI: CleanupD3DDevice
[2020.06.20-15.11.06:402][957]LogD3D11RHI: ~FD3D11DynamicRHI
[2020.06.20-15.11.06:410][957]LogModuleManager: Shutting down and abandoning module HierarchicalLODOutliner (560)
[2020.06.20-15.11.06:410][957]LogModuleManager: Shutting down and abandoning module AddContentDialog (558)
[2020.06.20-15.11.06:410][957]LogDirectoryWatcher: A directory notification for 'F:/Epic Games/UE_4.18/FeaturePacks/' was aborted.
[2020.06.20-15.11.06:411][957]LogModuleManager: Shutting down and abandoning module WidgetCarousel (557)
[2020.06.20-15.11.06:411][957]LogModuleManager: Shutting down and abandoning module EditorWidgets (554)
[2020.06.20-15.11.06:411][957]LogModuleManager: Shutting down and abandoning module CollectionManager (552)
[2020.06.20-15.11.06:411][957]LogDirectoryWatcher: A directory notification for 'D:/work/Unreal Engine work/GitHub/Landscape/Landscape/Content/Collections/' was aborted.
[2020.06.20-15.11.06:411][957]LogDirectoryWatcher: A directory notification for 'D:/work/Unreal Engine work/GitHub/Landscape/Landscape/Content/Developers/anass/Collections/' was aborted.
[2020.06.20-15.11.06:411][957]LogDirectoryWatcher: A directory notification for 'D:/work/Unreal Engine work/GitHub/Landscape/Landscape/Saved/Collections/' was aborted.
[2020.06.20-15.11.06:411][957]LogModuleManager: Shutting down and abandoning module WorldBrowser (550)
[2020.06.20-15.11.06:411][957]LogModuleManager: Shutting down and abandoning module SceneOutliner (548)
[2020.06.20-15.11.06:411][957]LogModuleManager: Shutting down and abandoning module StatsViewer (546)
[2020.06.20-15.11.06:411][957]LogModuleManager: Shutting down and abandoning module FoliageEdit (544)
[2020.06.20-15.11.06:411][957]LogModuleManager: Shutting down and abandoning module LandscapeEditor (542)
[2020.06.20-15.11.06:412][957]LogModuleManager: Shutting down and abandoning module MeshPaintMode (540)
[2020.06.20-15.11.06:412][957]LogModuleManager: Shutting down and abandoning module SceneDepthPickerMode (538)
[2020.06.20-15.11.06:412][957]LogModuleManager: Shutting down and abandoning module ActorPickerMode (536)
[2020.06.20-15.11.06:412][957]LogModuleManager: Shutting down and abandoning module GeometryMode (534)
[2020.06.20-15.11.06:412][957]LogModuleManager: Shutting down and abandoning module TextureAlignMode (532)
[2020.06.20-15.11.06:412][957]LogModuleManager: Shutting down and abandoning module BspMode (530)
[2020.06.20-15.11.06:412][957]LogModuleManager: Shutting down and abandoning module PIEPreviewDeviceProfileSelector (528)
[2020.06.20-15.11.06:412][957]LogModuleManager: Shutting down and abandoning module HardwareSurvey (526)
[2020.06.20-15.11.06:412][957]LogModuleManager: Shutting down and abandoning module SequenceRecorderSections (524)
[2020.06.20-15.11.06:412][957]LogModuleManager: Shutting down and abandoning module AutomationWorker (522)
[2020.06.20-15.11.06:412][957]LogModuleManager: Shutting down and abandoning module MatineeToLevelSequence (520)
[2020.06.20-15.11.06:412][957]LogModuleManager: Shutting down and abandoning module LevelSequenceEditor (518)
[2020.06.20-15.11.06:412][957]LogModuleManager: Shutting down and abandoning module PlacementMode (517)
[2020.06.20-15.11.06:412][957]LogModuleManager: Shutting down and abandoning module WmfMediaFactory (514)
[2020.06.20-15.11.06:412][957]LogModuleManager: Shutting down and abandoning module WmfMediaEditor (512)
[2020.06.20-15.11.06:412][957]LogModuleManager: Shutting down and abandoning module OpenExrWrapper (510)
[2020.06.20-15.11.06:412][957]LogModuleManager: Shutting down and abandoning module ImgMediaFactory (508)
[2020.06.20-15.11.06:412][957]LogModuleManager: Shutting down and abandoning module ImgMediaEditor (506)
[2020.06.20-15.11.06:412][957]LogModuleManager: Shutting down and abandoning module AvfMediaFactory (504)
[2020.06.20-15.11.06:412][957]LogModuleManager: Shutting down and abandoning module AvfMediaEditor (502)
[2020.06.20-15.11.06:412][957]LogModuleManager: Shutting down and abandoning module AndroidMediaFactory (500)
[2020.06.20-15.11.06:412][957]LogModuleManager: Shutting down and abandoning module AndroidMediaEditor (498)
[2020.06.20-15.11.06:412][957]LogModuleManager: Shutting down and abandoning module CharacterAI (496)
[2020.06.20-15.11.06:412][957]LogModuleManager: Shutting down and abandoning module AudioCapture (494)
[2020.06.20-15.11.06:412][957]LogModuleManager: Shutting down and abandoning module SequenceRecorder (493)
[2020.06.20-15.11.06:412][957]LogModuleManager: Shutting down and abandoning module SmartSnapping (490)
[2020.06.20-15.11.06:412][957]LogModuleManager: Shutting down and abandoning module SessionServices (488)
[2020.06.20-15.11.06:412][957]LogModuleManager: Shutting down and abandoning module ViewportSnapping (486)
[2020.06.20-15.11.06:412][957]LogModuleManager: Shutting down and abandoning module ViewportInteraction (484)
[2020.06.20-15.11.06:412][957]LogModuleManager: Shutting down and abandoning module ClothPainter (482)
[2020.06.20-15.11.06:412][957]LogModuleManager: Shutting down and abandoning module SkeletalMeshEditor (481)
[2020.06.20-15.11.06:412][957]LogModuleManager: Shutting down and abandoning module LogVisualizer (478)
[2020.06.20-15.11.06:413][957]LogModuleManager: Shutting down and abandoning module IntroTutorials (476)
[2020.06.20-15.11.06:413][957]LogModuleManager: Shutting down and abandoning module GameProjectGeneration (475)
[2020.06.20-15.11.06:413][957]LogModuleManager: Shutting down and abandoning module IOSPlatformEditor (472)
[2020.06.20-15.11.06:413][957]LogModuleManager: Shutting down and abandoning module HTML5PlatformEditor (470)
[2020.06.20-15.11.06:413][957]LogModuleManager: Shutting down and abandoning module AndroidPlatformEditor (468)
[2020.06.20-15.11.06:413][957]LogModuleManager: Shutting down and abandoning module AndroidDeviceDetection (467)
[2020.06.20-15.11.07:153][957]LogModuleManager: Shutting down and abandoning module WindowsPlatformEditor (464)
[2020.06.20-15.11.07:153][957]LogModuleManager: Shutting down and abandoning module IOSRuntimeSettings (462)
[2020.06.20-15.11.07:153][957]LogModuleManager: Shutting down and abandoning module AndroidRuntimeSettings (460)
[2020.06.20-15.11.07:153][957]LogModuleManager: Shutting down and abandoning module InputBindingEditor (458)
[2020.06.20-15.11.07:153][957]LogModuleManager: Shutting down and abandoning module MergeActors (456)
[2020.06.20-15.11.07:153][957]LogModuleManager: Shutting down and abandoning module SizeMap (454)
[2020.06.20-15.11.07:153][957]LogModuleManager: Shutting down and abandoning module TreeMap (452)
[2020.06.20-15.11.07:153][957]LogModuleManager: Shutting down and abandoning module ReferenceViewer (450)
[2020.06.20-15.11.07:154][957]LogModuleManager: Shutting down and abandoning module LocalizationDashboard (448)
[2020.06.20-15.11.07:154][957]LogModuleManager: Shutting down and abandoning module LocalizationService (447)
[2020.06.20-15.11.07:154][957]LogModuleManager: Shutting down and abandoning module HardwareTargeting (444)
[2020.06.20-15.11.07:154][957]LogModuleManager: Shutting down and abandoning module DeviceProfileEditor (442)
[2020.06.20-15.11.07:154][957]LogModuleManager: Shutting down and abandoning module UndoHistory (440)
[2020.06.20-15.11.07:154][957]LogModuleManager: Shutting down and abandoning module XmlParser (438)
[2020.06.20-15.11.07:154][957]LogModuleManager: Shutting down and abandoning module Blutility (436)
[2020.06.20-15.11.07:154][957]LogModuleManager: Shutting down and abandoning module ProjectSettingsViewer (434)
[2020.06.20-15.11.07:154][957]LogModuleManager: Shutting down and abandoning module ProjectTargetPlatformEditor (433)
[2020.06.20-15.11.07:154][957]LogModuleManager: Shutting down and abandoning module EditorSettingsViewer (430)
[2020.06.20-15.11.07:154][957]LogModuleManager: Shutting down and abandoning module SettingsEditor (428)
[2020.06.20-15.11.07:154][957]LogModuleManager: Shutting down and abandoning module ProjectLauncher (426)
[2020.06.20-15.11.07:154][957]LogModuleManager: Shutting down and abandoning module SessionFrontend (424)
[2020.06.20-15.11.07:154][957]LogModuleManager: Shutting down and abandoning module ProfilerClient (422)
[2020.06.20-15.11.07:154][957]LogModuleManager: Shutting down and abandoning module DeviceManager (420)
[2020.06.20-15.11.07:154][957]LogModuleManager: Shutting down and abandoning module TargetDeviceServices (419)
[2020.06.20-15.11.07:207][957]LogModuleManager: Shutting down and abandoning module AutomationController (416)
[2020.06.20-15.11.07:207][957]LogModuleManager: Shutting down and abandoning module AutomationWindow (414)
[2020.06.20-15.11.07:207][957]LogModuleManager: Shutting down and abandoning module Layers (412)
[2020.06.20-15.11.07:207][957]LogModuleManager: Shutting down and abandoning module ComponentVisualizers (410)
[2020.06.20-15.11.07:207][957]LogModuleManager: Shutting down and abandoning module DetailCustomizations (408)
[2020.06.20-15.11.07:207][957]LogModuleManager: Shutting down and abandoning module PackagesDialog (406)
[2020.06.20-15.11.07:208][957]LogModuleManager: Shutting down and abandoning module Persona (404)
[2020.06.20-15.11.07:208][957]LogModuleManager: Shutting down and abandoning module AdvancedPreviewScene (403)
[2020.06.20-15.11.07:208][957]LogModuleManager: Shutting down and abandoning module AnimGraph (401)
[2020.06.20-15.11.07:208][957]LogModuleManager: Shutting down and abandoning module Kismet (398)
[2020.06.20-15.11.07:209][957]LogModuleManager: Shutting down and abandoning module ClassViewer (396)
[2020.06.20-15.11.07:209][957]LogModuleManager: Shutting down and abandoning module Toolbox (394)
[2020.06.20-15.11.07:209][957]LogModuleManager: Shutting down and abandoning module ModuleUI (392)
[2020.06.20-15.11.07:209][957]LogModuleManager: Shutting down and abandoning module MovieSceneTools (390)
[2020.06.20-15.11.07:209][957]LogModuleManager: Shutting down and abandoning module OutputLog (388)
[2020.06.20-15.11.07:209][957]LogModuleManager: Shutting down and abandoning module GammaUI (386)
[2020.06.20-15.11.07:209][957]LogModuleManager: Shutting down and abandoning module Documentation (384)
[2020.06.20-15.11.07:209][957]LogModuleManager: Shutting down and abandoning module MovieSceneTracks (382)
[2020.06.20-15.11.07:209][957]LogModuleManager: Shutting down and abandoning module MovieScene (380)
[2020.06.20-15.11.07:209][957]LogModuleManager: Shutting down and abandoning module StreamingPauseRendering (378)
[2020.06.20-15.11.07:209][957]LogModuleManager: Shutting down and abandoning module LauncherPlatform (376)
[2020.06.20-15.11.07:209][957]LogModuleManager: Shutting down and abandoning module AnalyticsET (374)
[2020.06.20-15.11.07:209][957]LogModuleManager: Shutting down and abandoning module PortalServices (372)
[2020.06.20-15.11.07:209][957]LogModuleManager: Shutting down and abandoning module PortalRpc (370)
[2020.06.20-15.11.07:209][957]LogModuleManager: Shutting down and abandoning module MessagingRpc (368)
[2020.06.20-15.11.07:209][957]LogModuleManager: Shutting down and abandoning module AIModule (366)
[2020.06.20-15.11.07:209][957]LogModuleManager: Shutting down and abandoning module GameplayDebugger (365)
[2020.06.20-15.11.07:209][957]LogModuleManager: Shutting down and abandoning module AITestSuite (363)
[2020.06.20-15.11.07:209][957]LogModuleManager: Shutting down and abandoning module DesktopPlatform (360)
[2020.06.20-15.11.07:209][957]LogModuleManager: Shutting down and abandoning module ProfilerService (358)
[2020.06.20-15.11.07:423][957]LogModuleManager: Shutting down and abandoning module TaskGraph (356)
[2020.06.20-15.11.07:423][957]LogModuleManager: Shutting down and abandoning module PythonEditor (354)
[2020.06.20-15.11.07:423][957]LogModuleManager: Shutting down and abandoning module UnrealEnginePython (352)
[2020.06.20-15.11.07:423][957]LogPython: Goodbye Python
[2020.06.20-15.11.07:444][957]LogModuleManager: Shutting down and abandoning module SteamVRController (350)
[2020.06.20-15.11.07:444][957]LogModuleManager: Shutting down and abandoning module ProceduralMeshComponentEditor (348)
[2020.06.20-15.11.07:444][957]LogModuleManager: Shutting down and abandoning module ProceduralMeshComponent (346)
[2020.06.20-15.11.07:444][957]LogModuleManager: Shutting down and abandoning module OculusInput (344)
[2020.06.20-15.11.07:444][957]LogModuleManager: Shutting down and abandoning module MobilePatchingUtils (342)
[2020.06.20-15.11.07:444][957]LogModuleManager: Shutting down and abandoning module CustomMeshComponent (340)
[2020.06.20-15.11.07:444][957]LogModuleManager: Shutting down and abandoning module CableComponent (338)
[2020.06.20-15.11.07:444][957]LogModuleManager: Shutting down and abandoning module ArchVisCharacter (336)
[2020.06.20-15.11.07:444][957]LogModuleManager: Shutting down and abandoning module AndroidPermission (334)
[2020.06.20-15.11.07:444][957]LogModuleManager: Shutting down and abandoning module ActorSequence (330)
[2020.06.20-15.11.07:444][957]LogModuleManager: Shutting down and abandoning module MediaPlayerEditor (328)
[2020.06.20-15.11.07:444][957]LogModuleManager: Shutting down and abandoning module MediaCompositingEditor (326)
[2020.06.20-15.11.07:444][957]LogModuleManager: Shutting down and abandoning module MediaCompositing (324)
[2020.06.20-15.11.07:444][957]LogModuleManager: Shutting down and abandoning module FMODStudioEditor (322)
[2020.06.20-15.11.07:444][957]LogModuleManager: Shutting down and abandoning module HTML5Networking (320)
[2020.06.20-15.11.07:444][957]LogModuleManager: Shutting down and abandoning module AlembicImporter (318)
[2020.06.20-15.11.07:444][957]LogModuleManager: Shutting down and abandoning module AlembicLibrary (317)
[2020.06.20-15.11.07:444][957]LogModuleManager: Shutting down and abandoning module GeometryCache (316)
[2020.06.20-15.11.07:444][957]LogModuleManager: Shutting down and abandoning module GeometryCacheEd (315)
[2020.06.20-15.11.07:444][957]LogModuleManager: Shutting down and abandoning module SpeedTreeImporter (310)
[2020.06.20-15.11.07:444][957]LogModuleManager: Shutting down and abandoning module PluginBrowser (308)
[2020.06.20-15.11.07:444][957]LogModuleManager: Shutting down and abandoning module MobileLauncherProfileWizard (306)
[2020.06.20-15.11.07:444][957]LogModuleManager: Shutting down and abandoning module VisualStudioSourceCodeAccess (304)
[2020.06.20-15.11.07:444][957]LogModuleManager: Shutting down and abandoning module VisualStudioCodeSourceCodeAccess (302)
[2020.06.20-15.11.07:444][957]LogModuleManager: Shutting down and abandoning module UObjectPlugin (300)
[2020.06.20-15.11.07:444][957]LogModuleManager: Shutting down and abandoning module SubversionSourceControl (298)
[2020.06.20-15.11.07:444][957]LogModuleManager: Shutting down and abandoning module PerforceSourceControl (296)
[2020.06.20-15.11.07:445][957]LogModuleManager: Shutting down and abandoning module GitSourceControl (294)
[2020.06.20-15.11.07:445][957]LogModuleManager: Shutting down and abandoning module SourceControl (293)
[2020.06.20-15.11.07:445][957]LogModuleManager: Shutting down and abandoning module LightPropagationVolumeEditor (290)
[2020.06.20-15.11.07:445][957]LogModuleManager: Shutting down and abandoning module PaperTiledImporter (288)
[2020.06.20-15.11.07:445][957]LogModuleManager: Shutting down and abandoning module PaperSpriteSheetImporter (286)
[2020.06.20-15.11.07:445][957]LogModuleManager: Shutting down and abandoning module Paper2DEditor (284)
[2020.06.20-15.11.07:445][957]LogModuleManager: Shutting down and abandoning module MeshPaint (283)
[2020.06.20-15.11.07:445][957]LogModuleManager: Shutting down and abandoning module LevelEditor (281)
[2020.06.20-15.11.07:446][957]LogModuleManager: Shutting down and abandoning module PixelInspectorModule (280)
[2020.06.20-15.11.07:446][957]LogModuleManager: Shutting down and abandoning module MainFrame (278)
[2020.06.20-15.11.07:446][957]LogModuleManager: Shutting down and abandoning module HotReload (277)
[2020.06.20-15.11.07:446][957]LogModuleManager: Shutting down and abandoning module PythonConsole (272)
[2020.06.20-15.11.07:446][957]LogModuleManager: Shutting down and abandoning module RuntimePhysXCooking (270)
[2020.06.20-15.11.07:446][957]LogModuleManager: Shutting down and abandoning module PhysXVehiclesEditor (268)
[2020.06.20-15.11.07:446][957]LogModuleManager: Shutting down and abandoning module PhysXVehicles (266)
[2020.06.20-15.11.07:446][957]LogModuleManager: Shutting down and abandoning module OculusEditor (264)
[2020.06.20-15.11.07:446][957]LogModuleManager: Shutting down and abandoning module LocationServicesBPLibrary (262)
[2020.06.20-15.11.07:446][957]LogModuleManager: Shutting down and abandoning module ImmediatePhysicsEditor (260)
[2020.06.20-15.11.07:446][957]LogModuleManager: Shutting down and abandoning module ImmediatePhysics (258)
[2020.06.20-15.11.07:446][957]LogModuleManager: Shutting down and abandoning module UdpMessaging (256)
[2020.06.20-15.11.07:547][957]LogModuleManager: Shutting down and abandoning module TcpMessaging (254)
[2020.06.20-15.11.07:648][957]LogModuleManager: Shutting down and abandoning module FMODStudio (252)
[2020.06.20-15.11.07:871][957]LogModuleManager: Shutting down and abandoning module GameplayTagsEditor (250)
[2020.06.20-15.11.07:871][957]LogModuleManager: Shutting down and abandoning module FacialAnimationEditor (248)
[2020.06.20-15.11.07:871][957]LogModuleManager: Shutting down and abandoning module FacialAnimation (246)
[2020.06.20-15.11.07:871][957]LogModuleManager: Shutting down and abandoning module AssetManagerEditor (244)
[2020.06.20-15.11.07:871][957]LogModuleManager: Shutting down and abandoning module GraphEditor (243)
[2020.06.20-15.11.07:871][957]LogModuleManager: Shutting down and abandoning module ContentBrowser (241)
[2020.06.20-15.11.07:872][957]LogModuleManager: Shutting down and abandoning module LightPropagationVolumeRuntime (238)
[2020.06.20-15.11.07:872][957]LogModuleManager: Shutting down and abandoning module Paper2D (236)
[2020.06.20-15.11.07:872][957]LogModuleManager: Shutting down and abandoning module WindowsMoviePlayer (234)
[2020.06.20-15.11.07:872][957]LogModuleManager: Shutting down and abandoning module WmfMedia (232)
[2020.06.20-15.11.07:873][957]LogModuleManager: Shutting down and abandoning module ImgMedia (230)
[2020.06.20-15.11.07:873][957]LogModuleManager: Shutting down and abandoning module PacketHandler (228)
[2020.06.20-15.11.07:873][957]LogModuleManager: Shutting down and abandoning module ClothingSystemEditor (226)
[2020.06.20-15.11.07:873][957]LogModuleManager: Shutting down and abandoning module ClothingSystemRuntime (224)
[2020.06.20-15.11.07:873][957]LogModuleManager: Shutting down and abandoning module MediaAssets (222)
[2020.06.20-15.11.07:873][957]LogModuleManager: Shutting down and abandoning module Media (221)
[2020.06.20-15.11.07:879][957]LogModuleManager: Shutting down and abandoning module Overlay (218)
[2020.06.20-15.11.07:879][957]LogModuleManager: Shutting down and abandoning module OverlayEditor (217)
[2020.06.20-15.11.07:879][957]LogModuleManager: Shutting down and abandoning module VREditor (214)
[2020.06.20-15.11.07:879][957]LogModuleManager: Shutting down and abandoning module StringTableEditor (212)
[2020.06.20-15.11.07:879][957]LogModuleManager: Shutting down and abandoning module GameplayTasksEditor (210)
[2020.06.20-15.11.07:879][957]LogModuleManager: Shutting down and abandoning module BehaviorTreeEditor (208)
[2020.06.20-15.11.07:879][957]LogModuleManager: Shutting down and abandoning module FunctionalTesting (206)
[2020.06.20-15.11.07:879][957]LogModuleManager: Shutting down and abandoning module CollisionAnalyzer (204)
[2020.06.20-15.11.07:879][957]LogModuleManager: Shutting down and abandoning module WorkspaceMenuStructure (203)
[2020.06.20-15.11.07:880][957]LogModuleManager: Shutting down and abandoning module UMG (200)
[2020.06.20-15.11.07:880][957]LogModuleManager: Shutting down and abandoning module UMGEditor (199)
[2020.06.20-15.11.07:880][957]LogModuleManager: Shutting down and abandoning module Sequencer (198)
[2020.06.20-15.11.07:880][957]LogModuleManager: Shutting down and abandoning module MessageLog (195)
[2020.06.20-15.11.07:880][957]LogModuleManager: Shutting down and abandoning module SlateReflector (190)
[2020.06.20-15.11.07:880][957]LogModuleManager: Shutting down and abandoning module Slate (188)
[2020.06.20-15.11.07:880][957]LogModuleManager: Shutting down and abandoning module EditorStyle (186)
[2020.06.20-15.11.07:881][957]LogModuleManager: Shutting down and abandoning module MRMesh (184)
[2020.06.20-15.11.07:881][957]LogModuleManager: Shutting down and abandoning module SourceCodeAccess (182)
[2020.06.20-15.11.07:881][957]LogModuleManager: Shutting down and abandoning module HeadMountedDisplay (180)
[2020.06.20-15.11.07:881][957]LogModuleManager: Shutting down and abandoning module XAudio2 (178)
[2020.06.20-15.11.07:881][957]LogModuleManager: Shutting down and abandoning module Networking (176)
[2020.06.20-15.11.07:881][957]LogModuleManager: Shutting down and abandoning module Core (172)
[2020.06.20-15.11.07:881][957]LogModuleManager: Shutting down and abandoning module LevelSequence (168)
[2020.06.20-15.11.07:881][957]LogModuleManager: Shutting down and abandoning module DirectoryWatcher (166)
[2020.06.20-15.11.07:882][957]LogModuleManager: Shutting down and abandoning module KismetCompiler (164)
[2020.06.20-15.11.07:882][957]LogModuleManager: Shutting down and abandoning module MeshUtilities (162)
[2020.06.20-15.11.07:882][957]LogModuleManager: Shutting down and abandoning module MeshMergeUtilities (161)
[2020.06.20-15.11.07:882][957]LogModuleManager: Shutting down and abandoning module MeshReductionInterface (160)
[2020.06.20-15.11.07:882][957]LogModuleManager: Shutting down and abandoning module SimplygonSwarm (159)
[2020.06.20-15.11.07:882][957]LogModuleManager: Shutting down and abandoning module SimplygonMeshReduction (157)
[2020.06.20-15.11.07:882][957]LogModuleManager: Shutting down and abandoning module QuadricMeshReduction (155)
[2020.06.20-15.11.07:882][957]LogModuleManager: Shutting down and abandoning module MaterialBaking (151)
[2020.06.20-15.11.07:882][957]LogModuleManager: Shutting down and abandoning module DerivedDataCache (148)
[2020.06.20-15.11.07:904][957]LogDerivedDataCache: Shutdown
[2020.06.20-15.11.07:904][957]LogModuleManager: Shutting down and abandoning module TargetPlatform (146)
[2020.06.20-15.11.07:904][957]LogModuleManager: Shutting down and abandoning module VulkanShaderFormat (145)
[2020.06.20-15.11.07:904][957]LogModuleManager: Shutting down and abandoning module ShaderFormatVectorVM (143)
[2020.06.20-15.11.07:904][957]LogModuleManager: Shutting down and abandoning module ShaderFormatOpenGL (141)
[2020.06.20-15.11.07:905][957]LogModuleManager: Shutting down and abandoning module ShaderFormatD3D (139)
[2020.06.20-15.11.07:905][957]LogModuleManager: Shutting down and abandoning module MetalShaderFormat (137)
[2020.06.20-15.11.07:905][957]LogModuleManager: Shutting down and abandoning module TextureFormatUncompressed (135)
[2020.06.20-15.11.07:905][957]LogModuleManager: Shutting down and abandoning module TextureFormatPVR (133)
[2020.06.20-15.11.07:905][957]LogModuleManager: Shutting down and abandoning module TextureFormatDXT (131)
[2020.06.20-15.11.07:905][957]LogModuleManager: Shutting down and abandoning module TextureFormatIntelISPCTexComp (129)
[2020.06.20-15.11.07:905][957]LogModuleManager: Shutting down and abandoning module TextureFormatASTC (127)
[2020.06.20-15.11.07:905][957]LogModuleManager: Shutting down and abandoning module ImageWrapper (126)
[2020.06.20-15.11.07:905][957]LogModuleManager: Shutting down and abandoning module TextureFormatAndroid (123)
[2020.06.20-15.11.07:905][957]LogModuleManager: Shutting down and abandoning module AudioFormatOpus (121)
[2020.06.20-15.11.07:905][957]LogModuleManager: Shutting down and abandoning module AudioFormatOgg (119)
[2020.06.20-15.11.07:905][957]LogModuleManager: Shutting down and abandoning module AudioFormatADPCM (117)
[2020.06.20-15.11.07:905][957]LogModuleManager: Shutting down and abandoning module LinuxTargetPlatform (115)
[2020.06.20-15.11.07:905][957]LogModuleManager: Shutting down and abandoning module LinuxServerTargetPlatform (113)
[2020.06.20-15.11.07:905][957]LogModuleManager: Shutting down and abandoning module LinuxNoEditorTargetPlatform (111)
[2020.06.20-15.11.07:905][957]LogModuleManager: Shutting down and abandoning module LinuxClientTargetPlatform (109)
[2020.06.20-15.11.07:905][957]LogModuleManager: Shutting down and abandoning module TVOSTargetPlatform (107)
[2020.06.20-15.11.07:905][957]LogModuleManager: Shutting down and abandoning module Messaging (105)
[2020.06.20-15.11.07:905][957]LogModuleManager: Shutting down and abandoning module IOSTargetPlatform (103)
[2020.06.20-15.11.07:905][957]LogModuleManager: Shutting down and abandoning module HTML5TargetPlatform (101)
[2020.06.20-15.11.07:905][957]LogModuleManager: Shutting down and abandoning module AndroidTargetPlatform (99)
[2020.06.20-15.11.07:905][957]LogModuleManager: Shutting down and abandoning module Android_PVRTCTargetPlatform (97)
[2020.06.20-15.11.07:905][957]LogModuleManager: Shutting down and abandoning module Android_MultiTargetPlatform (95)
[2020.06.20-15.11.07:905][957]LogModuleManager: Shutting down and abandoning module Android_ETC2TargetPlatform (93)
[2020.06.20-15.11.07:905][957]LogModuleManager: Shutting down and abandoning module Android_ETC1TargetPlatform (91)
[2020.06.20-15.11.07:905][957]LogModuleManager: Shutting down and abandoning module Android_DXTTargetPlatform (89)
[2020.06.20-15.11.07:905][957]LogModuleManager: Shutting down and abandoning module Android_ATCTargetPlatform (87)
[2020.06.20-15.11.07:905][957]LogModuleManager: Shutting down and abandoning module Android_ASTCTargetPlatform (85)
[2020.06.20-15.11.07:905][957]LogModuleManager: Shutting down and abandoning module WindowsTargetPlatform (83)
[2020.06.20-15.11.07:905][957]LogModuleManager: Shutting down and abandoning module WindowsServerTargetPlatform (81)
[2020.06.20-15.11.07:905][957]LogModuleManager: Shutting down and abandoning module WindowsNoEditorTargetPlatform (79)
[2020.06.20-15.11.07:905][957]LogModuleManager: Shutting down and abandoning module WindowsClientTargetPlatform (77)
[2020.06.20-15.11.07:905][957]LogModuleManager: Shutting down and abandoning module MacTargetPlatform (75)
[2020.06.20-15.11.07:905][957]LogModuleManager: Shutting down and abandoning module MacServerTargetPlatform (73)
[2020.06.20-15.11.07:905][957]LogModuleManager: Shutting down and abandoning module MacNoEditorTargetPlatform (71)
[2020.06.20-15.11.07:905][957]LogModuleManager: Shutting down and abandoning module MacClientTargetPlatform (69)
[2020.06.20-15.11.07:905][957]LogModuleManager: Shutting down and abandoning module AllDesktopTargetPlatform (67)
[2020.06.20-15.11.07:905][957]LogModuleManager: Shutting down and abandoning module InputCore (64)
[2020.06.20-15.11.07:906][957]LogModuleManager: Shutting down and abandoning module Settings (62)
[2020.06.20-15.11.07:906][957]LogModuleManager: Shutting down and abandoning module PhysXCooking (60)
[2020.06.20-15.11.07:906][957]LogModuleManager: Shutting down and abandoning module SteamVR (58)
[2020.06.20-15.11.07:906][957]LogModuleManager: Shutting down and abandoning module OculusHMD (56)
[2020.06.20-15.11.07:906][957]LogModuleManager: Shutting down and abandoning module ExampleDeviceProfileSelector (54)
[2020.06.20-15.11.07:906][957]LogModuleManager: Shutting down and abandoning module AppleARKit (52)
[2020.06.20-15.11.07:906][957]LogModuleManager: Shutting down and abandoning module AugmentedReality (51)
[2020.06.20-15.11.07:906][957]LogModuleManager: Shutting down and abandoning module OnlineBlueprintSupport (48)
[2020.06.20-15.11.07:906][957]LogModuleManager: Shutting down and abandoning module OnlineSubsystem (44)
[2020.06.20-15.11.07:906][957]LogModuleManager: Shutting down and abandoning module XMPP (43)
[2020.06.20-15.11.07:906][957]LogModuleManager: Shutting down and abandoning module HTTP (41)
[2020.06.20-15.11.07:906][957]LogHttp: Display: Http module shutting down, but needs to wait on 1 outstanding Http requests:
[2020.06.20-15.11.07:906][957]LogHttp: Display: 	verb=[POST] url=[https://datarouter.ol.epicgames.com/datarouter/api/v1/public/data?SessionID=%7B607C0E3F-41E8-0B84-C012-179BD7686B1E%7D&AppID=UEEditor.Rocket.Release&AppVersion=4.18.3-3832480%2B%2B%2BUE4%2BRelease-4.18&UserID=a63aaf7940df8aac408f4687c13a1b9f%7C78761d4d7dfc442c95b06415b6a08260%7Ca938bca2-861c-4cd8-a19e-4c46ccceef43&AppEnvironment=datacollector-binary&UploadType=eteventstream] status=Processing
[2020.06.20-15.11.07:930][957]LogModuleManager: Shutting down and abandoning module SSL (40)
[2020.06.20-15.11.07:931][957]LogModuleManager: Shutting down and abandoning module AnimationModifiers (36)
[2020.06.20-15.11.07:931][957]LogModuleManager: Shutting down and abandoning module PropertyEditor (35)
[2020.06.20-15.11.07:932][957]LogModuleManager: Shutting down and abandoning module AudioEditor (32)
[2020.06.20-15.11.07:932][957]LogModuleManager: Shutting down and abandoning module TextureCompressor (30)
[2020.06.20-15.11.07:932][957]LogModuleManager: Shutting down and abandoning module ShaderCore (28)
[2020.06.20-15.11.07:932][957]LogModuleManager: Shutting down and abandoning module Landscape (26)
[2020.06.20-15.11.07:932][957]LogModuleManager: Shutting down and abandoning module SlateRHIRenderer (24)
[2020.06.20-15.11.07:933][957]LogModuleManager: Shutting down and abandoning module OpenGLDrv (22)
[2020.06.20-15.11.07:933][957]LogModuleManager: Shutting down and abandoning module D3D11RHI (20)
[2020.06.20-15.11.07:933][957]LogModuleManager: Shutting down and abandoning module AnimGraphRuntime (18)
[2020.06.20-15.11.07:933][957]LogModuleManager: Shutting down and abandoning module Renderer (16)
[2020.06.20-15.11.07:933][957]LogModuleManager: Shutting down and abandoning module Engine (14)
[2020.06.20-15.11.07:933][957]LogModuleManager: Shutting down and abandoning module CoreUObject (12)
[2020.06.20-15.11.07:933][957]LogModuleManager: Shutting down and abandoning module NetworkFile (10)
[2020.06.20-15.11.07:933][957]LogModuleManager: Shutting down and abandoning module CookedIterativeFile (8)
[2020.06.20-15.11.07:933][957]LogModuleManager: Shutting down and abandoning module StreamingFile (6)
[2020.06.20-15.11.07:933][957]LogModuleManager: Shutting down and abandoning module SandboxFile (4)
[2020.06.20-15.11.07:933][957]LogModuleManager: Shutting down and abandoning module PakFile (2)
[2020.06.20-15.11.07:938][957]LogExit: Exiting.
[2020.06.20-15.11.07:939][957]Log file closed, 06/20/20 19:41:07
